2023-04-17 10:45:05,436 [INFO] Activator:176 - 


2023-04-17 10:45:05,446 [INFO] Activator:177 - !SESSION log4j initialized
2023-04-17 10:45:16,780 [INFO] LogOutputStream:77 - [STDOUT_REDIRECT] 
2023-04-17 10:45:35,203 [ERROR] LogOutputStream:75 - [STDERR_REDIRECT] SLF4J: Failed to load class "org.slf4j.impl.StaticLoggerBinder".
2023-04-17 10:45:35,204 [ERROR] LogOutputStream:75 - [STDERR_REDIRECT] SLF4J: Defaulting to no-operation (NOP) logger implementation
2023-04-17 10:45:35,207 [ERROR] LogOutputStream:75 - [STDERR_REDIRECT] SLF4J: See http://www.slf4j.org/codes.html#StaticLoggerBinder for further details.
2023-04-17 11:26:56,232 [INFO] ApplicationProperties:184 - Using Application install path: C:\ST\STM32CubeIDE_1.10.1\STM32CubeIDE\plugins\com.st.stm32cube.common.mx_6.8.0.202302231600
2023-04-17 11:26:56,270 [INFO] DbMcusXml:78 - Set database path to: C:\ST\STM32CubeIDE_1.10.1\STM32CubeIDE\plugins\com.st.stm32cube.common.mx_6.8.0.202302231600\\db\/mcu/
2023-04-17 11:26:56,271 [INFO] ApiDb:274 - Set plugin database path to: C:\ST\STM32CubeIDE_1.10.1\STM32CubeIDE\plugins\com.st.stm32cube.common.mx_6.8.0.202302231600\\db\/plugins/boardmanager/
2023-04-17 11:26:56,272 [WARN] ApiDb:259 - Overriding images path with different value:  => C:\ST\STM32CubeIDE_1.10.1\STM32CubeIDE\plugins\com.st.stm32cube.common.mx_6.8.0.202302231600\\db\/plugins/mcufinder/images/
2023-04-17 11:26:56,301 [INFO] ApiDb:250 - Set database path to: C:\Users\sahme\.stmcufinder\plugins\mcufinder//mcu/
2023-04-17 11:26:56,303 [INFO] DbMcusAds:125 - Set database path to: C:\Users\sahme\.stmcufinder\plugins\mcufinder//mcu/
2023-04-17 11:26:56,490 [INFO] CrossReferenceDbSqlite:203 - Set database path to: C:\Users\sahme\.stmcufinder\plugins\mcufinder//mcu/cs/
2023-04-17 11:26:56,651 [INFO] RulesReader:64 - Compatibility file has been processed (293 Rules)
2023-04-17 11:26:56,977 [INFO] DbMcusXml:78 - Set database path to: C:\ST\STM32CubeIDE_1.10.1\STM32CubeIDE\plugins\com.st.stm32cube.common.mx_6.8.0.202302231600\\db\/mcu/
2023-04-17 11:26:56,977 [INFO] ApiDb:274 - Set plugin database path to: C:\ST\STM32CubeIDE_1.10.1\STM32CubeIDE\plugins\com.st.stm32cube.common.mx_6.8.0.202302231600\\db\/plugins/boardmanager/
2023-04-17 11:26:56,977 [INFO] ApiDb:261 - Set plugin images path to: C:\ST\STM32CubeIDE_1.10.1\STM32CubeIDE\plugins\com.st.stm32cube.common.mx_6.8.0.202302231600\\db\/plugins/mcufinder/images/
2023-04-17 11:26:56,977 [WARN] DbFile:41 - Overriding database path with different value: C:\Users\sahme\.stmcufinder\plugins\mcufinder/ => C:\Users\sahme\.stmcufinder\plugins\mcufinder
2023-04-17 11:26:56,977 [INFO] ApiDb:250 - Set database path to: C:\Users\sahme\.stmcufinder\plugins\mcufinder//mcu/
2023-04-17 11:26:56,977 [WARN] DbFile:41 - Overriding database path with different value: C:\Users\sahme\.stmcufinder\plugins\mcufinder/ => C:\Users\sahme\.stmcufinder\plugins\mcufinder
2023-04-17 11:26:56,977 [INFO] DbMcusAds:125 - Set database path to: C:\Users\sahme\.stmcufinder\plugins\mcufinder//mcu/
2023-04-17 11:26:56,977 [WARN] DbFile:41 - Overriding database path with different value: C:\Users\sahme\.stmcufinder\plugins\mcufinder/ => C:\Users\sahme\.stmcufinder\plugins\mcufinder
2023-04-17 11:26:56,977 [WARN] DbFile:41 - Overriding database path with different value: C:\Users\sahme\.stmcufinder\plugins\mcufinder/ => C:\Users\sahme\.stmcufinder\plugins\mcufinder
2023-04-17 11:26:56,979 [INFO] CrossReferenceDbSqlite:203 - Set database path to: C:\Users\sahme\.stmcufinder\plugins\mcufinder//mcu/cs/
2023-04-17 11:26:57,384 [INFO] MainPanel:253 - HeapMemory: 599785472
2023-04-17 11:26:57,695 [INFO] DbMcusXml:78 - Set database path to: C:\ST\STM32CubeIDE_1.10.1\STM32CubeIDE\plugins\com.st.stm32cube.common.mx_6.8.0.202302231600\\db\/mcu/
2023-04-17 11:26:57,695 [INFO] ApiDb:274 - Set plugin database path to: C:\ST\STM32CubeIDE_1.10.1\STM32CubeIDE\plugins\com.st.stm32cube.common.mx_6.8.0.202302231600\\db\/plugins/boardmanager/
2023-04-17 11:26:57,695 [INFO] ApiDb:261 - Set plugin images path to: C:\ST\STM32CubeIDE_1.10.1\STM32CubeIDE\plugins\com.st.stm32cube.common.mx_6.8.0.202302231600\\db\/plugins/mcufinder/images/
2023-04-17 11:26:57,696 [WARN] DbFile:41 - Overriding database path with different value: C:\Users\sahme\.stmcufinder\plugins\mcufinder/ => C:\Users\sahme\.stmcufinder\plugins\mcufinder
2023-04-17 11:26:57,696 [INFO] ApiDb:250 - Set database path to: C:\Users\sahme\.stmcufinder\plugins\mcufinder//mcu/
2023-04-17 11:26:57,696 [WARN] DbFile:41 - Overriding database path with different value: C:\Users\sahme\.stmcufinder\plugins\mcufinder/ => C:\Users\sahme\.stmcufinder\plugins\mcufinder
2023-04-17 11:26:57,696 [INFO] DbMcusAds:125 - Set database path to: C:\Users\sahme\.stmcufinder\plugins\mcufinder//mcu/
2023-04-17 11:26:57,697 [WARN] DbFile:41 - Overriding database path with different value: C:\Users\sahme\.stmcufinder\plugins\mcufinder/ => C:\Users\sahme\.stmcufinder\plugins\mcufinder
2023-04-17 11:26:57,697 [WARN] DbFile:41 - Overriding database path with different value: C:\Users\sahme\.stmcufinder\plugins\mcufinder/ => C:\Users\sahme\.stmcufinder\plugins\mcufinder
2023-04-17 11:26:57,697 [INFO] CrossReferenceDbSqlite:203 - Set database path to: C:\Users\sahme\.stmcufinder\plugins\mcufinder//mcu/cs/
2023-04-17 11:26:57,728 [INFO] ApplicationProperties:184 - Using Application install path: C:\ST\STM32CubeIDE_1.10.1\STM32CubeIDE\plugins\com.st.stm32cube.common.mx_6.8.0.202302231600
2023-04-17 11:26:57,730 [INFO] PluginManage:196 - Search for loadable plugins [exclusion list=, ]
2023-04-17 11:26:57,733 [INFO] PluginManage:310 - Check plugin analytics
2023-04-17 11:26:57,976 [INFO] AnalyticsPlugin:253 - Accepted Software Licenses: 
2023-04-17 11:26:57,977 [INFO] AnalyticsPlugin:255 - Accepted CMSIS Pack Licenses: 
2023-04-17 11:26:57,977 [INFO] AnalyticsPlugin:257 - Accepted Firmware Licenses: 
2023-04-17 11:26:57,995 [INFO] PluginManage:359 - Loaded plugin analytics (category:tool,tabindex:-1)
2023-04-17 11:26:57,995 [INFO] PluginManage:310 - Check plugin cadmodel
2023-04-17 11:26:58,003 [INFO] CADModel:105 - Init CAD model plugin
2023-04-17 11:26:58,003 [INFO] PluginManage:359 - Loaded plugin cadmodel (category:power,tabindex:5)
2023-04-17 11:26:58,004 [INFO] PluginManage:310 - Check plugin clock
2023-04-17 11:26:58,021 [INFO] PluginManage:359 - Loaded plugin clock (category:base,tabindex:2)
2023-04-17 11:26:58,022 [INFO] PluginManage:310 - Check plugin ddr
2023-04-17 11:26:58,026 [INFO] PluginManage:359 - Loaded plugin ddr (category:tool,tabindex:6)
2023-04-17 11:26:58,026 [INFO] PluginManage:310 - Check plugin filemanager
2023-04-17 11:26:58,227 [INFO] PluginManage:359 - Loaded plugin filemanager (category:base,tabindex:10)
2023-04-17 11:26:58,227 [INFO] PluginManage:310 - Check plugin ipmanager
2023-04-17 11:26:58,239 [INFO] PluginManage:359 - Loaded plugin ipmanager (category:base,tabindex:5)
2023-04-17 11:26:58,240 [INFO] PluginManage:310 - Check plugin lpbam
2023-04-17 11:26:58,251 [INFO] PluginManage:359 - Loaded plugin lpbam (category:base,tabindex:0)
2023-04-17 11:26:58,252 [INFO] PluginManage:310 - Check plugin pinoutandconfiguration
2023-04-17 11:26:58,262 [INFO] PluginManage:359 - Loaded plugin pinoutandconfiguration (category:base,tabindex:1)
2023-04-17 11:26:58,262 [INFO] PluginManage:310 - Check plugin pinoutconfig
2023-04-17 11:26:58,407 [WARN] SupportedApi:132 - Cannot load RTOS API schema: s4s-elt-must-match.1: The content of 'definitions' must match (annotation?, (simpleType | complexType)?, (unique | key | keyref)*)). A problem was found starting at: attribute.
2023-04-17 11:26:58,619 [INFO] PluginManage:359 - Loaded plugin pinoutconfig (category:base,tabindex:0)
2023-04-17 11:26:58,620 [INFO] PluginManage:310 - Check plugin power
2023-04-17 11:26:58,642 [INFO] PluginManage:359 - Loaded plugin power (category:power,tabindex:4)
2023-04-17 11:26:58,642 [INFO] PluginManage:310 - Check plugin projectmanager
2023-04-17 11:26:58,672 [INFO] PluginManage:359 - Loaded plugin projectmanager (category:projectmanager,tabindex:3)
2023-04-17 11:26:58,673 [INFO] PluginManage:310 - Check plugin thirdparty
2023-04-17 11:26:58,863 [WARN] IntegrityCheckThread:84 - waiting for thirdparty lock release [integrity check]
2023-04-17 11:26:58,864 [INFO] PluginManage:359 - Loaded plugin thirdparty (category:base,tabindex:-1)
2023-04-17 11:26:58,864 [INFO] IntegrityCheckThread:86 - entering critical section [integrity check]
2023-04-17 11:26:58,864 [INFO] PluginManage:310 - Check plugin tools
2023-04-17 11:26:58,867 [INFO] ThirdPartyUpdaterWithRetryManager:70 - Updater plugin not ready yet. [1/15]
2023-04-17 11:26:58,869 [INFO] PluginManage:359 - Loaded plugin tools (category:base,tabindex:7)
2023-04-17 11:26:58,869 [INFO] PluginManage:310 - Check plugin tutovideos
2023-04-17 11:26:59,244 [INFO] PluginManage:359 - Loaded plugin tutovideos (category:base,tabindex:-1)
2023-04-17 11:26:59,245 [INFO] PluginManage:310 - Check plugin updater
2023-04-17 11:26:59,275 [INFO] PluginManage:359 - Loaded plugin updater (category:base,tabindex:12)
2023-04-17 11:26:59,276 [INFO] PluginManage:283 - PluginManage : Loaded plugins [15]
2023-04-17 11:26:59,689 [INFO] PinOutPanel:1499 - setPackage(No Configuration,No Configuration)
2023-04-17 11:26:59,848 [INFO] CADModel:165 - CPN selected for project level
2023-04-17 11:26:59,848 [INFO] CADModel:114 - Register for checkConnection events
2023-04-17 11:26:59,876 [INFO] IPUIPlugin:80 - create IPUIPlugin
2023-04-17 11:26:59,876 [INFO] PluginManager:220 - loadIPPluginJar : add adc
2023-04-17 11:26:59,881 [INFO] IPUIPlugin:80 - create IPUIPlugin
2023-04-17 11:26:59,882 [INFO] PluginManager:220 - loadIPPluginJar : add aes
2023-04-17 11:26:59,886 [INFO] IPUIPlugin:80 - create IPUIPlugin
2023-04-17 11:26:59,886 [INFO] PluginManager:220 - loadIPPluginJar : add can
2023-04-17 11:26:59,889 [INFO] IPUIPlugin:80 - create IPUIPlugin
2023-04-17 11:26:59,890 [INFO] PluginManager:220 - loadIPPluginJar : add comp
2023-04-17 11:26:59,894 [INFO] IPUIPlugin:80 - create IPUIPlugin
2023-04-17 11:26:59,894 [INFO] PluginManager:220 - loadIPPluginJar : add cryp
2023-04-17 11:26:59,898 [INFO] IPUIPlugin:80 - create IPUIPlugin
2023-04-17 11:26:59,898 [INFO] PluginManager:220 - loadIPPluginJar : add dfsdm
2023-04-17 11:26:59,908 [INFO] IPUIPlugin:80 - create IPUIPlugin
2023-04-17 11:26:59,909 [INFO] PluginManager:220 - loadIPPluginJar : add dma
2023-04-17 11:26:59,914 [INFO] IPUIPlugin:80 - create IPUIPlugin
2023-04-17 11:26:59,914 [INFO] PluginManager:220 - loadIPPluginJar : add dma3
2023-04-17 11:26:59,917 [INFO] IPUIPlugin:80 - create IPUIPlugin
2023-04-17 11:26:59,917 [INFO] PluginManager:220 - loadIPPluginJar : add fatfs
2023-04-17 11:26:59,926 [INFO] IPUIPlugin:80 - create IPUIPlugin
2023-04-17 11:26:59,926 [INFO] PluginManager:220 - loadIPPluginJar : add fmc
2023-04-17 11:26:59,936 [INFO] IPUIPlugin:80 - create IPUIPlugin
2023-04-17 11:26:59,936 [INFO] PluginManager:220 - loadIPPluginJar : add freertos
2023-04-17 11:26:59,939 [INFO] IPUIPlugin:80 - create IPUIPlugin
2023-04-17 11:26:59,939 [INFO] PluginManager:220 - loadIPPluginJar : add genericplugin
2023-04-17 11:26:59,943 [INFO] IPUIPlugin:80 - create IPUIPlugin
2023-04-17 11:26:59,943 [INFO] PluginManager:220 - loadIPPluginJar : add gfxmmu
2023-04-17 11:26:59,953 [INFO] IPUIPlugin:80 - create IPUIPlugin
2023-04-17 11:26:59,954 [INFO] PluginManager:220 - loadIPPluginJar : add gic
2023-04-17 11:26:59,961 [INFO] IPUIPlugin:80 - create IPUIPlugin
2023-04-17 11:26:59,961 [INFO] PluginManager:220 - loadIPPluginJar : add gpio
2023-04-17 11:26:59,966 [INFO] IPUIPlugin:80 - create IPUIPlugin
2023-04-17 11:26:59,967 [INFO] PluginManager:220 - loadIPPluginJar : add gtzc
2023-04-17 11:26:59,972 [INFO] IPUIPlugin:80 - create IPUIPlugin
2023-04-17 11:26:59,973 [INFO] PluginManager:220 - loadIPPluginJar : add hash
2023-04-17 11:26:59,977 [INFO] IPUIPlugin:80 - create IPUIPlugin
2023-04-17 11:26:59,977 [INFO] PluginManager:220 - loadIPPluginJar : add i2c
2023-04-17 11:26:59,981 [INFO] IPUIPlugin:80 - create IPUIPlugin
2023-04-17 11:26:59,981 [INFO] PluginManager:220 - loadIPPluginJar : add i2s
2023-04-17 11:26:59,987 [INFO] IPUIPlugin:80 - create IPUIPlugin
2023-04-17 11:26:59,987 [INFO] PluginManager:220 - loadIPPluginJar : add i3c
2023-04-17 11:26:59,992 [INFO] IPUIPlugin:80 - create IPUIPlugin
2023-04-17 11:26:59,992 [INFO] PluginManager:220 - loadIPPluginJar : add ipddr
2023-04-17 11:27:00,007 [INFO] IPUIPlugin:80 - create IPUIPlugin
2023-04-17 11:27:00,007 [INFO] PluginManager:220 - loadIPPluginJar : add linkedlist
2023-04-17 11:27:00,014 [INFO] IPUIPlugin:80 - create IPUIPlugin
2023-04-17 11:27:00,014 [INFO] PluginManager:220 - loadIPPluginJar : add lorawan
2023-04-17 11:27:00,017 [INFO] IPUIPlugin:80 - create IPUIPlugin
2023-04-17 11:27:00,018 [INFO] PluginManager:220 - loadIPPluginJar : add ltdc
2023-04-17 11:27:00,027 [INFO] IPUIPlugin:80 - create IPUIPlugin
2023-04-17 11:27:00,027 [INFO] PluginManager:220 - loadIPPluginJar : add mdma
2023-04-17 11:27:00,034 [INFO] IPUIPlugin:80 - create IPUIPlugin
2023-04-17 11:27:00,034 [INFO] PluginManager:220 - loadIPPluginJar : add nvic
2023-04-17 11:27:00,040 [INFO] IPUIPlugin:80 - create IPUIPlugin
2023-04-17 11:27:00,040 [INFO] PluginManager:220 - loadIPPluginJar : add opamp
2023-04-17 11:27:00,047 [INFO] IPUIPlugin:80 - create IPUIPlugin
2023-04-17 11:27:00,048 [INFO] PluginManager:220 - loadIPPluginJar : add openamp
2023-04-17 11:27:00,055 [INFO] IPUIPlugin:80 - create IPUIPlugin
2023-04-17 11:27:00,055 [INFO] PluginManager:220 - loadIPPluginJar : add pdm2pcm
2023-04-17 11:27:00,068 [INFO] IPUIPlugin:80 - create IPUIPlugin
2023-04-17 11:27:00,077 [INFO] PluginManager:220 - loadIPPluginJar : add plateformsettings
2023-04-17 11:27:00,080 [INFO] IPUIPlugin:80 - create IPUIPlugin
2023-04-17 11:27:00,080 [INFO] PluginManager:220 - loadIPPluginJar : add quadspi
2023-04-17 11:27:00,086 [INFO] IPUIPlugin:80 - create IPUIPlugin
2023-04-17 11:27:00,086 [INFO] PluginManager:220 - loadIPPluginJar : add resmgrutility
2023-04-17 11:27:00,090 [INFO] IPUIPlugin:80 - create IPUIPlugin
2023-04-17 11:27:00,091 [INFO] PluginManager:220 - loadIPPluginJar : add sai
2023-04-17 11:27:00,095 [INFO] IPUIPlugin:80 - create IPUIPlugin
2023-04-17 11:27:00,095 [INFO] PluginManager:220 - loadIPPluginJar : add spi
2023-04-17 11:27:00,104 [INFO] IPUIPlugin:80 - create IPUIPlugin
2023-04-17 11:27:00,104 [INFO] PluginManager:220 - loadIPPluginJar : add stm32_wpan
2023-04-17 11:27:00,107 [INFO] IPUIPlugin:80 - create IPUIPlugin
2023-04-17 11:27:00,107 [INFO] PluginManager:220 - loadIPPluginJar : add tim
2023-04-17 11:27:00,114 [INFO] IPUIPlugin:80 - create IPUIPlugin
2023-04-17 11:27:00,114 [INFO] PluginManager:220 - loadIPPluginJar : add touchsensing
2023-04-17 11:27:00,118 [INFO] IPUIPlugin:80 - create IPUIPlugin
2023-04-17 11:27:00,118 [INFO] PluginManager:220 - loadIPPluginJar : add tracer_emb
2023-04-17 11:27:00,121 [INFO] IPUIPlugin:80 - create IPUIPlugin
2023-04-17 11:27:00,121 [INFO] PluginManager:220 - loadIPPluginJar : add ts
2023-04-17 11:27:00,124 [INFO] IPUIPlugin:80 - create IPUIPlugin
2023-04-17 11:27:00,124 [INFO] PluginManager:220 - loadIPPluginJar : add tsc
2023-04-17 11:27:00,127 [INFO] IPUIPlugin:80 - create IPUIPlugin
2023-04-17 11:27:00,128 [INFO] PluginManager:220 - loadIPPluginJar : add ucpd
2023-04-17 11:27:00,132 [INFO] IPUIPlugin:80 - create IPUIPlugin
2023-04-17 11:27:00,132 [INFO] PluginManager:220 - loadIPPluginJar : add usart
2023-04-17 11:27:00,136 [INFO] IPUIPlugin:80 - create IPUIPlugin
2023-04-17 11:27:00,137 [INFO] PluginManager:220 - loadIPPluginJar : add usbx
2023-04-17 11:27:00,356 [INFO] CADModel:165 - CPN selected for project level
2023-04-17 11:27:00,356 [INFO] CADModel:114 - Register for checkConnection events
2023-04-17 11:27:00,357 [FATAL] Updater:308 - Updater called before beeing initialized
2023-04-17 11:27:00,357 [ERROR] CADModel:125 - Updater not yet initialized, retry later 
2023-04-17 11:27:00,623 [INFO] CADModel:165 - CPN selected for project level
2023-04-17 11:27:00,623 [INFO] CADModel:114 - Register for checkConnection events
2023-04-17 11:27:00,624 [FATAL] Updater:308 - Updater called before beeing initialized
2023-04-17 11:27:00,624 [ERROR] CADModel:125 - Updater not yet initialized, retry later 
2023-04-17 11:27:00,632 [FATAL] Updater:308 - Updater called before beeing initialized
2023-04-17 11:27:00,834 [FATAL] Updater:308 - Updater called before beeing initialized
2023-04-17 11:27:00,847 [INFO] DbMcusAds:53 - JSON generation date=Tue Mar 07 08:50:55 GMT 2023 (1678179055335)
2023-04-17 11:27:00,847 [FATAL] Updater:308 - Updater called before beeing initialized
2023-04-17 11:27:00,895 [WARN] DetailPanel:346 - Failed to get advertising image, set to default
2023-04-17 11:27:01,047 [FATAL] Updater:308 - Updater called before beeing initialized
2023-04-17 11:27:01,051 [FATAL] Updater:308 - Updater called before beeing initialized
2023-04-17 11:27:01,051 [FATAL] Updater:308 - Updater called before beeing initialized
2023-04-17 11:27:01,052 [WARN] DetailPanel:346 - Failed to get advertising image, set to default
2023-04-17 11:27:01,053 [FATAL] Updater:308 - Updater called before beeing initialized
2023-04-17 11:27:01,141 [ERROR] Updater:1120 - MainUpdater not yet initialized. External WinMGr cannot be set.
2023-04-17 11:27:01,144 [INFO] Updater:1056 - Updater Version found : 6.8.0
2023-04-17 11:27:01,169 [INFO] ApplicationProperties:184 - Using Application install path: C:\ST\STM32CubeIDE_1.10.1\STM32CubeIDE\plugins\com.st.stm32cube.common.mx_6.8.0.202302231600
2023-04-17 11:27:01,429 [INFO] MainUpdater:2854 - connection check result : 10
2023-04-17 11:27:01,430 [INFO] MainUpdater:283 - Updater Check For Update Now.
2023-04-17 11:27:01,431 [INFO] MicroXplorer:498 - Change Database Version : DB.6.0.80
2023-04-17 11:27:01,603 [INFO] CheckServerUpdateThread:120 - End of CheckServer Thread
2023-04-17 11:27:01,645 [INFO] MainUpdater:2854 - connection check result : 10
2023-04-17 11:27:01,648 [INFO] MainUpdater:2854 - connection check result : 10
2023-04-17 11:27:01,753 [INFO] MicroXplorer:468 - Change Database Path : 
2023-04-17 11:27:01,753 [INFO] MicroXplorer:498 - Change Database Version : DB.6.0.80
2023-04-17 11:27:01,755 [WARN] ThirdParty:871 - waiting for thirdparty lock release [close project]
2023-04-17 11:27:02,237 [WARN] PackLoader:240 - Cannot read IP mode file for STMicroelectronics.X-CUBE-GNSS1.6.0.0
2023-04-17 11:27:02,336 [WARN] PackLoader:240 - Cannot read IP mode file for STMicroelectronics.X-CUBE-AZRTOS-F4.1.1.0
2023-04-17 11:27:02,360 [WARN] PackLoader:240 - Cannot read IP mode file for STMicroelectronics.X-CUBE-SMBUS.2.1.0
2023-04-17 11:27:02,394 [WARN] PackLoader:240 - Cannot read IP mode file for STMicroelectronics.X-CUBE-AZRTOS-F7.1.1.0
2023-04-17 11:27:02,413 [WARN] PackLoader:240 - Cannot read IP mode file for STMicroelectronics.X-CUBE-BLE1.6.2.3
2023-04-17 11:27:02,422 [WARN] PackLoader:240 - Cannot read IP mode file for STMicroelectronics.X-CUBE-BLE1.6.2.4
2023-04-17 11:27:02,439 [WARN] PackLoader:240 - Cannot read IP mode file for STMicroelectronics.X-CUBE-BLEMGR.2.0.0
2023-04-17 11:27:02,453 [WARN] PackLoader:240 - Cannot read IP mode file for STMicroelectronics.X-CUBE-NFC4.2.0.4
2023-04-17 11:27:02,494 [WARN] ConditionMgr:438 - getConditionDescription Invalid condition id : UX DEVICE CLASS RTOS Condition cause : null
2023-04-17 11:27:02,495 [WARN] ConditionMgr:438 - getConditionDescription Invalid condition id : UX DEVICE CLASS RTOS Condition cause : null
2023-04-17 11:27:02,500 [WARN] PackLoader:240 - Cannot read IP mode file for STMicroelectronics.X-CUBE-AZRTOS-H7.3.1.0
2023-04-17 11:27:02,502 [WARN] ConditionMgr:1039 - genDependencies : Invalid condition id : UX DEVICE CLASS RTOS Condition cause : null
2023-04-17 11:27:02,503 [WARN] ConditionMgr:1039 - genDependencies : Invalid condition id : UX DEVICE CLASS RTOS Condition cause : null
2023-04-17 11:27:02,506 [WARN] ConditionMgr:1039 - genDependencies : Invalid condition id : UX DEVICE CLASS RTOS Condition cause : null
2023-04-17 11:27:02,507 [WARN] ConditionMgr:1039 - genDependencies : Invalid condition id : UX DEVICE CLASS RTOS Condition cause : null
2023-04-17 11:27:02,507 [WARN] ConditionMgr:1039 - genDependencies : Invalid condition id : UX DEVICE CLASS RTOS Condition cause : null
2023-04-17 11:27:02,527 [WARN] PackLoader:240 - Cannot read IP mode file for STMicroelectronics.X-CUBE-TOF1.3.1.0
2023-04-17 11:27:02,553 [WARN] PackLoader:240 - Cannot read IP mode file for STMicroelectronics.X-CUBE-DISPLAY.3.0.0
2023-04-17 11:27:02,578 [WARN] PackLoader:240 - Cannot read IP mode file for STMicroelectronics.X-CUBE-NFC7.1.0.0
2023-04-17 11:27:02,694 [WARN] PackLoader:240 - Cannot read IP mode file for STMicroelectronics.X-CUBE-MEMS1.9.3.0
2023-04-17 11:27:02,961 [WARN] PackLoader:240 - Cannot read IP mode file for STMicroelectronics.X-CUBE-EEPRMA1.4.1.0
2023-04-17 11:27:02,970 [WARN] PackLoader:240 - Cannot read IP mode file for STMicroelectronics.X-CUBE-AI.7.2.0
2023-04-17 11:27:02,983 [WARN] PackLoader:240 - Cannot read IP mode file for WES.I-CUBE-Cesium.1.3.0
2023-04-17 11:27:02,995 [WARN] PackLoader:240 - Cannot read IP mode file for STMicroelectronics.X-CUBE-SFXS2LP1.4.0.0
2023-04-17 11:27:03,004 [WARN] PackLoader:240 - Cannot read IP mode file for STMicroelectronics.X-CUBE-BLE2.3.3.0
2023-04-17 11:27:03,013 [WARN] PackLoader:240 - Cannot read IP mode file for STMicroelectronics.X-CUBE-DISPLAY.2.2.0
2023-04-17 11:27:03,032 [WARN] PackLoader:240 - Cannot read IP mode file for STMicroelectronics.X-CUBE-TOF1.3.2.0
2023-04-17 11:27:03,067 [WARN] PackLoader:240 - Cannot read IP mode file for STMicroelectronics.X-CUBE-AZRTOS-H7.3.0.0
2023-04-17 11:27:03,091 [WARN] PackLoader:240 - Cannot read IP mode file for STMicroelectronics.X-CUBE-ISPU.1.0.0
2023-04-17 11:27:03,097 [WARN] PackLoader:240 - Cannot read IP mode file for STMicroelectronics.X-CUBE-ISPU.1.1.0
2023-04-17 11:27:03,110 [WARN] PackLoader:240 - Cannot read IP mode file for RoweBots.I-CUBE-UNISONRTOS.5.5.0-4
2023-04-17 11:27:03,135 [WARN] PackLoader:240 - Cannot read IP mode file for STMicroelectronics.X-CUBE-AZRTOS-H7.2.1.0
2023-04-17 11:27:03,148 [WARN] PackLoader:240 - Cannot read IP mode file for wolfSSL.I-CUBE-wolfSSL.5.4.0
2023-04-17 11:27:03,156 [WARN] PackLoader:240 - Cannot read IP mode file for STMicroelectronics.X-CUBE-AI.8.0.0
2023-04-17 11:27:03,164 [WARN] PackLoader:240 - Cannot read IP mode file for STMicroelectronics.X-CUBE-FREERTOS.1.0.0
2023-04-17 11:27:03,173 [WARN] PackLoader:240 - Cannot read IP mode file for STMicroelectronics.X-CUBE-FREERTOS.1.0.1
2023-04-17 11:27:03,182 [WARN] PackLoader:240 - Cannot read IP mode file for STMicroelectronics.X-CUBE-TOUCHGFX.4.21.1
2023-04-17 11:27:03,186 [WARN] PackLoader:240 - Cannot read IP mode file for STMicroelectronics.X-CUBE-TOUCHGFX.4.21.3
2023-04-17 11:27:03,196 [WARN] PackLoader:240 - Cannot read IP mode file for STMicroelectronics.X-CUBE-BLEMGR.1.0.0
2023-04-17 11:27:03,266 [WARN] PackLoader:240 - Cannot read IP mode file for STMicroelectronics.X-CUBE-MEMS1.9.4.0
2023-04-17 11:27:03,434 [WARN] PackLoader:240 - Cannot read IP mode file for STMicroelectronics.X-CUBE-AI.7.3.0
2023-04-17 11:27:03,443 [WARN] PackLoader:240 - Cannot read IP mode file for STMicroelectronics.X-CUBE-ALGOBUILD.1.3.0
2023-04-17 11:27:03,469 [WARN] PackLoader:240 - Cannot read IP mode file for STMicroelectronics.X-CUBE-AZRTOS-L5.1.1.0
2023-04-17 11:27:03,501 [WARN] PackLoader:240 - Cannot read IP mode file for STMicroelectronics.X-CUBE-AZRTOS-G0.1.1.0
2023-04-17 11:27:03,521 [WARN] PackLoader:240 - Cannot read IP mode file for STMicroelectronics.X-CUBE-SUBG2.5.0.0
2023-04-17 11:27:03,537 [WARN] PackLoader:240 - Cannot read IP mode file for STMicroelectronics.X-CUBE-NFC4.3.0.0
2023-04-17 11:27:03,599 [WARN] PackLoader:240 - Cannot read IP mode file for SEGGER.I-CUBE-embOS.1.2.0
2023-04-17 11:27:03,647 [WARN] PackLoader:240 - Cannot read IP mode file for STMicroelectronics.X-CUBE-TOF1.3.3.0
2023-04-17 11:27:03,689 [WARN] PackLoader:240 - Cannot read IP mode file for STMicroelectronics.FP-ATR-ASTRA1.1.1.1
2023-04-17 11:27:03,701 [WARN] PackLoader:240 - Cannot read IP mode file for STMicroelectronics.X-CUBE-BLEMGR.1.3.0
2023-04-17 11:27:03,728 [WARN] PackLoader:240 - Cannot read IP mode file for STMicroelectronics.X-CUBE-AZRTOS-G4.1.0.0
2023-04-17 11:27:03,739 [WARN] PackLoader:240 - Cannot read IP mode file for STMicroelectronics.FP-ATR-SIGFOX1.3.2.0
2023-04-17 11:27:03,765 [WARN] PackLoader:240 - Cannot read IP mode file for STMicroelectronics.X-CUBE-AZRTOS-L4.1.0.0
2023-04-17 11:27:03,781 [WARN] PackLoader:240 - Cannot read IP mode file for emotas.I-CUBE-CANOPEN.1.1.2
2023-04-17 11:27:03,788 [WARN] PackLoader:240 - Cannot read IP mode file for STMicroelectronics.X-CUBE-TOUCHGFX.4.20.0
2023-04-17 11:27:03,812 [WARN] PackLoader:240 - Cannot read IP mode file for STMicroelectronics.X-CUBE-AZRTOS-WL.1.0.0
2023-04-17 11:27:03,822 [WARN] PackLoader:240 - Cannot read IP mode file for portGmbH.I-Cube-SoM-uGOAL.1.1.0
2023-04-17 11:27:03,828 [WARN] PackLoader:240 - Cannot read IP mode file for STMicroelectronics.X-CUBE-ALS.1.0.1
2023-04-17 11:27:03,884 [WARN] PackLoader:240 - Cannot read IP mode file for STMicroelectronics.X-CUBE-MEMS1.9.5.0
2023-04-17 11:27:04,197 [WARN] PackLoader:240 - Cannot read IP mode file for STMicroelectronics.X-CUBE-AZRTOS-WB.1.1.0
2023-04-17 11:27:04,263 [WARN] PackLoader:240 - Cannot read IP mode file for SEGGER.I-CUBE-embOS.1.3.1
2023-04-17 11:27:04,355 [WARN] PackLoader:240 - Cannot read IP mode file for STMicroelectronics.X-CUBE-AZRTOS-L5.1.0.0
2023-04-17 11:27:04,371 [WARN] PackLoader:240 - Cannot read IP mode file for STMicroelectronics.X-CUBE-EEPRMA1.3.1.1
2023-04-17 11:27:04,375 [WARN] PackLoader:240 - Cannot read IP mode file for STMicroelectronics.FP-ATR-ASTRA1.2.0.0
2023-04-17 11:27:04,377 [INFO] ThirdParty:978 - Integrity check success = true
2023-04-17 11:27:04,377 [INFO] IntegrityCheckThread:100 - exiting critical section [integrity check]
2023-04-17 11:27:04,378 [INFO] IntegrityCheckThread:103 - End integrity checks thread
2023-04-17 11:27:04,378 [INFO] ThirdParty:873 - entering critical section [close project]
2023-04-17 11:27:04,379 [INFO] ThirdParty:883 - exiting critical section [close project]
2023-04-17 11:27:04,385 [INFO] PinOutPanel:1499 - setPackage(No Configuration,No Configuration)
2023-04-17 11:27:04,394 [INFO] UtilMem:75 - Begin LoadConfig() Used Memory: 502451984 Bytes (599785472)
2023-04-17 11:27:04,397 [INFO] MicroXplorer:468 - Change Database Path : 
2023-04-17 11:27:04,397 [INFO] MicroXplorer:498 - Change Database Version : DB.6.0.80
2023-04-17 11:27:04,397 [INFO] OpenFileManager:308 - Change cursor
2023-04-17 11:27:04,471 [INFO] Mcu:1937 - Initializing MCU STM32L476R(C-E-G)Tx STM32L476RGTx STM32L476RGT3
2023-04-17 11:27:08,578 [INFO] Context:659 - Trying to add GPIOservice into a context  which must be forbidden
2023-04-17 11:27:09,783 [INFO] RtosManager:555 - Registered RTOS mode: class=CMSIS, group=RTOS, mode=CMSIS_V1, owner=FREERTOS
2023-04-17 11:27:09,784 [INFO] RtosManager:555 - Registered RTOS mode: class=CMSIS, group=RTOS2, mode=CMSIS_V2, owner=FREERTOS
2023-04-17 11:27:09,784 [INFO] RtosManager:555 - Registered RTOS mode: class=RTOS, group=Core, mode=CMSIS_V1, owner=FREERTOS
2023-04-17 11:27:09,784 [INFO] RtosManager:555 - Registered RTOS mode: class=RTOS, group=Core, mode=CMSIS_V2, owner=FREERTOS
2023-04-17 11:27:09,784 [WARN] ModelIntegratedComponent:184 - Missing modes for component STMicroelectronics:FreeRTOS:0.0.1:STMicroelectronics:RTOS:FreeRTOS:Core:::10.2.0:
2023-04-17 11:27:09,826 [WARN] ModelIntegratedComponent:63 - No mode defined for component null
2023-04-17 11:27:09,826 [WARN] ModelIntegratedComponent:63 - No mode defined for component null
2023-04-17 11:27:09,827 [WARN] ModelIntegratedComponent:63 - No mode defined for component null
2023-04-17 11:27:09,827 [WARN] ModelIntegratedComponent:63 - No mode defined for component null
2023-04-17 11:27:09,827 [WARN] ModelIntegratedComponent:63 - No mode defined for component null
2023-04-17 11:27:09,827 [WARN] ModelIntegratedComponent:63 - No mode defined for component null
2023-04-17 11:27:09,827 [WARN] ModelIntegratedComponent:63 - No mode defined for component null
2023-04-17 11:27:09,827 [WARN] ModelIntegratedComponent:63 - No mode defined for component null
2023-04-17 11:27:09,827 [WARN] ModelIntegratedComponent:63 - No mode defined for component null
2023-04-17 11:27:09,827 [WARN] ModelIntegratedComponent:63 - No mode defined for component null
2023-04-17 11:27:09,827 [WARN] ModelIntegratedComponent:63 - No mode defined for component null
2023-04-17 11:27:09,828 [WARN] ModelIntegratedComponent:63 - No mode defined for component null
2023-04-17 11:27:09,828 [WARN] ModelIntegratedComponent:63 - No mode defined for component null
2023-04-17 11:27:09,828 [WARN] ModelIntegratedComponent:63 - No mode defined for component null
2023-04-17 11:27:09,828 [WARN] ModelIntegratedComponent:63 - No mode defined for component null
2023-04-17 11:27:09,828 [WARN] ModelIntegratedComponent:63 - No mode defined for component null
2023-04-17 11:27:09,828 [WARN] ModelIntegratedComponent:63 - No mode defined for component null
2023-04-17 11:27:09,828 [WARN] ModelIntegratedComponent:63 - No mode defined for component null
2023-04-17 11:27:09,829 [WARN] ModelIntegratedComponent:63 - No mode defined for component null
2023-04-17 11:27:09,829 [WARN] ModelIntegratedComponent:63 - No mode defined for component null
2023-04-17 11:27:09,829 [WARN] ModelIntegratedComponent:63 - No mode defined for component null
2023-04-17 11:27:09,829 [WARN] ModelIntegratedComponent:63 - No mode defined for component null
2023-04-17 11:27:09,829 [WARN] ModelIntegratedComponent:63 - No mode defined for component null
2023-04-17 11:27:09,829 [WARN] ModelIntegratedComponent:63 - No mode defined for component null
2023-04-17 11:27:09,830 [WARN] ModelIntegratedComponent:63 - No mode defined for component null
2023-04-17 11:27:09,830 [WARN] ModelIntegratedComponent:63 - No mode defined for component null
2023-04-17 11:27:09,830 [WARN] ModelIntegratedComponent:63 - No mode defined for component null
2023-04-17 11:27:09,830 [WARN] ModelIntegratedComponent:63 - No mode defined for component null
2023-04-17 11:27:09,830 [WARN] ModelIntegratedComponent:63 - No mode defined for component null
2023-04-17 11:27:09,830 [WARN] ModelIntegratedComponent:63 - No mode defined for component null
2023-04-17 11:27:09,830 [WARN] ModelIntegratedComponent:63 - No mode defined for component null
2023-04-17 11:27:09,830 [WARN] ModelIntegratedComponent:63 - No mode defined for component null
2023-04-17 11:27:09,830 [WARN] ModelIntegratedComponent:63 - No mode defined for component null
2023-04-17 11:27:10,043 [INFO] ThirdPartyModel:298 - Start build external matchings
2023-04-17 11:27:10,983 [INFO] ThirdPartyModel:316 - End build external matchings
2023-04-17 11:27:11,022 [INFO] ImportTextPane:194 - (OptionalMessage_ERROR) IP (RCC) : Invalid parameter (FamilyName)
2023-04-17 11:27:11,030 [INFO] ImportTextPane:194 - (OptionalMessage_ERROR) IP (RCC) : Parameter (RNGFreq_Value) has invalid value (64000000)
2023-04-17 11:27:11,031 [INFO] ImportTextPane:194 - (OptionalMessage_ERROR) IP (RCC) : Parameter (SDMMCFreq_Value) has invalid value (64000000)
2023-04-17 11:27:11,031 [INFO] ImportTextPane:194 - (OptionalMessage_ERROR) IP (RCC) : Parameter (USBFreq_Value) has invalid value (64000000)
2023-04-17 11:27:11,648 [INFO] UtilMem:75 - End LoadConfig() Used Memory: 559646008 Bytes (705691648)
2023-04-17 11:27:11,851 [INFO] ApiDb:581 - Connected to CubeFinder SQLite database (C:\Users\sahme\.stmcufinder\plugins\mcufinder\mcu\cube-finder-db.db)
2023-04-17 11:27:11,986 [INFO] ApiDb:668 - CubeFinder database Data Model version=2.1
2023-04-17 11:27:11,986 [INFO] ApiDb:669 - CubeFinder database Configuration version=3.0.35
2023-04-17 11:27:11,986 [INFO] ApiDb:670 - CubeFinder database generation date=2023-03-10 (1678456172)
2023-04-17 11:27:11,986 [INFO] ApiDb:671 - CubeFinder database FW Pack versions=[FP-ATR-ASTRA1_V1.1.1, STM32Cube_FW_C0_V1.0.1, STM32Cube_FW_F0_V1.11.4, STM32Cube_FW_F3_V1.11.4, STM32Cube_FW_F4_V1.27.1, STM32Cube_FW_F7_V1.17.0, STM32Cube_FW_G0_V1.6.1, STM32Cube_FW_G4_V1.5.1, STM32Cube_FW_H5_V0.5.1, STM32Cube_FW_H5_V1.0.0, STM32Cube_FW_H7_V1.11.0, STM32Cube_FW_L0_V1.12.2, STM32Cube_FW_L5_V1.5.0, STM32Cube_FW_U5_V1.2.0, STM32Cube_FW_WBA_V1.0.0, STM32Cube_FW_WBA_V1.0.0RC1, STM32Cube_FW_WBA_V1.0.0RC3, STM32Cube_FW_WB_V1.15.0RC1, STM32Cube_FW_WB_V1.16.0, STM32Cube_FW_WB_V1.16.0RC2, STM32Cube_FW_WL_V1.3.0, X-CUBE-ALGOBUILD_V1.3.0, X-CUBE-ALS_V1.0.1, X-CUBE-AZRTOS-F4_V1.1.0, X-CUBE-AZRTOS-F7_V1.1.0, X-CUBE-AZRTOS-G0_V1.1.0, X-CUBE-AZRTOS-G4_V1.0.0, X-CUBE-AZRTOS-H7_V3.0.0, X-CUBE-AZRTOS-L4_V1.0.0, X-CUBE-AZRTOS-L5_V1.1.0, X-CUBE-AZRTOS-WB_V1.1.0, X-CUBE-AZRTOS-WL_V1.0.0, X-CUBE-BLE1_V6.2.4, X-CUBE-BLE2_V3.3.0, X-CUBE-BLEMGR_V1.3.0, X-CUBE-EEPRMA1_V4.1.0, X-CUBE-GNSS1_V6.0.0, X-CUBE-MEMS1_V9.1.0, X-CUBE-MEMS1_V9.4.0, X-CUBE-MEMS1_V9.5.0, X-CUBE-NFC4_V3.0.0, X-CUBE-NFC7_V1.0.0, X-CUBE-SFXS2LP1_V4.0.0, X-CUBE-SUBG2_V5.0.0]
2023-04-17 11:27:14,985 [INFO] ApiDb:240 - Found 297 in-development CPN: [B-G473E-ZEST1S, B-WB1M-WPAN1, B-WL5M-SUBG1, NUCLEO-C031C6, NUCLEO-H503RB, NUCLEO-H563ZI, NUCLEO-U545RE-Q, NUCLEO-U5A5ZJ-Q, NUCLEO-WBA52CG, STEVAL-PROTEUS1, STEVAL-STWINBX1, STM320518-EVAL, STM32C0116-DK, STM32C011D6Y3TR, STM32C011D6Y6TR, STM32C011F4P3, STM32C011F4P6, STM32C011F4U3, STM32C011F4U6TR, STM32C011F6P3, STM32C011F6P6, STM32C011F6U3, STM32C011F6U6TR, STM32C011J4M3, STM32C011J4M6, STM32C011J6M3, STM32C011J6M6, STM32C0316-DK, STM32C031C4T3, STM32C031C4T6, STM32C031C4U3, STM32C031C4U6, STM32C031C6T3, STM32C031C6T6, STM32C031C6U3, STM32C031C6U6, STM32C031F4P3, STM32C031F4P6, STM32C031F6P3, STM32C031F6P6, STM32C031G4U3, STM32C031G4U6, STM32C031G6U3, STM32C031G6U6, STM32C031K4T3, STM32C031K4T6, STM32C031K4U3, STM32C031K4U6, STM32C031K6T3, STM32C031K6T6, STM32C031K6U3, STM32C031K6U6, STM32G071K8TXN, STM32G071K8UXN, STM32G081GBU6N, STM32G081KBT6N, STM32G081KBUXN, STM32G0B1CCT6N, STM32G0B1KCT6, STM32G0B1NEY6TR, STM32G0B1RCT6N, STM32G0C1CCT6, STM32G0C1CCT6N, STM32G0C1CCU6N, STM32G0C1CET6N, STM32G0C1CEU6N, STM32G0C1KCT6, STM32G0C1NEY6TR, STM32G0C1RCI6N, STM32G0C1RCT6N, STM32G0C1REI6N, STM32G0C1RET6N, STM32G0C1VCI6, STM32G0C1VEI6, STM32G471CCT6, STM32G471CCU6, STM32G471CET3, STM32G471CET6, STM32G471CEU3, STM32G471CEU6, STM32G471MCT6, STM32G471MET3, STM32G471MET6, STM32G471MEY6TR, STM32G471QCT6, STM32G471QET3, STM32G471RCT6, STM32G471RET3, STM32G471RET6, STM32G471VCH6, STM32G471VCI6, STM32G471VCT6, STM32G471VEH3, STM32G471VEH6, STM32G471VEI3, STM32G471VEI6, STM32G471VET3, STM32G471VET6, STM32G474CCT6, STM32H503CBT6, STM32H503CBU6, STM32H503EBY6TR, STM32H503KBU6, STM32H503RBT6, STM32H562AGI6, STM32H562AII6, STM32H562IGK6, STM32H562IGT6, STM32H562IIK6, STM32H562IIT6, STM32H562RGT6, STM32H562RGV6, STM32H562RIT6, STM32H562RIV6, STM32H562VGT6, STM32H562VIT6, STM32H562ZGT6, STM32H562ZIT6, STM32H563AGI6, STM32H563AII3Q, STM32H563AII6, STM32H563IGK6, STM32H563IGT6, STM32H563IIK3Q, STM32H563IIK6, STM32H563IIT3Q, STM32H563IIT6, STM32H563MIY3QTR, STM32H563RGT6, STM32H563RGV6, STM32H563RIT6, STM32H563RIV6, STM32H563VGT6, STM32H563VIT3Q, STM32H563VIT6, STM32H563ZGT6, STM32H563ZIT3Q, STM32H563ZIT6, STM32H573AII3Q, STM32H573AII6, STM32H573I-DK, STM32H573IIK3Q, STM32H573IIK6, STM32H573IIT3Q, STM32H573IIT6, STM32H573MIY3QTR, STM32H573RIT6, STM32H573RIV6, STM32H573VIT3Q, STM32H573VIT6, STM32H573ZIT3Q, STM32H573ZIT6, STM32L4R5QGI6STR, STM32MP131AAE3, STM32MP131AAF3, STM32MP131AAG3, STM32MP131CAE3, STM32MP131CAF3, STM32MP131CAG3, STM32MP131DAE7, STM32MP131DAF7, STM32MP131DAG7, STM32MP131FAE7, STM32MP131FAF7, STM32MP131FAG7, STM32MP133AAE3, STM32MP133AAF3, STM32MP133AAG3, STM32MP133CAE3, STM32MP133CAF3, STM32MP133CAG3, STM32MP133DAE7, STM32MP133DAF7, STM32MP133DAG7, STM32MP133FAE7, STM32MP133FAF7, STM32MP133FAG7, STM32MP135AAE3, STM32MP135AAF3, STM32MP135AAG3, STM32MP135CAE3, STM32MP135CAF3, STM32MP135CAG3, STM32MP135DAE7, STM32MP135DAF7, STM32MP135DAG7, STM32MP135F-DK, STM32MP135FAE7, STM32MP135FAF7, STM32MP135FAF7T, STM32MP135FAF7U, STM32MP135FAG7, STM32U535CBT6, STM32U535CBT6Q, STM32U535CBU6, STM32U535CBU6Q, STM32U535CCT6, STM32U535CCT6Q, STM32U535CCU6, STM32U535CCU6Q, STM32U535CET6, STM32U535CET6Q, STM32U535CEU6, STM32U535CEU6Q, STM32U535JEY6QTR, STM32U535NCY6QTR, STM32U535NEY6QTR, STM32U535RBI6, STM32U535RBI6Q, STM32U535RBT6, STM32U535RBT6Q, STM32U535RCI6, STM32U535RCI6Q, STM32U535RCT6, STM32U535RCT6Q, STM32U535REI6, STM32U535REI6Q, STM32U535RET6, STM32U535RET6Q, STM32U535VCI6, STM32U535VCI6Q, STM32U535VCT6, STM32U535VCT6Q, STM32U535VEI6, STM32U535VEI6Q, STM32U535VET6, STM32U535VET6Q, STM32U545CET6, STM32U545CET6Q, STM32U545CEU6, STM32U545CEU6Q, STM32U545JEY6QTR, STM32U545NEY6QTR, STM32U545REI6, STM32U545REI6Q, STM32U545RET6, STM32U545RET6Q, STM32U545VEI6, STM32U545VEI6Q, STM32U545VET6, STM32U545VET6Q, STM32U595AIH6, STM32U595AIH6Q, STM32U595AJH6, STM32U595AJH6Q, STM32U595QII6, STM32U595QII6Q, STM32U595QJI6, STM32U595QJI6Q, STM32U595RIT6, STM32U595RIT6Q, STM32U595RJT6, STM32U595RJT6Q, STM32U595VIT6, STM32U595VIT6Q, STM32U595VJT6, STM32U595VJT6Q, STM32U595ZIT6, STM32U595ZIT6Q, STM32U595ZIY6QTR, STM32U595ZJT6, STM32U595ZJT6Q, STM32U595ZJY6QTR, STM32U599BJY6QTR, STM32U599NIH6Q, STM32U599NJH6Q, STM32U599VIT6Q, STM32U599VJT6, STM32U599VJT6Q, STM32U599ZIT6Q, STM32U599ZIY6QTR, STM32U599ZJT6Q, STM32U599ZJY6QTR, STM32U5A5AJH6, STM32U5A5AJH6Q, STM32U5A5QJI6, STM32U5A5QJI6Q, STM32U5A5RJT6, STM32U5A5RJT6Q, STM32U5A5VJT6, STM32U5A5VJT6Q, STM32U5A5ZJT6, STM32U5A5ZJT6Q, STM32U5A5ZJY6QTR, STM32U5A9BJY6QTR, STM32U5A9J-DK, STM32U5A9NJH6Q, STM32U5A9VJT6Q, STM32U5A9ZJT6Q, STM32U5A9ZJY6QTR, STM32WB1MMCH6, STM32WBA52CEU6, STM32WBA52CEU6T, STM32WBA52CGU6, STM32WBA52CGU6T, STM32WL5MOCH6, STM32WL5MOCH6TR]
2023-04-17 11:27:14,991 [INFO] DbMcus:216 - Found 3775 MCUs, 3775 are supported
2023-04-17 11:27:14,995 [INFO] ApiDb:423 - Load user favorites file C:\Users\sahme/.stm32cubeide/favorites.mcus.txt: 0 item(s)
2023-04-17 11:27:14,995 [INFO] ApiDb:427 - User favorites MCUs=[]
2023-04-17 11:27:14,996 [INFO] DbMcus:222 - Set 0 / 0 favorites MCUs
2023-04-17 11:27:15,417 [WARN] ThirdParty:833 - waiting for thirdparty lock release [change project]
2023-04-17 11:27:15,417 [INFO] ThirdParty:835 - entering critical section [change project]
2023-04-17 11:27:15,417 [INFO] ThirdParty:1030 - CMSIS Pack Vendor :STMicroelectronics X-CUBE-ISPU 1.1.0
2023-04-17 11:27:15,418 [INFO] ThirdParty:1030 - CMSIS Pack Vendor :RoweBots I-CUBE-UNISONRTOS 5.5.0-4
2023-04-17 11:27:15,418 [INFO] ThirdParty:1030 - CMSIS Pack Vendor :STMicroelectronics X-CUBE-GNSS1 6.0.0
2023-04-17 11:27:15,418 [INFO] ThirdParty:1030 - CMSIS Pack Vendor :STMicroelectronics X-CUBE-AZRTOS-H7 2.1.0
2023-04-17 11:27:15,418 [INFO] ThirdParty:1030 - CMSIS Pack Vendor :STMicroelectronics USB_HOST 2.0.0
2023-04-17 11:27:15,418 [INFO] ThirdParty:1030 - CMSIS Pack Vendor :STMicroelectronics X-CUBE-AZRTOS-F4 1.1.0
2023-04-17 11:27:15,418 [INFO] ThirdParty:1030 - CMSIS Pack Vendor :STMicroelectronics LIBJPEG 8.0.0
2023-04-17 11:27:15,418 [INFO] ThirdParty:1030 - CMSIS Pack Vendor :wolfSSL I-CUBE-wolfSSL 5.4.0
2023-04-17 11:27:15,418 [INFO] ThirdParty:1030 - CMSIS Pack Vendor :STMicroelectronics X-CUBE-SMBUS 2.1.0
2023-04-17 11:27:15,418 [INFO] ThirdParty:1030 - CMSIS Pack Vendor :STMicroelectronics USB_DEVICE 3.0.0
2023-04-17 11:27:15,418 [INFO] ThirdParty:1030 - CMSIS Pack Vendor :STMicroelectronics X-CUBE-AI 8.0.0
2023-04-17 11:27:15,418 [INFO] ThirdParty:1030 - CMSIS Pack Vendor :STMicroelectronics X-CUBE-FREERTOS 1.0.0
2023-04-17 11:27:15,419 [INFO] ThirdParty:1030 - CMSIS Pack Vendor :STMicroelectronics X-CUBE-FREERTOS 1.0.1
2023-04-17 11:27:15,419 [INFO] ThirdParty:1030 - CMSIS Pack Vendor :STMicroelectronics X-CUBE-TOUCHGFX 4.21.1
2023-04-17 11:27:15,419 [INFO] ThirdParty:1030 - CMSIS Pack Vendor :STMicroelectronics X-CUBE-TOUCHGFX 4.21.3
2023-04-17 11:27:15,419 [INFO] ThirdParty:1030 - CMSIS Pack Vendor :STMicroelectronics X-CUBE-BLEMGR 1.0.0
2023-04-17 11:27:15,419 [INFO] ThirdParty:1030 - CMSIS Pack Vendor :STMicroelectronics X-CUBE-AZRTOS-F7 1.1.0
2023-04-17 11:27:15,419 [INFO] ThirdParty:1030 - CMSIS Pack Vendor :STMicroelectronics X-CUBE-MEMS1 9.4.0
2023-04-17 11:27:15,419 [INFO] ThirdParty:1030 - CMSIS Pack Vendor :STMicroelectronics USB_DEVICE 2.0.0
2023-04-17 11:27:15,419 [INFO] ThirdParty:1030 - CMSIS Pack Vendor :STMicroelectronics X-CUBE-AI 7.3.0
2023-04-17 11:27:15,419 [INFO] ThirdParty:1030 - CMSIS Pack Vendor :STMicroelectronics X-CUBE-BLE1 6.2.3
2023-04-17 11:27:15,419 [INFO] ThirdParty:1030 - CMSIS Pack Vendor :STMicroelectronics X-CUBE-ALGOBUILD 1.3.0
2023-04-17 11:27:15,419 [INFO] ThirdParty:1030 - CMSIS Pack Vendor :STMicroelectronics X-CUBE-BLE1 6.2.4
2023-04-17 11:27:15,419 [INFO] ThirdParty:1030 - CMSIS Pack Vendor :STMicroelectronics X-CUBE-AZRTOS-L5 1.1.0
2023-04-17 11:27:15,419 [INFO] ThirdParty:1030 - CMSIS Pack Vendor :STMicroelectronics FreeRTOS 0.0.1
2023-04-17 11:27:15,419 [INFO] ThirdParty:1030 - CMSIS Pack Vendor :STMicroelectronics X-CUBE-AZRTOS-G0 1.1.0
2023-04-17 11:27:15,419 [INFO] ThirdParty:1030 - CMSIS Pack Vendor :STMicroelectronics X-CUBE-BLEMGR 2.0.0
2023-04-17 11:27:15,419 [INFO] ThirdParty:1030 - CMSIS Pack Vendor :STMicroelectronics X-CUBE-SUBG2 5.0.0
2023-04-17 11:27:15,419 [INFO] ThirdParty:1030 - CMSIS Pack Vendor :STMicroelectronics X-CUBE-NFC4 3.0.0
2023-04-17 11:27:15,420 [INFO] ThirdParty:1030 - CMSIS Pack Vendor :SEGGER I-CUBE-embOS 1.2.0
2023-04-17 11:27:15,420 [INFO] ThirdParty:1030 - CMSIS Pack Vendor :STMicroelectronics STM32_WPAN 1.0.0
2023-04-17 11:27:15,420 [INFO] ThirdParty:1030 - CMSIS Pack Vendor :STMicroelectronics lwIP 2.0.3
2023-04-17 11:27:15,420 [INFO] ThirdParty:1030 - CMSIS Pack Vendor :STMicroelectronics X-CUBE-NFC4 2.0.4
2023-04-17 11:27:15,420 [INFO] ThirdParty:1030 - CMSIS Pack Vendor :STMicroelectronics USB_HOST 1.0.0
2023-04-17 11:27:15,420 [INFO] ThirdParty:1030 - CMSIS Pack Vendor :STMicroelectronics PDM2PCM 3.1.0
2023-04-17 11:27:15,420 [INFO] ThirdParty:1030 - CMSIS Pack Vendor :STMicroelectronics X-CUBE-AZRTOS-H7 3.1.0
2023-04-17 11:27:15,420 [INFO] ThirdParty:1030 - CMSIS Pack Vendor :STMicroelectronics X-CUBE-TOF1 3.3.0
2023-04-17 11:27:15,420 [INFO] ThirdParty:1030 - CMSIS Pack Vendor :STMicroelectronics FP-ATR-ASTRA1 1.1.1
2023-04-17 11:27:15,420 [INFO] ThirdParty:1030 - CMSIS Pack Vendor :STMicroelectronics PDM2PCM 3.3.0
2023-04-17 11:27:15,421 [INFO] ThirdParty:1030 - CMSIS Pack Vendor :STMicroelectronics X-CUBE-TOF1 3.1.0
2023-04-17 11:27:15,421 [INFO] ThirdParty:1030 - CMSIS Pack Vendor :STMicroelectronics X-CUBE-DISPLAY 3.0.0
2023-04-17 11:27:15,421 [INFO] ThirdParty:1030 - CMSIS Pack Vendor :STMicroelectronics X-CUBE-BLEMGR 1.3.0
2023-04-17 11:27:15,421 [INFO] ThirdParty:1030 - CMSIS Pack Vendor :STMicroelectronics X-CUBE-AZRTOS-G4 1.0.0
2023-04-17 11:27:15,421 [INFO] ThirdParty:1030 - CMSIS Pack Vendor :STMicroelectronics FP-ATR-SIGFOX1 3.2.0
2023-04-17 11:27:15,421 [INFO] ThirdParty:1030 - CMSIS Pack Vendor :STMicroelectronics X-CUBE-AZRTOS-L4 1.0.0
2023-04-17 11:27:15,421 [INFO] ThirdParty:1030 - CMSIS Pack Vendor :STMicroelectronics HAL Drivers 0.0.0
2023-04-17 11:27:15,421 [INFO] ThirdParty:1030 - CMSIS Pack Vendor :STMicroelectronics MBEDTLS 2.16.2
2023-04-17 11:27:15,421 [INFO] ThirdParty:1030 - CMSIS Pack Vendor :emotas I-CUBE-CANOPEN 1.1.2
2023-04-17 11:27:15,421 [INFO] ThirdParty:1030 - CMSIS Pack Vendor :STMicroelectronics X-CUBE-TOUCHGFX 4.20.0
2023-04-17 11:27:15,421 [INFO] ThirdParty:1030 - CMSIS Pack Vendor :STMicroelectronics MBEDTLS 2.14.1
2023-04-17 11:27:15,421 [INFO] ThirdParty:1030 - CMSIS Pack Vendor :STMicroelectronics X-CUBE-NFC7 1.0.0
2023-04-17 11:27:15,421 [INFO] ThirdParty:1030 - CMSIS Pack Vendor :STMicroelectronics X-CUBE-AZRTOS-WL 1.0.0
2023-04-17 11:27:15,421 [INFO] ThirdParty:1030 - CMSIS Pack Vendor :STMicroelectronics X-CUBE-MEMS1 9.3.0
2023-04-17 11:27:15,421 [INFO] ThirdParty:1030 - CMSIS Pack Vendor :STMicroelectronics X-CUBE-EEPRMA1 4.1.0
2023-04-17 11:27:15,421 [INFO] ThirdParty:1030 - CMSIS Pack Vendor :portGmbH I-Cube-SoM-uGOAL 1.1.0
2023-04-17 11:27:15,424 [INFO] ThirdParty:1030 - CMSIS Pack Vendor :STMicroelectronics X-CUBE-ALS 1.0.1
2023-04-17 11:27:15,424 [INFO] ThirdParty:1030 - CMSIS Pack Vendor :STMicroelectronics X-CUBE-AI 7.2.0
2023-04-17 11:27:15,424 [INFO] ThirdParty:1030 - CMSIS Pack Vendor :STMicroelectronics X-CUBE-MEMS1 9.5.0
2023-04-17 11:27:15,424 [INFO] ThirdParty:1030 - CMSIS Pack Vendor :STMicroelectronics ThreadX 1.0.0
2023-04-17 11:27:15,425 [INFO] ThirdParty:1030 - CMSIS Pack Vendor :STMicroelectronics X-CUBE-AZRTOS-WB 1.1.0
2023-04-17 11:27:15,425 [INFO] ThirdParty:1030 - CMSIS Pack Vendor :SEGGER I-CUBE-embOS 1.3.1
2023-04-17 11:27:15,425 [INFO] ThirdParty:1030 - CMSIS Pack Vendor :STMicroelectronics X-CUBE-AZRTOS-L5 1.0.0
2023-04-17 11:27:15,425 [INFO] ThirdParty:1030 - CMSIS Pack Vendor :STMicroelectronics USB_DEVICE 1.0.0
2023-04-17 11:27:15,425 [INFO] ThirdParty:1030 - CMSIS Pack Vendor :STMicroelectronics X-CUBE-EEPRMA1 3.1.1
2023-04-17 11:27:15,425 [INFO] ThirdParty:1030 - CMSIS Pack Vendor :STMicroelectronics ThreadX 0.0.2
2023-04-17 11:27:15,425 [INFO] ThirdParty:1030 - CMSIS Pack Vendor :WES I-CUBE-Cesium 1.3.0
2023-04-17 11:27:15,425 [INFO] ThirdParty:1030 - CMSIS Pack Vendor :STMicroelectronics FP-ATR-ASTRA1 2.0.0
2023-04-17 11:27:15,425 [INFO] ThirdParty:1030 - CMSIS Pack Vendor :STMicroelectronics lwIP 2.1.2
2023-04-17 11:27:15,425 [INFO] ThirdParty:1030 - CMSIS Pack Vendor :STMicroelectronics X-CUBE-SFXS2LP1 4.0.0
2023-04-17 11:27:15,425 [INFO] ThirdParty:1030 - CMSIS Pack Vendor :STMicroelectronics X-CUBE-BLE2 3.3.0
2023-04-17 11:27:15,425 [INFO] ThirdParty:1030 - CMSIS Pack Vendor :STMicroelectronics X-CUBE-DISPLAY 2.2.0
2023-04-17 11:27:15,426 [INFO] ThirdParty:1030 - CMSIS Pack Vendor :STMicroelectronics X-CUBE-TOF1 3.2.0
2023-04-17 11:27:15,426 [INFO] ThirdParty:1030 - CMSIS Pack Vendor :STMicroelectronics PDM2PCM 3.2.0
2023-04-17 11:27:15,426 [INFO] ThirdParty:1030 - CMSIS Pack Vendor :STMicroelectronics X-CUBE-AZRTOS-H7 3.0.0
2023-04-17 11:27:15,426 [INFO] ThirdParty:1030 - CMSIS Pack Vendor :STMicroelectronics X-CUBE-ISPU 1.0.0
2023-04-17 11:27:15,426 [INFO] ThirdParty:841 - exiting critical section [change project]
2023-04-17 11:27:16,294 [INFO] PinOutPanel:1499 - setPackage(No Configuration,No Configuration)
2023-04-17 11:27:16,296 [INFO] PinOutPanel:1499 - setPackage(STM32L476RGTx,LQFP64)
2023-04-17 11:27:17,594 [INFO] UtilMem:75 - Before build in PCC Used Memory: 586977248 Bytes (705691648)
2023-04-17 11:27:19,249 [INFO] UtilMem:75 - After build in PCC Used Memory: 587343288 Bytes (705691648)
2023-04-17 11:27:19,340 [INFO] IPUIPlugin:80 - create IPUIPlugin
2023-04-17 11:27:19,340 [INFO] IPUIPlugin:80 - create IPUIPlugin
2023-04-17 11:27:19,342 [INFO] IPUIPlugin:80 - create IPUIPlugin
2023-04-17 11:27:19,343 [INFO] IPUIPlugin:80 - create IPUIPlugin
2023-04-17 11:27:19,343 [INFO] IPUIPlugin:80 - create IPUIPlugin
2023-04-17 11:27:19,343 [INFO] IPUIPlugin:80 - create IPUIPlugin
2023-04-17 11:27:19,343 [INFO] IPUIPlugin:80 - create IPUIPlugin
2023-04-17 11:27:19,343 [INFO] IPUIPlugin:80 - create IPUIPlugin
2023-04-17 11:27:19,344 [INFO] IPUIPlugin:80 - create IPUIPlugin
2023-04-17 11:27:19,344 [INFO] IPUIPlugin:80 - create IPUIPlugin
2023-04-17 11:27:19,344 [INFO] IPUIPlugin:80 - create IPUIPlugin
2023-04-17 11:27:19,344 [INFO] IPUIPlugin:80 - create IPUIPlugin
2023-04-17 11:27:19,344 [INFO] IPUIPlugin:80 - create IPUIPlugin
2023-04-17 11:27:19,344 [INFO] IPUIPlugin:80 - create IPUIPlugin
2023-04-17 11:27:19,345 [INFO] IPUIPlugin:80 - create IPUIPlugin
2023-04-17 11:27:19,345 [INFO] IPUIPlugin:80 - create IPUIPlugin
2023-04-17 11:27:19,345 [INFO] IPUIPlugin:80 - create IPUIPlugin
2023-04-17 11:27:19,345 [INFO] IPUIPlugin:80 - create IPUIPlugin
2023-04-17 11:27:19,346 [INFO] IPUIPlugin:80 - create IPUIPlugin
2023-04-17 11:27:19,346 [INFO] IPUIPlugin:80 - create IPUIPlugin
2023-04-17 11:27:19,347 [INFO] IPUIPlugin:80 - create IPUIPlugin
2023-04-17 11:27:19,347 [INFO] IPUIPlugin:80 - create IPUIPlugin
2023-04-17 11:27:19,347 [INFO] IPUIPlugin:80 - create IPUIPlugin
2023-04-17 11:27:19,348 [INFO] IPUIPlugin:80 - create IPUIPlugin
2023-04-17 11:27:19,348 [INFO] IPUIPlugin:80 - create IPUIPlugin
2023-04-17 11:27:19,348 [INFO] IPUIPlugin:80 - create IPUIPlugin
2023-04-17 11:27:19,349 [INFO] IPUIPlugin:80 - create IPUIPlugin
2023-04-17 11:27:19,349 [INFO] IPUIPlugin:80 - create IPUIPlugin
2023-04-17 11:27:19,349 [INFO] IPUIPlugin:80 - create IPUIPlugin
2023-04-17 11:27:19,350 [INFO] IPUIPlugin:80 - create IPUIPlugin
2023-04-17 11:27:19,350 [INFO] IPUIPlugin:80 - create IPUIPlugin
2023-04-17 11:27:19,351 [INFO] IPUIPlugin:80 - create IPUIPlugin
2023-04-17 11:27:19,351 [INFO] IPUIPlugin:80 - create IPUIPlugin
2023-04-17 11:27:19,351 [INFO] IPUIPlugin:80 - create IPUIPlugin
2023-04-17 11:27:19,352 [INFO] IPUIPlugin:80 - create IPUIPlugin
2023-04-17 11:27:19,352 [INFO] IPUIPlugin:80 - create IPUIPlugin
2023-04-17 11:27:19,353 [INFO] IPUIPlugin:80 - create IPUIPlugin
2023-04-17 11:27:19,353 [INFO] IPUIPlugin:80 - create IPUIPlugin
2023-04-17 11:27:19,354 [INFO] IPUIPlugin:80 - create IPUIPlugin
2023-04-17 11:27:19,354 [INFO] IPUIPlugin:80 - create IPUIPlugin
2023-04-17 11:27:19,355 [INFO] IPUIPlugin:80 - create IPUIPlugin
2023-04-17 11:27:19,355 [INFO] IPUIPlugin:80 - create IPUIPlugin
2023-04-17 11:27:19,355 [INFO] IPUIPlugin:80 - create IPUIPlugin
2023-04-17 11:27:19,356 [INFO] IPUIPlugin:80 - create IPUIPlugin
2023-04-17 11:27:19,356 [INFO] IPUIPlugin:80 - create IPUIPlugin
2023-04-17 11:27:19,357 [INFO] IPUIPlugin:80 - create IPUIPlugin
2023-04-17 11:27:19,357 [INFO] IPUIPlugin:80 - create IPUIPlugin
2023-04-17 11:27:19,358 [INFO] IPUIPlugin:80 - create IPUIPlugin
2023-04-17 11:27:19,358 [INFO] IPUIPlugin:80 - create IPUIPlugin
2023-04-17 11:27:19,359 [INFO] IPUIPlugin:80 - create IPUIPlugin
2023-04-17 11:27:19,359 [INFO] IPUIPlugin:80 - create IPUIPlugin
2023-04-17 11:27:19,360 [INFO] IPUIPlugin:80 - create IPUIPlugin
2023-04-17 11:27:19,360 [INFO] IPUIPlugin:80 - create IPUIPlugin
2023-04-17 11:27:19,361 [INFO] IPUIPlugin:80 - create IPUIPlugin
2023-04-17 11:27:19,361 [INFO] IPUIPlugin:80 - create IPUIPlugin
2023-04-17 11:27:19,362 [INFO] IPUIPlugin:80 - create IPUIPlugin
2023-04-17 11:27:19,363 [INFO] IPUIPlugin:80 - create IPUIPlugin
2023-04-17 11:27:19,364 [INFO] IPUIPlugin:80 - create IPUIPlugin
2023-04-17 11:27:19,365 [INFO] IPUIPlugin:80 - create IPUIPlugin
2023-04-17 11:27:19,710 [INFO] CADModel:165 - CPN selected for project levelSTM32L476RGT3
2023-04-17 11:27:19,710 [INFO] CADModel:114 - Register for checkConnection events
2023-04-17 11:27:19,771 [INFO] OpenFileManager:328 - Restore cursor
