2023-04-05 12:16:52,891 [INFO] Activator:176 - 


2023-04-05 12:16:52,915 [INFO] Activator:177 - !SESSION log4j initialized
2023-04-05 12:17:04,928 [INFO] LogOutputStream:77 - [STDOUT_REDIRECT] 
2023-04-05 12:17:23,072 [ERROR] LogOutputStream:75 - [STDERR_REDIRECT] SLF4J: Failed to load class "org.slf4j.impl.StaticLoggerBinder".
2023-04-05 12:17:23,073 [ERROR] LogOutputStream:75 - [STDERR_REDIRECT] SLF4J: Defaulting to no-operation (NOP) logger implementation
2023-04-05 12:17:23,077 [ERROR] LogOutputStream:75 - [STDERR_REDIRECT] SLF4J: See http://www.slf4j.org/codes.html#StaticLoggerBinder for further details.
2023-04-05 12:18:07,706 [INFO] ApplicationProperties:184 - Using Application install path: C:\ST\STM32CubeIDE_1.10.1\STM32CubeIDE\plugins\com.st.stm32cube.common.mx_6.8.0.202302231600
2023-04-05 12:18:07,741 [INFO] DbMcusXml:78 - Set database path to: C:\ST\STM32CubeIDE_1.10.1\STM32CubeIDE\plugins\com.st.stm32cube.common.mx_6.8.0.202302231600\\db\/mcu/
2023-04-05 12:18:07,742 [INFO] ApiDb:274 - Set plugin database path to: C:\ST\STM32CubeIDE_1.10.1\STM32CubeIDE\plugins\com.st.stm32cube.common.mx_6.8.0.202302231600\\db\/plugins/boardmanager/
2023-04-05 12:18:07,745 [WARN] ApiDb:259 - Overriding images path with different value:  => C:\ST\STM32CubeIDE_1.10.1\STM32CubeIDE\plugins\com.st.stm32cube.common.mx_6.8.0.202302231600\\db\/plugins/mcufinder/images/
2023-04-05 12:18:07,768 [INFO] ApiDb:250 - Set database path to: C:\Users\sahme\.stmcufinder\plugins\mcufinder//mcu/
2023-04-05 12:18:07,770 [INFO] DbMcusAds:125 - Set database path to: C:\Users\sahme\.stmcufinder\plugins\mcufinder//mcu/
2023-04-05 12:18:07,783 [INFO] CrossReferenceDbSqlite:203 - Set database path to: C:\Users\sahme\.stmcufinder\plugins\mcufinder//mcu/cs/
2023-04-05 12:18:07,977 [INFO] RulesReader:64 - Compatibility file has been processed (293 Rules)
2023-04-05 12:18:08,109 [INFO] DbMcusXml:78 - Set database path to: C:\ST\STM32CubeIDE_1.10.1\STM32CubeIDE\plugins\com.st.stm32cube.common.mx_6.8.0.202302231600\\db\/mcu/
2023-04-05 12:18:08,109 [INFO] ApiDb:274 - Set plugin database path to: C:\ST\STM32CubeIDE_1.10.1\STM32CubeIDE\plugins\com.st.stm32cube.common.mx_6.8.0.202302231600\\db\/plugins/boardmanager/
2023-04-05 12:18:08,110 [INFO] ApiDb:261 - Set plugin images path to: C:\ST\STM32CubeIDE_1.10.1\STM32CubeIDE\plugins\com.st.stm32cube.common.mx_6.8.0.202302231600\\db\/plugins/mcufinder/images/
2023-04-05 12:18:08,110 [WARN] DbFile:41 - Overriding database path with different value: C:\Users\sahme\.stmcufinder\plugins\mcufinder/ => C:\Users\sahme\.stmcufinder\plugins\mcufinder
2023-04-05 12:18:08,110 [INFO] ApiDb:250 - Set database path to: C:\Users\sahme\.stmcufinder\plugins\mcufinder//mcu/
2023-04-05 12:18:08,111 [WARN] DbFile:41 - Overriding database path with different value: C:\Users\sahme\.stmcufinder\plugins\mcufinder/ => C:\Users\sahme\.stmcufinder\plugins\mcufinder
2023-04-05 12:18:08,111 [INFO] DbMcusAds:125 - Set database path to: C:\Users\sahme\.stmcufinder\plugins\mcufinder//mcu/
2023-04-05 12:18:08,111 [WARN] DbFile:41 - Overriding database path with different value: C:\Users\sahme\.stmcufinder\plugins\mcufinder/ => C:\Users\sahme\.stmcufinder\plugins\mcufinder
2023-04-05 12:18:08,111 [WARN] DbFile:41 - Overriding database path with different value: C:\Users\sahme\.stmcufinder\plugins\mcufinder/ => C:\Users\sahme\.stmcufinder\plugins\mcufinder
2023-04-05 12:18:08,111 [INFO] CrossReferenceDbSqlite:203 - Set database path to: C:\Users\sahme\.stmcufinder\plugins\mcufinder//mcu/cs/
2023-04-05 12:18:08,237 [INFO] MainPanel:253 - HeapMemory: 510656512
2023-04-05 12:18:08,356 [INFO] DbMcusXml:78 - Set database path to: C:\ST\STM32CubeIDE_1.10.1\STM32CubeIDE\plugins\com.st.stm32cube.common.mx_6.8.0.202302231600\\db\/mcu/
2023-04-05 12:18:08,356 [INFO] ApiDb:274 - Set plugin database path to: C:\ST\STM32CubeIDE_1.10.1\STM32CubeIDE\plugins\com.st.stm32cube.common.mx_6.8.0.202302231600\\db\/plugins/boardmanager/
2023-04-05 12:18:08,356 [INFO] ApiDb:261 - Set plugin images path to: C:\ST\STM32CubeIDE_1.10.1\STM32CubeIDE\plugins\com.st.stm32cube.common.mx_6.8.0.202302231600\\db\/plugins/mcufinder/images/
2023-04-05 12:18:08,357 [WARN] DbFile:41 - Overriding database path with different value: C:\Users\sahme\.stmcufinder\plugins\mcufinder/ => C:\Users\sahme\.stmcufinder\plugins\mcufinder
2023-04-05 12:18:08,357 [INFO] ApiDb:250 - Set database path to: C:\Users\sahme\.stmcufinder\plugins\mcufinder//mcu/
2023-04-05 12:18:08,357 [WARN] DbFile:41 - Overriding database path with different value: C:\Users\sahme\.stmcufinder\plugins\mcufinder/ => C:\Users\sahme\.stmcufinder\plugins\mcufinder
2023-04-05 12:18:08,357 [INFO] DbMcusAds:125 - Set database path to: C:\Users\sahme\.stmcufinder\plugins\mcufinder//mcu/
2023-04-05 12:18:08,357 [WARN] DbFile:41 - Overriding database path with different value: C:\Users\sahme\.stmcufinder\plugins\mcufinder/ => C:\Users\sahme\.stmcufinder\plugins\mcufinder
2023-04-05 12:18:08,357 [WARN] DbFile:41 - Overriding database path with different value: C:\Users\sahme\.stmcufinder\plugins\mcufinder/ => C:\Users\sahme\.stmcufinder\plugins\mcufinder
2023-04-05 12:18:08,357 [INFO] CrossReferenceDbSqlite:203 - Set database path to: C:\Users\sahme\.stmcufinder\plugins\mcufinder//mcu/cs/
2023-04-05 12:18:08,385 [INFO] ApplicationProperties:184 - Using Application install path: C:\ST\STM32CubeIDE_1.10.1\STM32CubeIDE\plugins\com.st.stm32cube.common.mx_6.8.0.202302231600
2023-04-05 12:18:08,388 [INFO] PluginManage:196 - Search for loadable plugins [exclusion list=, ]
2023-04-05 12:18:08,391 [INFO] PluginManage:310 - Check plugin analytics
2023-04-05 12:18:08,654 [INFO] AnalyticsPlugin:253 - Accepted Software Licenses: 
2023-04-05 12:18:08,655 [INFO] AnalyticsPlugin:255 - Accepted CMSIS Pack Licenses: 
2023-04-05 12:18:08,655 [INFO] AnalyticsPlugin:257 - Accepted Firmware Licenses: 
2023-04-05 12:18:08,671 [INFO] PluginManage:359 - Loaded plugin analytics (category:tool,tabindex:-1)
2023-04-05 12:18:08,671 [INFO] PluginManage:310 - Check plugin cadmodel
2023-04-05 12:18:08,690 [INFO] CADModel:105 - Init CAD model plugin
2023-04-05 12:18:08,690 [INFO] PluginManage:359 - Loaded plugin cadmodel (category:power,tabindex:5)
2023-04-05 12:18:08,691 [INFO] PluginManage:310 - Check plugin clock
2023-04-05 12:18:08,729 [INFO] PluginManage:359 - Loaded plugin clock (category:base,tabindex:2)
2023-04-05 12:18:08,729 [INFO] PluginManage:310 - Check plugin ddr
2023-04-05 12:18:08,732 [INFO] PluginManage:359 - Loaded plugin ddr (category:tool,tabindex:6)
2023-04-05 12:18:08,732 [INFO] PluginManage:310 - Check plugin filemanager
2023-04-05 12:18:08,928 [INFO] PluginManage:359 - Loaded plugin filemanager (category:base,tabindex:10)
2023-04-05 12:18:08,928 [INFO] PluginManage:310 - Check plugin ipmanager
2023-04-05 12:18:08,943 [INFO] PluginManage:359 - Loaded plugin ipmanager (category:base,tabindex:5)
2023-04-05 12:18:08,944 [INFO] PluginManage:310 - Check plugin lpbam
2023-04-05 12:18:08,975 [INFO] PluginManage:359 - Loaded plugin lpbam (category:base,tabindex:0)
2023-04-05 12:18:08,975 [INFO] PluginManage:310 - Check plugin pinoutandconfiguration
2023-04-05 12:18:09,006 [INFO] PluginManage:359 - Loaded plugin pinoutandconfiguration (category:base,tabindex:1)
2023-04-05 12:18:09,007 [INFO] PluginManage:310 - Check plugin pinoutconfig
2023-04-05 12:18:09,133 [WARN] SupportedApi:132 - Cannot load RTOS API schema: s4s-elt-must-match.1: The content of 'definitions' must match (annotation?, (simpleType | complexType)?, (unique | key | keyref)*)). A problem was found starting at: attribute.
2023-04-05 12:18:09,342 [INFO] PluginManage:359 - Loaded plugin pinoutconfig (category:base,tabindex:0)
2023-04-05 12:18:09,351 [INFO] PluginManage:310 - Check plugin power
2023-04-05 12:18:09,385 [INFO] PluginManage:359 - Loaded plugin power (category:power,tabindex:4)
2023-04-05 12:18:09,385 [INFO] PluginManage:310 - Check plugin projectmanager
2023-04-05 12:18:09,416 [INFO] PluginManage:359 - Loaded plugin projectmanager (category:projectmanager,tabindex:3)
2023-04-05 12:18:09,417 [INFO] PluginManage:310 - Check plugin thirdparty
2023-04-05 12:18:09,773 [INFO] PluginManage:359 - Loaded plugin thirdparty (category:base,tabindex:-1)
2023-04-05 12:18:09,773 [WARN] IntegrityCheckThread:84 - waiting for thirdparty lock release [integrity check]
2023-04-05 12:18:09,774 [INFO] PluginManage:310 - Check plugin tools
2023-04-05 12:18:09,774 [INFO] IntegrityCheckThread:86 - entering critical section [integrity check]
2023-04-05 12:18:09,776 [INFO] ThirdPartyUpdaterWithRetryManager:70 - Updater plugin not ready yet. [1/15]
2023-04-05 12:18:09,809 [INFO] PluginManage:359 - Loaded plugin tools (category:base,tabindex:7)
2023-04-05 12:18:09,809 [INFO] PluginManage:310 - Check plugin tutovideos
2023-04-05 12:18:10,108 [INFO] PluginManage:359 - Loaded plugin tutovideos (category:base,tabindex:-1)
2023-04-05 12:18:10,108 [INFO] PluginManage:310 - Check plugin updater
2023-04-05 12:18:10,131 [INFO] PluginManage:359 - Loaded plugin updater (category:base,tabindex:12)
2023-04-05 12:18:10,131 [INFO] PluginManage:283 - PluginManage : Loaded plugins [15]
2023-04-05 12:18:10,543 [INFO] PinOutPanel:1499 - setPackage(No Configuration,No Configuration)
2023-04-05 12:18:10,670 [INFO] CADModel:165 - CPN selected for project level
2023-04-05 12:18:10,670 [INFO] CADModel:114 - Register for checkConnection events
2023-04-05 12:18:10,727 [INFO] IPUIPlugin:80 - create IPUIPlugin
2023-04-05 12:18:10,727 [INFO] PluginManager:220 - loadIPPluginJar : add adc
2023-04-05 12:18:10,767 [INFO] IPUIPlugin:80 - create IPUIPlugin
2023-04-05 12:18:10,767 [INFO] PluginManager:220 - loadIPPluginJar : add aes
2023-04-05 12:18:10,816 [INFO] IPUIPlugin:80 - create IPUIPlugin
2023-04-05 12:18:10,817 [INFO] PluginManager:220 - loadIPPluginJar : add can
2023-04-05 12:18:10,847 [INFO] IPUIPlugin:80 - create IPUIPlugin
2023-04-05 12:18:10,847 [INFO] PluginManager:220 - loadIPPluginJar : add comp
2023-04-05 12:18:10,886 [INFO] IPUIPlugin:80 - create IPUIPlugin
2023-04-05 12:18:10,886 [INFO] PluginManager:220 - loadIPPluginJar : add cryp
2023-04-05 12:18:10,921 [INFO] IPUIPlugin:80 - create IPUIPlugin
2023-04-05 12:18:10,922 [INFO] PluginManager:220 - loadIPPluginJar : add dfsdm
2023-04-05 12:18:10,942 [INFO] IPUIPlugin:80 - create IPUIPlugin
2023-04-05 12:18:10,943 [INFO] PluginManager:220 - loadIPPluginJar : add dma
2023-04-05 12:18:11,046 [INFO] IPUIPlugin:80 - create IPUIPlugin
2023-04-05 12:18:11,046 [INFO] PluginManager:220 - loadIPPluginJar : add dma3
2023-04-05 12:18:11,174 [INFO] IPUIPlugin:80 - create IPUIPlugin
2023-04-05 12:18:11,174 [INFO] PluginManager:220 - loadIPPluginJar : add fatfs
2023-04-05 12:18:11,430 [INFO] IPUIPlugin:80 - create IPUIPlugin
2023-04-05 12:18:11,433 [INFO] PluginManager:220 - loadIPPluginJar : add fmc
2023-04-05 12:18:11,524 [INFO] IPUIPlugin:80 - create IPUIPlugin
2023-04-05 12:18:11,524 [INFO] PluginManager:220 - loadIPPluginJar : add freertos
2023-04-05 12:18:11,608 [INFO] IPUIPlugin:80 - create IPUIPlugin
2023-04-05 12:18:11,608 [INFO] PluginManager:220 - loadIPPluginJar : add genericplugin
2023-04-05 12:18:11,846 [INFO] IPUIPlugin:80 - create IPUIPlugin
2023-04-05 12:18:11,846 [INFO] PluginManager:220 - loadIPPluginJar : add gfxmmu
2023-04-05 12:18:11,999 [INFO] IPUIPlugin:80 - create IPUIPlugin
2023-04-05 12:18:12,000 [INFO] PluginManager:220 - loadIPPluginJar : add gic
2023-04-05 12:18:12,016 [INFO] IPUIPlugin:80 - create IPUIPlugin
2023-04-05 12:18:12,017 [INFO] PluginManager:220 - loadIPPluginJar : add gpio
2023-04-05 12:18:12,127 [INFO] IPUIPlugin:80 - create IPUIPlugin
2023-04-05 12:18:12,127 [INFO] PluginManager:220 - loadIPPluginJar : add gtzc
2023-04-05 12:18:12,168 [INFO] IPUIPlugin:80 - create IPUIPlugin
2023-04-05 12:18:12,168 [INFO] PluginManager:220 - loadIPPluginJar : add hash
2023-04-05 12:18:12,227 [INFO] IPUIPlugin:80 - create IPUIPlugin
2023-04-05 12:18:12,227 [INFO] PluginManager:220 - loadIPPluginJar : add i2c
2023-04-05 12:18:12,274 [INFO] IPUIPlugin:80 - create IPUIPlugin
2023-04-05 12:18:12,274 [INFO] PluginManager:220 - loadIPPluginJar : add i2s
2023-04-05 12:18:12,324 [INFO] IPUIPlugin:80 - create IPUIPlugin
2023-04-05 12:18:12,324 [INFO] PluginManager:220 - loadIPPluginJar : add i3c
2023-04-05 12:18:12,447 [INFO] IPUIPlugin:80 - create IPUIPlugin
2023-04-05 12:18:12,447 [INFO] PluginManager:220 - loadIPPluginJar : add ipddr
2023-04-05 12:18:12,554 [INFO] IPUIPlugin:80 - create IPUIPlugin
2023-04-05 12:18:12,554 [INFO] PluginManager:220 - loadIPPluginJar : add linkedlist
2023-04-05 12:18:12,595 [INFO] IPUIPlugin:80 - create IPUIPlugin
2023-04-05 12:18:12,596 [INFO] PluginManager:220 - loadIPPluginJar : add lorawan
2023-04-05 12:18:12,636 [INFO] IPUIPlugin:80 - create IPUIPlugin
2023-04-05 12:18:12,636 [INFO] PluginManager:220 - loadIPPluginJar : add ltdc
2023-04-05 12:18:12,657 [INFO] IPUIPlugin:80 - create IPUIPlugin
2023-04-05 12:18:12,657 [INFO] PluginManager:220 - loadIPPluginJar : add mdma
2023-04-05 12:18:12,673 [INFO] IPUIPlugin:80 - create IPUIPlugin
2023-04-05 12:18:12,673 [INFO] PluginManager:220 - loadIPPluginJar : add nvic
2023-04-05 12:18:12,719 [INFO] IPUIPlugin:80 - create IPUIPlugin
2023-04-05 12:18:12,719 [INFO] PluginManager:220 - loadIPPluginJar : add opamp
2023-04-05 12:18:12,778 [INFO] ThirdPartyUpdaterWithRetryManager:70 - Updater plugin not ready yet. [2/15]
2023-04-05 12:18:12,789 [INFO] IPUIPlugin:80 - create IPUIPlugin
2023-04-05 12:18:12,789 [INFO] PluginManager:220 - loadIPPluginJar : add openamp
2023-04-05 12:18:12,840 [INFO] IPUIPlugin:80 - create IPUIPlugin
2023-04-05 12:18:12,840 [INFO] PluginManager:220 - loadIPPluginJar : add pdm2pcm
2023-04-05 12:18:12,868 [INFO] IPUIPlugin:80 - create IPUIPlugin
2023-04-05 12:18:12,874 [INFO] PluginManager:220 - loadIPPluginJar : add plateformsettings
2023-04-05 12:18:12,911 [INFO] IPUIPlugin:80 - create IPUIPlugin
2023-04-05 12:18:12,911 [INFO] PluginManager:220 - loadIPPluginJar : add quadspi
2023-04-05 12:18:12,933 [INFO] IPUIPlugin:80 - create IPUIPlugin
2023-04-05 12:18:12,933 [INFO] PluginManager:220 - loadIPPluginJar : add resmgrutility
2023-04-05 12:18:12,994 [INFO] IPUIPlugin:80 - create IPUIPlugin
2023-04-05 12:18:12,994 [INFO] PluginManager:220 - loadIPPluginJar : add sai
2023-04-05 12:18:13,039 [INFO] IPUIPlugin:80 - create IPUIPlugin
2023-04-05 12:18:13,039 [INFO] PluginManager:220 - loadIPPluginJar : add spi
2023-04-05 12:18:13,111 [INFO] IPUIPlugin:80 - create IPUIPlugin
2023-04-05 12:18:13,111 [INFO] PluginManager:220 - loadIPPluginJar : add stm32_wpan
2023-04-05 12:18:13,138 [INFO] IPUIPlugin:80 - create IPUIPlugin
2023-04-05 12:18:13,138 [INFO] PluginManager:220 - loadIPPluginJar : add tim
2023-04-05 12:18:13,202 [INFO] IPUIPlugin:80 - create IPUIPlugin
2023-04-05 12:18:13,202 [INFO] PluginManager:220 - loadIPPluginJar : add touchsensing
2023-04-05 12:18:13,230 [INFO] IPUIPlugin:80 - create IPUIPlugin
2023-04-05 12:18:13,231 [INFO] PluginManager:220 - loadIPPluginJar : add tracer_emb
2023-04-05 12:18:13,262 [INFO] IPUIPlugin:80 - create IPUIPlugin
2023-04-05 12:18:13,262 [INFO] PluginManager:220 - loadIPPluginJar : add ts
2023-04-05 12:18:13,289 [INFO] IPUIPlugin:80 - create IPUIPlugin
2023-04-05 12:18:13,289 [INFO] PluginManager:220 - loadIPPluginJar : add tsc
2023-04-05 12:18:13,317 [INFO] IPUIPlugin:80 - create IPUIPlugin
2023-04-05 12:18:13,317 [INFO] PluginManager:220 - loadIPPluginJar : add ucpd
2023-04-05 12:18:13,372 [INFO] IPUIPlugin:80 - create IPUIPlugin
2023-04-05 12:18:13,372 [INFO] PluginManager:220 - loadIPPluginJar : add usart
2023-04-05 12:18:13,423 [INFO] IPUIPlugin:80 - create IPUIPlugin
2023-04-05 12:18:13,423 [INFO] PluginManager:220 - loadIPPluginJar : add usbx
2023-04-05 12:18:13,598 [INFO] CADModel:165 - CPN selected for project level
2023-04-05 12:18:13,599 [INFO] CADModel:114 - Register for checkConnection events
2023-04-05 12:18:13,599 [FATAL] Updater:308 - Updater called before beeing initialized
2023-04-05 12:18:13,599 [ERROR] CADModel:125 - Updater not yet initialized, retry later 
2023-04-05 12:18:13,831 [INFO] CADModel:165 - CPN selected for project level
2023-04-05 12:18:13,831 [INFO] CADModel:114 - Register for checkConnection events
2023-04-05 12:18:13,831 [FATAL] Updater:308 - Updater called before beeing initialized
2023-04-05 12:18:13,831 [ERROR] CADModel:125 - Updater not yet initialized, retry later 
2023-04-05 12:18:13,837 [FATAL] Updater:308 - Updater called before beeing initialized
2023-04-05 12:18:14,114 [FATAL] Updater:308 - Updater called before beeing initialized
2023-04-05 12:18:14,132 [INFO] DbMcusAds:53 - JSON generation date=Tue Mar 07 08:50:55 GMT 2023 (1678179055335)
2023-04-05 12:18:14,132 [FATAL] Updater:308 - Updater called before beeing initialized
2023-04-05 12:18:14,228 [WARN] DetailPanel:346 - Failed to get advertising image, set to default
2023-04-05 12:18:14,376 [FATAL] Updater:308 - Updater called before beeing initialized
2023-04-05 12:18:14,379 [FATAL] Updater:308 - Updater called before beeing initialized
2023-04-05 12:18:14,379 [FATAL] Updater:308 - Updater called before beeing initialized
2023-04-05 12:18:14,379 [WARN] DetailPanel:346 - Failed to get advertising image, set to default
2023-04-05 12:18:14,380 [FATAL] Updater:308 - Updater called before beeing initialized
2023-04-05 12:18:14,556 [ERROR] Updater:1120 - MainUpdater not yet initialized. External WinMGr cannot be set.
2023-04-05 12:18:14,572 [INFO] Updater:1056 - Updater Version found : 6.8.0
2023-04-05 12:18:14,597 [INFO] ApplicationProperties:184 - Using Application install path: C:\ST\STM32CubeIDE_1.10.1\STM32CubeIDE\plugins\com.st.stm32cube.common.mx_6.8.0.202302231600
2023-04-05 12:18:14,791 [INFO] MainUpdater:2854 - connection check result : 10
2023-04-05 12:18:14,793 [INFO] MainUpdater:283 - Updater Check For Update Now.
2023-04-05 12:18:14,793 [INFO] MicroXplorer:498 - Change Database Version : DB.6.0.80
2023-04-05 12:18:15,001 [INFO] CheckServerUpdateThread:120 - End of CheckServer Thread
2023-04-05 12:18:15,024 [INFO] MainUpdater:2854 - connection check result : 10
2023-04-05 12:18:15,032 [INFO] MainUpdater:2854 - connection check result : 10
2023-04-05 12:18:15,256 [INFO] MicroXplorer:468 - Change Database Path : 
2023-04-05 12:18:15,257 [INFO] MicroXplorer:498 - Change Database Version : DB.6.0.80
2023-04-05 12:18:15,258 [WARN] ThirdParty:871 - waiting for thirdparty lock release [close project]
2023-04-05 12:18:16,089 [WARN] PackLoader:240 - Cannot read IP mode file for STMicroelectronics.X-CUBE-GNSS1.6.0.0
2023-04-05 12:18:16,138 [WARN] PackLoader:240 - Cannot read IP mode file for STMicroelectronics.X-CUBE-AZRTOS-F4.1.1.0
2023-04-05 12:18:16,197 [WARN] PackLoader:240 - Cannot read IP mode file for STMicroelectronics.X-CUBE-AZRTOS-F7.1.1.0
2023-04-05 12:18:16,224 [WARN] PackLoader:240 - Cannot read IP mode file for STMicroelectronics.X-CUBE-BLE1.6.2.3
2023-04-05 12:18:16,246 [WARN] PackLoader:240 - Cannot read IP mode file for STMicroelectronics.X-CUBE-BLE1.6.2.4
2023-04-05 12:18:16,272 [WARN] PackLoader:240 - Cannot read IP mode file for STMicroelectronics.X-CUBE-BLEMGR.2.0.0
2023-04-05 12:18:16,300 [WARN] PackLoader:240 - Cannot read IP mode file for STMicroelectronics.X-CUBE-NFC4.2.0.4
2023-04-05 12:18:16,333 [WARN] PackLoader:240 - Cannot read IP mode file for STMicroelectronics.X-CUBE-TOF1.3.1.0
2023-04-05 12:18:16,382 [WARN] PackLoader:240 - Cannot read IP mode file for STMicroelectronics.X-CUBE-DISPLAY.3.0.0
2023-04-05 12:18:16,438 [WARN] PackLoader:240 - Cannot read IP mode file for STMicroelectronics.X-CUBE-NFC7.1.0.0
2023-04-05 12:18:16,573 [WARN] PackLoader:240 - Cannot read IP mode file for STMicroelectronics.X-CUBE-MEMS1.9.3.0
2023-04-05 12:18:16,934 [WARN] PackLoader:240 - Cannot read IP mode file for STMicroelectronics.X-CUBE-EEPRMA1.4.1.0
2023-04-05 12:18:16,956 [WARN] PackLoader:240 - Cannot read IP mode file for STMicroelectronics.X-CUBE-AI.7.2.0
2023-04-05 12:18:16,981 [WARN] PackLoader:240 - Cannot read IP mode file for WES.I-CUBE-Cesium.1.3.0
2023-04-05 12:18:17,007 [WARN] PackLoader:240 - Cannot read IP mode file for STMicroelectronics.X-CUBE-SFXS2LP1.4.0.0
2023-04-05 12:18:17,031 [WARN] PackLoader:240 - Cannot read IP mode file for STMicroelectronics.X-CUBE-BLE2.3.3.0
2023-04-05 12:18:17,050 [WARN] PackLoader:240 - Cannot read IP mode file for STMicroelectronics.X-CUBE-DISPLAY.2.2.0
2023-04-05 12:18:17,082 [WARN] PackLoader:240 - Cannot read IP mode file for STMicroelectronics.X-CUBE-TOF1.3.2.0
2023-04-05 12:18:17,157 [WARN] PackLoader:240 - Cannot read IP mode file for STMicroelectronics.X-CUBE-AZRTOS-H7.3.0.0
2023-04-05 12:18:17,213 [WARN] PackLoader:240 - Cannot read IP mode file for STMicroelectronics.X-CUBE-ISPU.1.0.0
2023-04-05 12:18:17,231 [WARN] PackLoader:240 - Cannot read IP mode file for STMicroelectronics.X-CUBE-ISPU.1.1.0
2023-04-05 12:18:17,262 [WARN] PackLoader:240 - Cannot read IP mode file for RoweBots.I-CUBE-UNISONRTOS.5.5.0-4
2023-04-05 12:18:17,309 [WARN] PackLoader:240 - Cannot read IP mode file for STMicroelectronics.X-CUBE-AZRTOS-H7.2.1.0
2023-04-05 12:18:17,340 [WARN] PackLoader:240 - Cannot read IP mode file for wolfSSL.I-CUBE-wolfSSL.5.4.0
2023-04-05 12:18:17,360 [WARN] PackLoader:240 - Cannot read IP mode file for STMicroelectronics.X-CUBE-AI.8.0.0
2023-04-05 12:18:17,386 [WARN] PackLoader:240 - Cannot read IP mode file for STMicroelectronics.X-CUBE-FREERTOS.1.0.0
2023-04-05 12:18:17,418 [WARN] PackLoader:240 - Cannot read IP mode file for STMicroelectronics.X-CUBE-TOUCHGFX.4.21.1
2023-04-05 12:18:17,440 [WARN] PackLoader:240 - Cannot read IP mode file for STMicroelectronics.X-CUBE-TOUCHGFX.4.21.3
2023-04-05 12:18:17,476 [WARN] PackLoader:240 - Cannot read IP mode file for STMicroelectronics.X-CUBE-BLEMGR.1.0.0
2023-04-05 12:18:17,572 [WARN] PackLoader:240 - Cannot read IP mode file for STMicroelectronics.X-CUBE-MEMS1.9.4.0
2023-04-05 12:18:17,814 [WARN] PackLoader:240 - Cannot read IP mode file for STMicroelectronics.X-CUBE-AI.7.3.0
2023-04-05 12:18:17,834 [WARN] PackLoader:240 - Cannot read IP mode file for STMicroelectronics.X-CUBE-ALGOBUILD.1.3.0
2023-04-05 12:18:17,876 [WARN] PackLoader:240 - Cannot read IP mode file for STMicroelectronics.X-CUBE-AZRTOS-L5.1.1.0
2023-04-05 12:18:17,954 [WARN] PackLoader:240 - Cannot read IP mode file for STMicroelectronics.X-CUBE-AZRTOS-G0.1.1.0
2023-04-05 12:18:17,980 [WARN] PackLoader:240 - Cannot read IP mode file for STMicroelectronics.X-CUBE-SUBG2.5.0.0
2023-04-05 12:18:18,009 [WARN] PackLoader:240 - Cannot read IP mode file for STMicroelectronics.X-CUBE-NFC4.3.0.0
2023-04-05 12:18:18,079 [WARN] PackLoader:240 - Cannot read IP mode file for SEGGER.I-CUBE-embOS.1.2.0
2023-04-05 12:18:18,170 [WARN] PackLoader:240 - Cannot read IP mode file for STMicroelectronics.X-CUBE-TOF1.3.3.0
2023-04-05 12:18:18,202 [WARN] PackLoader:240 - Cannot read IP mode file for STMicroelectronics.FP-ATR-ASTRA1.1.1.1
2023-04-05 12:18:18,233 [WARN] PackLoader:240 - Cannot read IP mode file for STMicroelectronics.X-CUBE-BLEMGR.1.3.0
2023-04-05 12:18:18,269 [WARN] PackLoader:240 - Cannot read IP mode file for STMicroelectronics.X-CUBE-AZRTOS-G4.1.0.0
2023-04-05 12:18:18,290 [WARN] PackLoader:240 - Cannot read IP mode file for STMicroelectronics.FP-ATR-SIGFOX1.3.2.0
2023-04-05 12:18:18,335 [WARN] PackLoader:240 - Cannot read IP mode file for STMicroelectronics.X-CUBE-AZRTOS-L4.1.0.0
2023-04-05 12:18:18,361 [WARN] PackLoader:240 - Cannot read IP mode file for emotas.I-CUBE-CANOPEN.1.1.2
2023-04-05 12:18:18,378 [WARN] PackLoader:240 - Cannot read IP mode file for STMicroelectronics.X-CUBE-TOUCHGFX.4.20.0
2023-04-05 12:18:18,409 [WARN] PackLoader:240 - Cannot read IP mode file for STMicroelectronics.X-CUBE-AZRTOS-WL.1.0.0
2023-04-05 12:18:18,430 [WARN] PackLoader:240 - Cannot read IP mode file for portGmbH.I-Cube-SoM-uGOAL.1.1.0
2023-04-05 12:18:18,449 [WARN] PackLoader:240 - Cannot read IP mode file for STMicroelectronics.X-CUBE-ALS.1.0.1
2023-04-05 12:18:18,539 [WARN] PackLoader:240 - Cannot read IP mode file for STMicroelectronics.X-CUBE-MEMS1.9.5.0
2023-04-05 12:18:18,861 [WARN] PackLoader:240 - Cannot read IP mode file for STMicroelectronics.X-CUBE-AZRTOS-WB.1.1.0
2023-04-05 12:18:18,931 [WARN] PackLoader:240 - Cannot read IP mode file for SEGGER.I-CUBE-embOS.1.3.1
2023-04-05 12:18:19,036 [WARN] PackLoader:240 - Cannot read IP mode file for STMicroelectronics.X-CUBE-AZRTOS-L5.1.0.0
2023-04-05 12:18:19,059 [WARN] PackLoader:240 - Cannot read IP mode file for STMicroelectronics.X-CUBE-EEPRMA1.3.1.1
2023-04-05 12:18:19,062 [INFO] ThirdParty:978 - Integrity check success = true
2023-04-05 12:18:19,062 [INFO] IntegrityCheckThread:100 - exiting critical section [integrity check]
2023-04-05 12:18:19,063 [INFO] IntegrityCheckThread:103 - End integrity checks thread
2023-04-05 12:18:19,063 [INFO] ThirdParty:873 - entering critical section [close project]
2023-04-05 12:18:19,066 [INFO] ThirdParty:883 - exiting critical section [close project]
2023-04-05 12:18:19,080 [INFO] PinOutPanel:1499 - setPackage(No Configuration,No Configuration)
2023-04-05 12:18:19,090 [INFO] UtilMem:75 - Begin LoadConfig() Used Memory: 481252136 Bytes (510656512)
2023-04-05 12:18:34,470 [INFO] MicroXplorer:468 - Change Database Path : 
2023-04-05 12:18:34,471 [INFO] MicroXplorer:498 - Change Database Version : DB.6.0.80
2023-04-05 12:18:34,471 [INFO] OpenFileManager:308 - Change cursor
2023-04-05 12:18:34,552 [INFO] Mcu:1937 - Initializing MCU STM32L476R(C-E-G)Tx STM32L476RGTx STM32L476RGT3
2023-04-05 12:18:37,984 [INFO] Context:659 - Trying to add GPIOservice into a context  which must be forbidden
2023-04-05 12:18:38,807 [INFO] Rule:228 - rule WakeUp0 Mode is applicable
2023-04-05 12:18:38,807 [INFO] Rule:228 - rule WakeUp0 SIGNAL is applicable
2023-04-05 12:18:38,808 [INFO] Rule:228 - rule WakeUp1 Mode is applicable
2023-04-05 12:18:38,808 [INFO] Rule:228 - rule WakeUp1 SIGNAL is applicable
2023-04-05 12:18:38,808 [INFO] Rule:228 - rule WakeUp2 Mode is applicable
2023-04-05 12:18:38,808 [INFO] Rule:228 - rule WakeUp2 SIGNAL is applicable
2023-04-05 12:18:38,809 [INFO] Rule:228 - rule WakeUp4 Mode is applicable
2023-04-05 12:18:38,809 [INFO] Rule:228 - rule WakeUp4 SIGNAL is applicable
2023-04-05 12:18:38,809 [INFO] Rule:228 - rule WakeUp5 Mode is applicable
2023-04-05 12:18:38,809 [INFO] Rule:228 - rule WakeUp5 SIGNAL is applicable
2023-04-05 12:18:38,809 [INFO] Rule:228 - rule Change Default Value for LSE Drive Capability for WB family is applicable
2023-04-05 12:18:38,810 [INFO] DbConfProperties:307 - Apply Compatibility (0/11 Rules)
2023-04-05 12:18:39,245 [INFO] RtosManager:555 - Registered RTOS mode: class=CMSIS, group=RTOS, mode=CMSIS_V1, owner=FREERTOS
2023-04-05 12:18:39,246 [INFO] RtosManager:555 - Registered RTOS mode: class=CMSIS, group=RTOS2, mode=CMSIS_V2, owner=FREERTOS
2023-04-05 12:18:39,246 [INFO] RtosManager:555 - Registered RTOS mode: class=RTOS, group=Core, mode=CMSIS_V1, owner=FREERTOS
2023-04-05 12:18:39,246 [INFO] RtosManager:555 - Registered RTOS mode: class=RTOS, group=Core, mode=CMSIS_V2, owner=FREERTOS
2023-04-05 12:18:39,247 [WARN] ModelIntegratedComponent:184 - Missing modes for component STMicroelectronics:FreeRTOS:0.0.1:STMicroelectronics:RTOS:FreeRTOS:Core:::10.2.0:
2023-04-05 12:18:39,268 [WARN] ModelIntegratedComponent:63 - No mode defined for component null
2023-04-05 12:18:39,268 [WARN] ModelIntegratedComponent:63 - No mode defined for component null
2023-04-05 12:18:39,269 [WARN] ModelIntegratedComponent:63 - No mode defined for component null
2023-04-05 12:18:39,269 [WARN] ModelIntegratedComponent:63 - No mode defined for component null
2023-04-05 12:18:39,269 [WARN] ModelIntegratedComponent:63 - No mode defined for component null
2023-04-05 12:18:39,269 [WARN] ModelIntegratedComponent:63 - No mode defined for component null
2023-04-05 12:18:39,269 [WARN] ModelIntegratedComponent:63 - No mode defined for component null
2023-04-05 12:18:39,269 [WARN] ModelIntegratedComponent:63 - No mode defined for component null
2023-04-05 12:18:39,270 [WARN] ModelIntegratedComponent:63 - No mode defined for component null
2023-04-05 12:18:39,270 [WARN] ModelIntegratedComponent:63 - No mode defined for component null
2023-04-05 12:18:39,270 [WARN] ModelIntegratedComponent:63 - No mode defined for component null
2023-04-05 12:18:39,270 [WARN] ModelIntegratedComponent:63 - No mode defined for component null
2023-04-05 12:18:39,270 [WARN] ModelIntegratedComponent:63 - No mode defined for component null
2023-04-05 12:18:39,270 [WARN] ModelIntegratedComponent:63 - No mode defined for component null
2023-04-05 12:18:39,270 [WARN] ModelIntegratedComponent:63 - No mode defined for component null
2023-04-05 12:18:39,270 [WARN] ModelIntegratedComponent:63 - No mode defined for component null
2023-04-05 12:18:39,270 [WARN] ModelIntegratedComponent:63 - No mode defined for component null
2023-04-05 12:18:39,271 [WARN] ModelIntegratedComponent:63 - No mode defined for component null
2023-04-05 12:18:39,271 [WARN] ModelIntegratedComponent:63 - No mode defined for component null
2023-04-05 12:18:39,271 [WARN] ModelIntegratedComponent:63 - No mode defined for component null
2023-04-05 12:18:39,271 [WARN] ModelIntegratedComponent:63 - No mode defined for component null
2023-04-05 12:18:39,271 [WARN] ModelIntegratedComponent:63 - No mode defined for component null
2023-04-05 12:18:39,271 [WARN] ModelIntegratedComponent:63 - No mode defined for component null
2023-04-05 12:18:39,271 [WARN] ModelIntegratedComponent:63 - No mode defined for component null
2023-04-05 12:18:39,271 [WARN] ModelIntegratedComponent:63 - No mode defined for component null
2023-04-05 12:18:39,271 [WARN] ModelIntegratedComponent:63 - No mode defined for component null
2023-04-05 12:18:39,271 [WARN] ModelIntegratedComponent:63 - No mode defined for component null
2023-04-05 12:18:39,272 [WARN] ModelIntegratedComponent:63 - No mode defined for component null
2023-04-05 12:18:39,272 [WARN] ModelIntegratedComponent:63 - No mode defined for component null
2023-04-05 12:18:39,272 [WARN] ModelIntegratedComponent:63 - No mode defined for component null
2023-04-05 12:18:39,272 [WARN] ModelIntegratedComponent:63 - No mode defined for component null
2023-04-05 12:18:39,272 [WARN] ModelIntegratedComponent:63 - No mode defined for component null
2023-04-05 12:18:39,272 [WARN] ModelIntegratedComponent:63 - No mode defined for component null
2023-04-05 12:18:39,508 [INFO] ThirdPartyModel:298 - Start build external matchings
2023-04-05 12:18:40,998 [INFO] ThirdPartyModel:316 - End build external matchings
2023-04-05 12:18:41,037 [INFO] ImportTextPane:194 - (OptionalMessage_ERROR) IP (RCC) : Invalid parameter (FamilyName)
2023-04-05 12:18:41,044 [INFO] ImportTextPane:194 - (OptionalMessage_ERROR) IP (RCC) : Parameter (RNGFreq_Value) has invalid value (64000000)
2023-04-05 12:18:41,044 [INFO] ImportTextPane:194 - (OptionalMessage_ERROR) IP (RCC) : Parameter (SDMMCFreq_Value) has invalid value (64000000)
2023-04-05 12:18:41,044 [INFO] ImportTextPane:194 - (OptionalMessage_ERROR) IP (RCC) : Parameter (USBFreq_Value) has invalid value (64000000)
2023-04-05 12:18:41,781 [INFO] UtilMem:75 - End LoadConfig() Used Memory: 648922312 Bytes (751828992)
2023-04-05 12:18:42,025 [INFO] ApiDb:581 - Connected to CubeFinder SQLite database (C:\Users\sahme\.stmcufinder\plugins\mcufinder\mcu\cube-finder-db.db)
2023-04-05 12:18:42,138 [INFO] ApiDb:668 - CubeFinder database Data Model version=2.1
2023-04-05 12:18:42,138 [INFO] ApiDb:669 - CubeFinder database Configuration version=3.0.35
2023-04-05 12:18:42,139 [INFO] ApiDb:670 - CubeFinder database generation date=2023-03-10 (1678456172)
2023-04-05 12:18:42,139 [INFO] ApiDb:671 - CubeFinder database FW Pack versions=[FP-ATR-ASTRA1_V1.1.1, STM32Cube_FW_C0_V1.0.1, STM32Cube_FW_F0_V1.11.4, STM32Cube_FW_F3_V1.11.4, STM32Cube_FW_F4_V1.27.1, STM32Cube_FW_F7_V1.17.0, STM32Cube_FW_G0_V1.6.1, STM32Cube_FW_G4_V1.5.1, STM32Cube_FW_H5_V0.5.1, STM32Cube_FW_H5_V1.0.0, STM32Cube_FW_H7_V1.11.0, STM32Cube_FW_L0_V1.12.2, STM32Cube_FW_L5_V1.5.0, STM32Cube_FW_U5_V1.2.0, STM32Cube_FW_WBA_V1.0.0, STM32Cube_FW_WBA_V1.0.0RC1, STM32Cube_FW_WBA_V1.0.0RC3, STM32Cube_FW_WB_V1.15.0RC1, STM32Cube_FW_WB_V1.16.0, STM32Cube_FW_WB_V1.16.0RC2, STM32Cube_FW_WL_V1.3.0, X-CUBE-ALGOBUILD_V1.3.0, X-CUBE-ALS_V1.0.1, X-CUBE-AZRTOS-F4_V1.1.0, X-CUBE-AZRTOS-F7_V1.1.0, X-CUBE-AZRTOS-G0_V1.1.0, X-CUBE-AZRTOS-G4_V1.0.0, X-CUBE-AZRTOS-H7_V3.0.0, X-CUBE-AZRTOS-L4_V1.0.0, X-CUBE-AZRTOS-L5_V1.1.0, X-CUBE-AZRTOS-WB_V1.1.0, X-CUBE-AZRTOS-WL_V1.0.0, X-CUBE-BLE1_V6.2.4, X-CUBE-BLE2_V3.3.0, X-CUBE-BLEMGR_V1.3.0, X-CUBE-EEPRMA1_V4.1.0, X-CUBE-GNSS1_V6.0.0, X-CUBE-MEMS1_V9.1.0, X-CUBE-MEMS1_V9.4.0, X-CUBE-MEMS1_V9.5.0, X-CUBE-NFC4_V3.0.0, X-CUBE-NFC7_V1.0.0, X-CUBE-SFXS2LP1_V4.0.0, X-CUBE-SUBG2_V5.0.0]
2023-04-05 12:18:45,207 [INFO] ApiDb:240 - Found 297 in-development CPN: [B-G473E-ZEST1S, B-WB1M-WPAN1, B-WL5M-SUBG1, NUCLEO-C031C6, NUCLEO-H503RB, NUCLEO-H563ZI, NUCLEO-U545RE-Q, NUCLEO-U5A5ZJ-Q, NUCLEO-WBA52CG, STEVAL-PROTEUS1, STEVAL-STWINBX1, STM320518-EVAL, STM32C0116-DK, STM32C011D6Y3TR, STM32C011D6Y6TR, STM32C011F4P3, STM32C011F4P6, STM32C011F4U3, STM32C011F4U6TR, STM32C011F6P3, STM32C011F6P6, STM32C011F6U3, STM32C011F6U6TR, STM32C011J4M3, STM32C011J4M6, STM32C011J6M3, STM32C011J6M6, STM32C0316-DK, STM32C031C4T3, STM32C031C4T6, STM32C031C4U3, STM32C031C4U6, STM32C031C6T3, STM32C031C6T6, STM32C031C6U3, STM32C031C6U6, STM32C031F4P3, STM32C031F4P6, STM32C031F6P3, STM32C031F6P6, STM32C031G4U3, STM32C031G4U6, STM32C031G6U3, STM32C031G6U6, STM32C031K4T3, STM32C031K4T6, STM32C031K4U3, STM32C031K4U6, STM32C031K6T3, STM32C031K6T6, STM32C031K6U3, STM32C031K6U6, STM32G071K8TXN, STM32G071K8UXN, STM32G081GBU6N, STM32G081KBT6N, STM32G081KBUXN, STM32G0B1CCT6N, STM32G0B1KCT6, STM32G0B1NEY6TR, STM32G0B1RCT6N, STM32G0C1CCT6, STM32G0C1CCT6N, STM32G0C1CCU6N, STM32G0C1CET6N, STM32G0C1CEU6N, STM32G0C1KCT6, STM32G0C1NEY6TR, STM32G0C1RCI6N, STM32G0C1RCT6N, STM32G0C1REI6N, STM32G0C1RET6N, STM32G0C1VCI6, STM32G0C1VEI6, STM32G471CCT6, STM32G471CCU6, STM32G471CET3, STM32G471CET6, STM32G471CEU3, STM32G471CEU6, STM32G471MCT6, STM32G471MET3, STM32G471MET6, STM32G471MEY6TR, STM32G471QCT6, STM32G471QET3, STM32G471RCT6, STM32G471RET3, STM32G471RET6, STM32G471VCH6, STM32G471VCI6, STM32G471VCT6, STM32G471VEH3, STM32G471VEH6, STM32G471VEI3, STM32G471VEI6, STM32G471VET3, STM32G471VET6, STM32G474CCT6, STM32H503CBT6, STM32H503CBU6, STM32H503EBY6TR, STM32H503KBU6, STM32H503RBT6, STM32H562AGI6, STM32H562AII6, STM32H562IGK6, STM32H562IGT6, STM32H562IIK6, STM32H562IIT6, STM32H562RGT6, STM32H562RGV6, STM32H562RIT6, STM32H562RIV6, STM32H562VGT6, STM32H562VIT6, STM32H562ZGT6, STM32H562ZIT6, STM32H563AGI6, STM32H563AII3Q, STM32H563AII6, STM32H563IGK6, STM32H563IGT6, STM32H563IIK3Q, STM32H563IIK6, STM32H563IIT3Q, STM32H563IIT6, STM32H563MIY3QTR, STM32H563RGT6, STM32H563RGV6, STM32H563RIT6, STM32H563RIV6, STM32H563VGT6, STM32H563VIT3Q, STM32H563VIT6, STM32H563ZGT6, STM32H563ZIT3Q, STM32H563ZIT6, STM32H573AII3Q, STM32H573AII6, STM32H573I-DK, STM32H573IIK3Q, STM32H573IIK6, STM32H573IIT3Q, STM32H573IIT6, STM32H573MIY3QTR, STM32H573RIT6, STM32H573RIV6, STM32H573VIT3Q, STM32H573VIT6, STM32H573ZIT3Q, STM32H573ZIT6, STM32L4R5QGI6STR, STM32MP131AAE3, STM32MP131AAF3, STM32MP131AAG3, STM32MP131CAE3, STM32MP131CAF3, STM32MP131CAG3, STM32MP131DAE7, STM32MP131DAF7, STM32MP131DAG7, STM32MP131FAE7, STM32MP131FAF7, STM32MP131FAG7, STM32MP133AAE3, STM32MP133AAF3, STM32MP133AAG3, STM32MP133CAE3, STM32MP133CAF3, STM32MP133CAG3, STM32MP133DAE7, STM32MP133DAF7, STM32MP133DAG7, STM32MP133FAE7, STM32MP133FAF7, STM32MP133FAG7, STM32MP135AAE3, STM32MP135AAF3, STM32MP135AAG3, STM32MP135CAE3, STM32MP135CAF3, STM32MP135CAG3, STM32MP135DAE7, STM32MP135DAF7, STM32MP135DAG7, STM32MP135F-DK, STM32MP135FAE7, STM32MP135FAF7, STM32MP135FAF7T, STM32MP135FAF7U, STM32MP135FAG7, STM32U535CBT6, STM32U535CBT6Q, STM32U535CBU6, STM32U535CBU6Q, STM32U535CCT6, STM32U535CCT6Q, STM32U535CCU6, STM32U535CCU6Q, STM32U535CET6, STM32U535CET6Q, STM32U535CEU6, STM32U535CEU6Q, STM32U535JEY6QTR, STM32U535NCY6QTR, STM32U535NEY6QTR, STM32U535RBI6, STM32U535RBI6Q, STM32U535RBT6, STM32U535RBT6Q, STM32U535RCI6, STM32U535RCI6Q, STM32U535RCT6, STM32U535RCT6Q, STM32U535REI6, STM32U535REI6Q, STM32U535RET6, STM32U535RET6Q, STM32U535VCI6, STM32U535VCI6Q, STM32U535VCT6, STM32U535VCT6Q, STM32U535VEI6, STM32U535VEI6Q, STM32U535VET6, STM32U535VET6Q, STM32U545CET6, STM32U545CET6Q, STM32U545CEU6, STM32U545CEU6Q, STM32U545JEY6QTR, STM32U545NEY6QTR, STM32U545REI6, STM32U545REI6Q, STM32U545RET6, STM32U545RET6Q, STM32U545VEI6, STM32U545VEI6Q, STM32U545VET6, STM32U545VET6Q, STM32U595AIH6, STM32U595AIH6Q, STM32U595AJH6, STM32U595AJH6Q, STM32U595QII6, STM32U595QII6Q, STM32U595QJI6, STM32U595QJI6Q, STM32U595RIT6, STM32U595RIT6Q, STM32U595RJT6, STM32U595RJT6Q, STM32U595VIT6, STM32U595VIT6Q, STM32U595VJT6, STM32U595VJT6Q, STM32U595ZIT6, STM32U595ZIT6Q, STM32U595ZIY6QTR, STM32U595ZJT6, STM32U595ZJT6Q, STM32U595ZJY6QTR, STM32U599BJY6QTR, STM32U599NIH6Q, STM32U599NJH6Q, STM32U599VIT6Q, STM32U599VJT6, STM32U599VJT6Q, STM32U599ZIT6Q, STM32U599ZIY6QTR, STM32U599ZJT6Q, STM32U599ZJY6QTR, STM32U5A5AJH6, STM32U5A5AJH6Q, STM32U5A5QJI6, STM32U5A5QJI6Q, STM32U5A5RJT6, STM32U5A5RJT6Q, STM32U5A5VJT6, STM32U5A5VJT6Q, STM32U5A5ZJT6, STM32U5A5ZJT6Q, STM32U5A5ZJY6QTR, STM32U5A9BJY6QTR, STM32U5A9J-DK, STM32U5A9NJH6Q, STM32U5A9VJT6Q, STM32U5A9ZJT6Q, STM32U5A9ZJY6QTR, STM32WB1MMCH6, STM32WBA52CEU6, STM32WBA52CEU6T, STM32WBA52CGU6, STM32WBA52CGU6T, STM32WL5MOCH6, STM32WL5MOCH6TR]
2023-04-05 12:18:45,211 [INFO] DbMcus:216 - Found 3775 MCUs, 3775 are supported
2023-04-05 12:18:45,215 [INFO] ApiDb:423 - Load user favorites file C:\Users\sahme/.stm32cubeide/favorites.mcus.txt: 0 item(s)
2023-04-05 12:18:45,215 [INFO] ApiDb:427 - User favorites MCUs=[]
2023-04-05 12:18:45,215 [INFO] DbMcus:222 - Set 0 / 0 favorites MCUs
2023-04-05 12:18:45,649 [WARN] ThirdParty:833 - waiting for thirdparty lock release [change project]
2023-04-05 12:18:45,649 [INFO] ThirdParty:835 - entering critical section [change project]
2023-04-05 12:18:45,650 [INFO] ThirdParty:1030 - CMSIS Pack Vendor :STMicroelectronics X-CUBE-ISPU 1.1.0
2023-04-05 12:18:45,650 [INFO] ThirdParty:1030 - CMSIS Pack Vendor :RoweBots I-CUBE-UNISONRTOS 5.5.0-4
2023-04-05 12:18:45,650 [INFO] ThirdParty:1030 - CMSIS Pack Vendor :STMicroelectronics X-CUBE-GNSS1 6.0.0
2023-04-05 12:18:45,650 [INFO] ThirdParty:1030 - CMSIS Pack Vendor :STMicroelectronics X-CUBE-AZRTOS-H7 2.1.0
2023-04-05 12:18:45,650 [INFO] ThirdParty:1030 - CMSIS Pack Vendor :STMicroelectronics USB_HOST 2.0.0
2023-04-05 12:18:45,650 [INFO] ThirdParty:1030 - CMSIS Pack Vendor :STMicroelectronics X-CUBE-AZRTOS-F4 1.1.0
2023-04-05 12:18:45,650 [INFO] ThirdParty:1030 - CMSIS Pack Vendor :STMicroelectronics LIBJPEG 8.0.0
2023-04-05 12:18:45,650 [INFO] ThirdParty:1030 - CMSIS Pack Vendor :wolfSSL I-CUBE-wolfSSL 5.4.0
2023-04-05 12:18:45,650 [INFO] ThirdParty:1030 - CMSIS Pack Vendor :STMicroelectronics USB_DEVICE 3.0.0
2023-04-05 12:18:45,650 [INFO] ThirdParty:1030 - CMSIS Pack Vendor :STMicroelectronics X-CUBE-AI 8.0.0
2023-04-05 12:18:45,650 [INFO] ThirdParty:1030 - CMSIS Pack Vendor :STMicroelectronics X-CUBE-FREERTOS 1.0.0
2023-04-05 12:18:45,650 [INFO] ThirdParty:1030 - CMSIS Pack Vendor :STMicroelectronics X-CUBE-TOUCHGFX 4.21.1
2023-04-05 12:18:45,651 [INFO] ThirdParty:1030 - CMSIS Pack Vendor :STMicroelectronics X-CUBE-TOUCHGFX 4.21.3
2023-04-05 12:18:45,651 [INFO] ThirdParty:1030 - CMSIS Pack Vendor :STMicroelectronics X-CUBE-BLEMGR 1.0.0
2023-04-05 12:18:45,651 [INFO] ThirdParty:1030 - CMSIS Pack Vendor :STMicroelectronics X-CUBE-AZRTOS-F7 1.1.0
2023-04-05 12:18:45,651 [INFO] ThirdParty:1030 - CMSIS Pack Vendor :STMicroelectronics X-CUBE-MEMS1 9.4.0
2023-04-05 12:18:45,651 [INFO] ThirdParty:1030 - CMSIS Pack Vendor :STMicroelectronics USB_DEVICE 2.0.0
2023-04-05 12:18:45,651 [INFO] ThirdParty:1030 - CMSIS Pack Vendor :STMicroelectronics X-CUBE-AI 7.3.0
2023-04-05 12:18:45,651 [INFO] ThirdParty:1030 - CMSIS Pack Vendor :STMicroelectronics X-CUBE-BLE1 6.2.3
2023-04-05 12:18:45,651 [INFO] ThirdParty:1030 - CMSIS Pack Vendor :STMicroelectronics X-CUBE-ALGOBUILD 1.3.0
2023-04-05 12:18:45,651 [INFO] ThirdParty:1030 - CMSIS Pack Vendor :STMicroelectronics X-CUBE-BLE1 6.2.4
2023-04-05 12:18:45,651 [INFO] ThirdParty:1030 - CMSIS Pack Vendor :STMicroelectronics X-CUBE-AZRTOS-L5 1.1.0
2023-04-05 12:18:45,651 [INFO] ThirdParty:1030 - CMSIS Pack Vendor :STMicroelectronics FreeRTOS 0.0.1
2023-04-05 12:18:45,651 [INFO] ThirdParty:1030 - CMSIS Pack Vendor :STMicroelectronics X-CUBE-AZRTOS-G0 1.1.0
2023-04-05 12:18:45,652 [INFO] ThirdParty:1030 - CMSIS Pack Vendor :STMicroelectronics X-CUBE-BLEMGR 2.0.0
2023-04-05 12:18:45,652 [INFO] ThirdParty:1030 - CMSIS Pack Vendor :STMicroelectronics X-CUBE-SUBG2 5.0.0
2023-04-05 12:18:45,652 [INFO] ThirdParty:1030 - CMSIS Pack Vendor :STMicroelectronics X-CUBE-NFC4 3.0.0
2023-04-05 12:18:45,652 [INFO] ThirdParty:1030 - CMSIS Pack Vendor :SEGGER I-CUBE-embOS 1.2.0
2023-04-05 12:18:45,652 [INFO] ThirdParty:1030 - CMSIS Pack Vendor :STMicroelectronics STM32_WPAN 1.0.0
2023-04-05 12:18:45,652 [INFO] ThirdParty:1030 - CMSIS Pack Vendor :STMicroelectronics lwIP 2.0.3
2023-04-05 12:18:45,652 [INFO] ThirdParty:1030 - CMSIS Pack Vendor :STMicroelectronics X-CUBE-NFC4 2.0.4
2023-04-05 12:18:45,652 [INFO] ThirdParty:1030 - CMSIS Pack Vendor :STMicroelectronics USB_HOST 1.0.0
2023-04-05 12:18:45,652 [INFO] ThirdParty:1030 - CMSIS Pack Vendor :STMicroelectronics PDM2PCM 3.1.0
2023-04-05 12:18:45,652 [INFO] ThirdParty:1030 - CMSIS Pack Vendor :STMicroelectronics X-CUBE-TOF1 3.3.0
2023-04-05 12:18:45,653 [INFO] ThirdParty:1030 - CMSIS Pack Vendor :STMicroelectronics FP-ATR-ASTRA1 1.1.1
2023-04-05 12:18:45,653 [INFO] ThirdParty:1030 - CMSIS Pack Vendor :STMicroelectronics PDM2PCM 3.3.0
2023-04-05 12:18:45,653 [INFO] ThirdParty:1030 - CMSIS Pack Vendor :STMicroelectronics X-CUBE-TOF1 3.1.0
2023-04-05 12:18:45,653 [INFO] ThirdParty:1030 - CMSIS Pack Vendor :STMicroelectronics X-CUBE-DISPLAY 3.0.0
2023-04-05 12:18:45,653 [INFO] ThirdParty:1030 - CMSIS Pack Vendor :STMicroelectronics X-CUBE-BLEMGR 1.3.0
2023-04-05 12:18:45,653 [INFO] ThirdParty:1030 - CMSIS Pack Vendor :STMicroelectronics X-CUBE-AZRTOS-G4 1.0.0
2023-04-05 12:18:45,653 [INFO] ThirdParty:1030 - CMSIS Pack Vendor :STMicroelectronics FP-ATR-SIGFOX1 3.2.0
2023-04-05 12:18:45,653 [INFO] ThirdParty:1030 - CMSIS Pack Vendor :STMicroelectronics X-CUBE-AZRTOS-L4 1.0.0
2023-04-05 12:18:45,653 [INFO] ThirdParty:1030 - CMSIS Pack Vendor :STMicroelectronics HAL Drivers 0.0.0
2023-04-05 12:18:45,653 [INFO] ThirdParty:1030 - CMSIS Pack Vendor :STMicroelectronics MBEDTLS 2.16.2
2023-04-05 12:18:45,653 [INFO] ThirdParty:1030 - CMSIS Pack Vendor :emotas I-CUBE-CANOPEN 1.1.2
2023-04-05 12:18:45,653 [INFO] ThirdParty:1030 - CMSIS Pack Vendor :STMicroelectronics X-CUBE-TOUCHGFX 4.20.0
2023-04-05 12:18:45,654 [INFO] ThirdParty:1030 - CMSIS Pack Vendor :STMicroelectronics MBEDTLS 2.14.1
2023-04-05 12:18:45,654 [INFO] ThirdParty:1030 - CMSIS Pack Vendor :STMicroelectronics X-CUBE-NFC7 1.0.0
2023-04-05 12:18:45,654 [INFO] ThirdParty:1030 - CMSIS Pack Vendor :STMicroelectronics X-CUBE-AZRTOS-WL 1.0.0
2023-04-05 12:18:45,654 [INFO] ThirdParty:1030 - CMSIS Pack Vendor :STMicroelectronics X-CUBE-MEMS1 9.3.0
2023-04-05 12:18:45,654 [INFO] ThirdParty:1030 - CMSIS Pack Vendor :STMicroelectronics X-CUBE-EEPRMA1 4.1.0
2023-04-05 12:18:45,654 [INFO] ThirdParty:1030 - CMSIS Pack Vendor :portGmbH I-Cube-SoM-uGOAL 1.1.0
2023-04-05 12:18:45,654 [INFO] ThirdParty:1030 - CMSIS Pack Vendor :STMicroelectronics X-CUBE-ALS 1.0.1
2023-04-05 12:18:45,658 [INFO] ThirdParty:1030 - CMSIS Pack Vendor :STMicroelectronics X-CUBE-AI 7.2.0
2023-04-05 12:18:45,658 [INFO] ThirdParty:1030 - CMSIS Pack Vendor :STMicroelectronics X-CUBE-MEMS1 9.5.0
2023-04-05 12:18:45,658 [INFO] ThirdParty:1030 - CMSIS Pack Vendor :STMicroelectronics ThreadX 1.0.0
2023-04-05 12:18:45,658 [INFO] ThirdParty:1030 - CMSIS Pack Vendor :STMicroelectronics X-CUBE-AZRTOS-WB 1.1.0
2023-04-05 12:18:45,658 [INFO] ThirdParty:1030 - CMSIS Pack Vendor :SEGGER I-CUBE-embOS 1.3.1
2023-04-05 12:18:45,659 [INFO] ThirdParty:1030 - CMSIS Pack Vendor :STMicroelectronics X-CUBE-AZRTOS-L5 1.0.0
2023-04-05 12:18:45,659 [INFO] ThirdParty:1030 - CMSIS Pack Vendor :STMicroelectronics USB_DEVICE 1.0.0
2023-04-05 12:18:45,659 [INFO] ThirdParty:1030 - CMSIS Pack Vendor :STMicroelectronics X-CUBE-EEPRMA1 3.1.1
2023-04-05 12:18:45,659 [INFO] ThirdParty:1030 - CMSIS Pack Vendor :STMicroelectronics ThreadX 0.0.2
2023-04-05 12:18:45,659 [INFO] ThirdParty:1030 - CMSIS Pack Vendor :WES I-CUBE-Cesium 1.3.0
2023-04-05 12:18:45,659 [INFO] ThirdParty:1030 - CMSIS Pack Vendor :STMicroelectronics lwIP 2.1.2
2023-04-05 12:18:45,659 [INFO] ThirdParty:1030 - CMSIS Pack Vendor :STMicroelectronics X-CUBE-SFXS2LP1 4.0.0
2023-04-05 12:18:45,659 [INFO] ThirdParty:1030 - CMSIS Pack Vendor :STMicroelectronics X-CUBE-BLE2 3.3.0
2023-04-05 12:18:45,659 [INFO] ThirdParty:1030 - CMSIS Pack Vendor :STMicroelectronics X-CUBE-DISPLAY 2.2.0
2023-04-05 12:18:45,659 [INFO] ThirdParty:1030 - CMSIS Pack Vendor :STMicroelectronics X-CUBE-TOF1 3.2.0
2023-04-05 12:18:45,660 [INFO] ThirdParty:1030 - CMSIS Pack Vendor :STMicroelectronics PDM2PCM 3.2.0
2023-04-05 12:18:45,660 [INFO] ThirdParty:1030 - CMSIS Pack Vendor :STMicroelectronics X-CUBE-AZRTOS-H7 3.0.0
2023-04-05 12:18:45,660 [INFO] ThirdParty:1030 - CMSIS Pack Vendor :STMicroelectronics X-CUBE-ISPU 1.0.0
2023-04-05 12:18:45,660 [INFO] ThirdParty:841 - exiting critical section [change project]
2023-04-05 12:18:46,589 [INFO] PinOutPanel:1499 - setPackage(No Configuration,No Configuration)
2023-04-05 12:18:46,591 [INFO] PinOutPanel:1499 - setPackage(STM32L476RGTx,LQFP64)
2023-04-05 12:18:48,530 [INFO] UtilMem:75 - Before build in PCC Used Memory: 601887120 Bytes (751828992)
2023-04-05 12:18:50,256 [INFO] UtilMem:75 - After build in PCC Used Memory: 537219424 Bytes (751828992)
2023-04-05 12:18:50,315 [INFO] IPUIPlugin:80 - create IPUIPlugin
2023-04-05 12:18:50,316 [INFO] IPUIPlugin:80 - create IPUIPlugin
2023-04-05 12:18:50,316 [INFO] IPUIPlugin:80 - create IPUIPlugin
2023-04-05 12:18:50,316 [INFO] IPUIPlugin:80 - create IPUIPlugin
2023-04-05 12:18:50,316 [INFO] IPUIPlugin:80 - create IPUIPlugin
2023-04-05 12:18:50,317 [INFO] IPUIPlugin:80 - create IPUIPlugin
2023-04-05 12:18:50,317 [INFO] IPUIPlugin:80 - create IPUIPlugin
2023-04-05 12:18:50,317 [INFO] IPUIPlugin:80 - create IPUIPlugin
2023-04-05 12:18:50,317 [INFO] IPUIPlugin:80 - create IPUIPlugin
2023-04-05 12:18:50,318 [INFO] IPUIPlugin:80 - create IPUIPlugin
2023-04-05 12:18:50,318 [INFO] IPUIPlugin:80 - create IPUIPlugin
2023-04-05 12:18:50,318 [INFO] IPUIPlugin:80 - create IPUIPlugin
2023-04-05 12:18:50,318 [INFO] IPUIPlugin:80 - create IPUIPlugin
2023-04-05 12:18:50,318 [INFO] IPUIPlugin:80 - create IPUIPlugin
2023-04-05 12:18:50,319 [INFO] IPUIPlugin:80 - create IPUIPlugin
2023-04-05 12:18:50,319 [INFO] IPUIPlugin:80 - create IPUIPlugin
2023-04-05 12:18:50,319 [INFO] IPUIPlugin:80 - create IPUIPlugin
2023-04-05 12:18:50,320 [INFO] IPUIPlugin:80 - create IPUIPlugin
2023-04-05 12:18:50,320 [INFO] IPUIPlugin:80 - create IPUIPlugin
2023-04-05 12:18:50,321 [INFO] IPUIPlugin:80 - create IPUIPlugin
2023-04-05 12:18:50,321 [INFO] IPUIPlugin:80 - create IPUIPlugin
2023-04-05 12:18:50,322 [INFO] IPUIPlugin:80 - create IPUIPlugin
2023-04-05 12:18:50,322 [INFO] IPUIPlugin:80 - create IPUIPlugin
2023-04-05 12:18:50,322 [INFO] IPUIPlugin:80 - create IPUIPlugin
2023-04-05 12:18:50,323 [INFO] IPUIPlugin:80 - create IPUIPlugin
2023-04-05 12:18:50,323 [INFO] IPUIPlugin:80 - create IPUIPlugin
2023-04-05 12:18:50,323 [INFO] IPUIPlugin:80 - create IPUIPlugin
2023-04-05 12:18:50,324 [INFO] IPUIPlugin:80 - create IPUIPlugin
2023-04-05 12:18:50,324 [INFO] IPUIPlugin:80 - create IPUIPlugin
2023-04-05 12:18:50,324 [INFO] IPUIPlugin:80 - create IPUIPlugin
2023-04-05 12:18:50,325 [INFO] IPUIPlugin:80 - create IPUIPlugin
2023-04-05 12:18:50,325 [INFO] IPUIPlugin:80 - create IPUIPlugin
2023-04-05 12:18:50,326 [INFO] IPUIPlugin:80 - create IPUIPlugin
2023-04-05 12:18:50,326 [INFO] IPUIPlugin:80 - create IPUIPlugin
2023-04-05 12:18:50,327 [INFO] IPUIPlugin:80 - create IPUIPlugin
2023-04-05 12:18:50,327 [INFO] IPUIPlugin:80 - create IPUIPlugin
2023-04-05 12:18:50,328 [INFO] IPUIPlugin:80 - create IPUIPlugin
2023-04-05 12:18:50,329 [INFO] IPUIPlugin:80 - create IPUIPlugin
2023-04-05 12:18:50,329 [INFO] IPUIPlugin:80 - create IPUIPlugin
2023-04-05 12:18:50,330 [INFO] IPUIPlugin:80 - create IPUIPlugin
2023-04-05 12:18:50,330 [INFO] IPUIPlugin:80 - create IPUIPlugin
2023-04-05 12:18:50,331 [INFO] IPUIPlugin:80 - create IPUIPlugin
2023-04-05 12:18:50,331 [INFO] IPUIPlugin:80 - create IPUIPlugin
2023-04-05 12:18:50,332 [INFO] IPUIPlugin:80 - create IPUIPlugin
2023-04-05 12:18:50,332 [INFO] IPUIPlugin:80 - create IPUIPlugin
2023-04-05 12:18:50,333 [INFO] IPUIPlugin:80 - create IPUIPlugin
2023-04-05 12:18:50,334 [INFO] IPUIPlugin:80 - create IPUIPlugin
2023-04-05 12:18:50,334 [INFO] IPUIPlugin:80 - create IPUIPlugin
2023-04-05 12:18:50,335 [INFO] IPUIPlugin:80 - create IPUIPlugin
2023-04-05 12:18:50,335 [INFO] IPUIPlugin:80 - create IPUIPlugin
2023-04-05 12:18:50,336 [INFO] IPUIPlugin:80 - create IPUIPlugin
2023-04-05 12:18:50,337 [INFO] IPUIPlugin:80 - create IPUIPlugin
2023-04-05 12:18:50,338 [INFO] IPUIPlugin:80 - create IPUIPlugin
2023-04-05 12:18:50,338 [INFO] IPUIPlugin:80 - create IPUIPlugin
2023-04-05 12:18:50,339 [INFO] IPUIPlugin:80 - create IPUIPlugin
2023-04-05 12:18:50,340 [INFO] IPUIPlugin:80 - create IPUIPlugin
2023-04-05 12:18:50,341 [INFO] IPUIPlugin:80 - create IPUIPlugin
2023-04-05 12:18:50,342 [INFO] IPUIPlugin:80 - create IPUIPlugin
2023-04-05 12:18:50,343 [INFO] IPUIPlugin:80 - create IPUIPlugin
2023-04-05 12:18:50,709 [INFO] CADModel:165 - CPN selected for project levelSTM32L476RGT3
2023-04-05 12:18:50,709 [INFO] CADModel:114 - Register for checkConnection events
2023-04-05 12:18:50,780 [INFO] OpenFileManager:328 - Restore cursor
2023-04-05 15:05:07,884 [INFO] UtilMem:75 - End SaveConfig() Used Memory: 239980664 Bytes (675282944)
2023-04-05 15:05:10,407 [INFO] UtilMem:75 - End SaveConfig() Used Memory: 273008760 Bytes (675282944)
2023-04-05 15:05:11,245 [INFO] UtilMem:75 - End SaveConfig() Used Memory: 300878592 Bytes (675282944)
2023-04-05 15:05:13,272 [INFO] BlockDiagram:2759 - set Specific Code input for plugin: SPI
2023-04-05 15:05:13,272 [INFO] BlockDiagram:2759 - set Specific Code input for plugin: SYS
2023-04-05 15:05:13,272 [INFO] BlockDiagram:2759 - set Specific Code input for plugin: RCC
2023-04-05 15:05:13,272 [INFO] BlockDiagram:2759 - set Specific Code input for plugin: NVIC
2023-04-05 15:05:13,273 [INFO] BlockDiagram:2759 - set Specific Code input for plugin: USART
2023-04-05 15:05:13,273 [INFO] BlockDiagram:2759 - set Specific Code input for plugin: GPIO
2023-04-05 15:05:13,277 [INFO] CodeGenerator:793 - code generatio: config db path: C:\ST\STM32CubeIDE_1.10.1\STM32CubeIDE\plugins\com.st.stm32cube.common.mx_6.8.0.202302231600\\db\
2023-04-05 15:05:14,257 [INFO] CodeEngine:255 - oldGeneratedFile, D:\PyrOptik\Software\STM32_Nucleo64\nucleo-l476rg-SPI\MXTmpFiles\license.tmp_save
2023-04-05 15:05:15,259 [INFO] CodeEngine:279 - Generated code: D:\PyrOptik\Software\STM32_Nucleo64\nucleo-l476rg-SPI\MXTmpFiles\license.tmp
2023-04-05 15:05:15,720 [INFO] CodeEngine:255 - oldGeneratedFile, D:\PyrOptik\Software\STM32_Nucleo64\nucleo-l476rg-SPI\MXTmpFiles\gpio.tmp_save
2023-04-05 15:05:16,194 [INFO] CodeEngine:279 - Generated code: D:\PyrOptik\Software\STM32_Nucleo64\nucleo-l476rg-SPI\MXTmpFiles\gpio.tmp
2023-04-05 15:05:19,463 [INFO] CodeEngine:255 - oldGeneratedFile, D:\PyrOptik\Software\STM32_Nucleo64\nucleo-l476rg-SPI\Core\Src\stm32l4xx_it.c_save
2023-04-05 15:05:19,758 [INFO] CodeEngine:279 - Generated code: D:\PyrOptik\Software\STM32_Nucleo64\nucleo-l476rg-SPI\Core\Src\stm32l4xx_it.c
2023-04-05 15:05:19,769 [INFO] CodeEngine:255 - oldGeneratedFile, D:\PyrOptik\Software\STM32_Nucleo64\nucleo-l476rg-SPI\Core\Inc\stm32l4xx_it.h_save
2023-04-05 15:05:20,057 [INFO] CodeEngine:279 - Generated code: D:\PyrOptik\Software\STM32_Nucleo64\nucleo-l476rg-SPI\Core\Inc\stm32l4xx_it.h
2023-04-05 15:05:20,136 [INFO] CodeEngine:255 - oldGeneratedFile, D:\PyrOptik\Software\STM32_Nucleo64\nucleo-l476rg-SPI\Core\Src\stm32l4xx_hal_msp.c_save
2023-04-05 15:05:20,671 [INFO] CodeEngine:279 - Generated code: D:\PyrOptik\Software\STM32_Nucleo64\nucleo-l476rg-SPI\Core\Src\stm32l4xx_hal_msp.c
2023-04-05 15:05:20,681 [INFO] CodeEngine:255 - oldGeneratedFile, D:\PyrOptik\Software\STM32_Nucleo64\nucleo-l476rg-SPI\MXTmpFiles\system.tmp_save
2023-04-05 15:05:20,838 [INFO] CodeEngine:279 - Generated code: D:\PyrOptik\Software\STM32_Nucleo64\nucleo-l476rg-SPI\MXTmpFiles\system.tmp
2023-04-05 15:05:20,870 [INFO] CodeEngine:311 - oldGeneratedFile, D:\PyrOptik\Software\STM32_Nucleo64\nucleo-l476rg-SPI\Core\Inc\stm32l4xx_hal_conf.h_save
2023-04-05 15:05:21,164 [INFO] CodeEngine:335 - Generated code: D:\PyrOptik\Software\STM32_Nucleo64\nucleo-l476rg-SPI\Core\Inc\stm32l4xx_hal_conf.h
2023-04-05 15:05:21,323 [INFO] CodeEngine:255 - oldGeneratedFile, D:\PyrOptik\Software\STM32_Nucleo64\nucleo-l476rg-SPI\Core\Inc\main.h_save
2023-04-05 15:05:21,862 [INFO] CodeEngine:279 - Generated code: D:\PyrOptik\Software\STM32_Nucleo64\nucleo-l476rg-SPI\Core\Inc\main.h
2023-04-05 15:05:21,991 [INFO] CodeEngine:255 - oldGeneratedFile, D:\PyrOptik\Software\STM32_Nucleo64\nucleo-l476rg-SPI\Core\Src\main.c_save
2023-04-05 15:05:22,457 [INFO] CodeEngine:279 - Generated code: D:\PyrOptik\Software\STM32_Nucleo64\nucleo-l476rg-SPI\Core\Src\main.c
2023-04-05 15:05:24,936 [INFO] ProjectBuilder:2996 - Time for Copy HAL[1] : 1147mS.
2023-04-05 15:05:24,986 [INFO] ProjectBuilder:4304 - Project Generator version: 3.19.2
2023-04-05 15:05:25,679 [INFO] ConfigFileManager:1483 - The Die is : DIE415
2023-04-05 15:05:25,704 [INFO] ApiDbMcu:507 - Load IP Config File for FATFS
2023-04-05 15:05:25,749 [INFO] ApiDbMcu:507 - Load IP Config File for FREERTOS
2023-04-05 15:05:25,783 [INFO] ApiDbMcu:507 - Load IP Config File for TOUCHSENSING
2023-04-05 15:05:25,803 [INFO] ApiDbMcu:507 - Load IP Config File for USB_DEVICE
2023-04-05 15:05:25,817 [INFO] ApiDbMcu:507 - Load IP Config File for USB_HOST
2023-04-05 15:05:28,199 [INFO] LogOutputStream:77 - [STDOUT_REDIRECT] 
2023-04-05 15:05:32,886 [INFO] ProjectBuilder:4505 - Time for Generating toolchain IDE Files: 7898mS.
2023-04-05 15:05:32,888 [INFO] ProjectBuilder:2867 - Time for Copy CMSIS : 1mS.
2023-04-05 15:05:32,892 [INFO] ProjectBuilder:2867 - Time for Copy CMSIS : 1mS.
