2023-05-08 16:47:17,421 [INFO] Activator:176 - 


2023-05-08 16:47:17,428 [INFO] Activator:177 - !SESSION log4j initialized
2023-05-08 16:47:31,505 [INFO] LogOutputStream:77 - [STDOUT_REDIRECT] 
2023-05-08 16:47:49,643 [ERROR] LogOutputStream:75 - [STDERR_REDIRECT] SLF4J: Failed to load class "org.slf4j.impl.StaticLoggerBinder".
2023-05-08 16:47:49,646 [ERROR] LogOutputStream:75 - [STDERR_REDIRECT] SLF4J: Defaulting to no-operation (NOP) logger implementation
2023-05-08 16:47:49,650 [ERROR] LogOutputStream:75 - [STDERR_REDIRECT] SLF4J: See http://www.slf4j.org/codes.html#StaticLoggerBinder for further details.
2023-05-08 16:52:54,961 [INFO] Activator:176 - 


2023-05-08 16:52:54,965 [INFO] Activator:177 - !SESSION log4j initialized
2023-05-08 16:53:05,657 [INFO] LogOutputStream:77 - [STDOUT_REDIRECT] 
2023-05-08 16:53:25,668 [ERROR] LogOutputStream:75 - [STDERR_REDIRECT] SLF4J: Failed to load class "org.slf4j.impl.StaticLoggerBinder".
2023-05-08 16:53:25,670 [ERROR] LogOutputStream:75 - [STDERR_REDIRECT] SLF4J: Defaulting to no-operation (NOP) logger implementation
2023-05-08 16:53:25,675 [ERROR] LogOutputStream:75 - [STDERR_REDIRECT] SLF4J: See http://www.slf4j.org/codes.html#StaticLoggerBinder for further details.
2023-05-08 16:54:18,083 [INFO] ApplicationProperties:184 - Using Application install path: C:\ST\STM32CubeIDE_1.10.1\STM32CubeIDE\plugins\com.st.stm32cube.common.mx_6.8.1.202304191431
2023-05-08 16:54:18,124 [INFO] DbMcusXml:78 - Set database path to: C:\ST\STM32CubeIDE_1.10.1\STM32CubeIDE\plugins\com.st.stm32cube.common.mx_6.8.1.202304191431\\db\/mcu/
2023-05-08 16:54:18,125 [INFO] ApiDb:274 - Set plugin database path to: C:\ST\STM32CubeIDE_1.10.1\STM32CubeIDE\plugins\com.st.stm32cube.common.mx_6.8.1.202304191431\\db\/plugins/boardmanager/
2023-05-08 16:54:18,132 [WARN] ApiDb:259 - Overriding images path with different value:  => C:\ST\STM32CubeIDE_1.10.1\STM32CubeIDE\plugins\com.st.stm32cube.common.mx_6.8.1.202304191431\\db\/plugins/mcufinder/images/
2023-05-08 16:54:21,755 [INFO] ApiDb:250 - Set database path to: C:\Users\sahme\.stmcufinder\plugins\mcufinder//mcu/
2023-05-08 16:54:21,758 [INFO] DbMcusAds:125 - Set database path to: C:\Users\sahme\.stmcufinder\plugins\mcufinder//mcu/
2023-05-08 16:54:22,023 [INFO] CrossReferenceDbSqlite:203 - Set database path to: C:\Users\sahme\.stmcufinder\plugins\mcufinder//mcu/cs/
2023-05-08 16:54:22,204 [INFO] RulesReader:64 - Compatibility file has been processed (293 Rules)
2023-05-08 16:54:22,375 [INFO] DbMcusXml:78 - Set database path to: C:\ST\STM32CubeIDE_1.10.1\STM32CubeIDE\plugins\com.st.stm32cube.common.mx_6.8.1.202304191431\\db\/mcu/
2023-05-08 16:54:22,376 [INFO] ApiDb:274 - Set plugin database path to: C:\ST\STM32CubeIDE_1.10.1\STM32CubeIDE\plugins\com.st.stm32cube.common.mx_6.8.1.202304191431\\db\/plugins/boardmanager/
2023-05-08 16:54:22,376 [INFO] ApiDb:261 - Set plugin images path to: C:\ST\STM32CubeIDE_1.10.1\STM32CubeIDE\plugins\com.st.stm32cube.common.mx_6.8.1.202304191431\\db\/plugins/mcufinder/images/
2023-05-08 16:54:22,377 [WARN] DbFile:41 - Overriding database path with different value: C:\Users\sahme\.stmcufinder\plugins\mcufinder/ => C:\Users\sahme\.stmcufinder\plugins\mcufinder
2023-05-08 16:54:22,377 [INFO] ApiDb:250 - Set database path to: C:\Users\sahme\.stmcufinder\plugins\mcufinder//mcu/
2023-05-08 16:54:22,377 [WARN] DbFile:41 - Overriding database path with different value: C:\Users\sahme\.stmcufinder\plugins\mcufinder/ => C:\Users\sahme\.stmcufinder\plugins\mcufinder
2023-05-08 16:54:22,378 [INFO] DbMcusAds:125 - Set database path to: C:\Users\sahme\.stmcufinder\plugins\mcufinder//mcu/
2023-05-08 16:54:22,378 [WARN] DbFile:41 - Overriding database path with different value: C:\Users\sahme\.stmcufinder\plugins\mcufinder/ => C:\Users\sahme\.stmcufinder\plugins\mcufinder
2023-05-08 16:54:22,378 [WARN] DbFile:41 - Overriding database path with different value: C:\Users\sahme\.stmcufinder\plugins\mcufinder/ => C:\Users\sahme\.stmcufinder\plugins\mcufinder
2023-05-08 16:54:22,378 [INFO] CrossReferenceDbSqlite:203 - Set database path to: C:\Users\sahme\.stmcufinder\plugins\mcufinder//mcu/cs/
2023-05-08 16:54:22,527 [INFO] MainPanel:253 - HeapMemory: 481296384
2023-05-08 16:54:22,702 [INFO] DbMcusXml:78 - Set database path to: C:\ST\STM32CubeIDE_1.10.1\STM32CubeIDE\plugins\com.st.stm32cube.common.mx_6.8.1.202304191431\\db\/mcu/
2023-05-08 16:54:22,703 [INFO] ApiDb:274 - Set plugin database path to: C:\ST\STM32CubeIDE_1.10.1\STM32CubeIDE\plugins\com.st.stm32cube.common.mx_6.8.1.202304191431\\db\/plugins/boardmanager/
2023-05-08 16:54:22,703 [INFO] ApiDb:261 - Set plugin images path to: C:\ST\STM32CubeIDE_1.10.1\STM32CubeIDE\plugins\com.st.stm32cube.common.mx_6.8.1.202304191431\\db\/plugins/mcufinder/images/
2023-05-08 16:54:22,704 [WARN] DbFile:41 - Overriding database path with different value: C:\Users\sahme\.stmcufinder\plugins\mcufinder/ => C:\Users\sahme\.stmcufinder\plugins\mcufinder
2023-05-08 16:54:22,704 [INFO] ApiDb:250 - Set database path to: C:\Users\sahme\.stmcufinder\plugins\mcufinder//mcu/
2023-05-08 16:54:22,704 [WARN] DbFile:41 - Overriding database path with different value: C:\Users\sahme\.stmcufinder\plugins\mcufinder/ => C:\Users\sahme\.stmcufinder\plugins\mcufinder
2023-05-08 16:54:22,705 [INFO] DbMcusAds:125 - Set database path to: C:\Users\sahme\.stmcufinder\plugins\mcufinder//mcu/
2023-05-08 16:54:22,705 [WARN] DbFile:41 - Overriding database path with different value: C:\Users\sahme\.stmcufinder\plugins\mcufinder/ => C:\Users\sahme\.stmcufinder\plugins\mcufinder
2023-05-08 16:54:22,705 [WARN] DbFile:41 - Overriding database path with different value: C:\Users\sahme\.stmcufinder\plugins\mcufinder/ => C:\Users\sahme\.stmcufinder\plugins\mcufinder
2023-05-08 16:54:22,706 [INFO] CrossReferenceDbSqlite:203 - Set database path to: C:\Users\sahme\.stmcufinder\plugins\mcufinder//mcu/cs/
2023-05-08 16:54:22,751 [INFO] ApplicationProperties:184 - Using Application install path: C:\ST\STM32CubeIDE_1.10.1\STM32CubeIDE\plugins\com.st.stm32cube.common.mx_6.8.1.202304191431
2023-05-08 16:54:22,755 [INFO] PluginManage:196 - Search for loadable plugins [exclusion list=, ]
2023-05-08 16:54:22,758 [INFO] PluginManage:310 - Check plugin analytics
2023-05-08 16:54:23,233 [INFO] AnalyticsPlugin:253 - Accepted Software Licenses: 
2023-05-08 16:54:23,234 [INFO] AnalyticsPlugin:255 - Accepted CMSIS Pack Licenses: 
2023-05-08 16:54:23,235 [INFO] AnalyticsPlugin:257 - Accepted Firmware Licenses: 
2023-05-08 16:54:23,261 [INFO] PluginManage:359 - Loaded plugin analytics (category:tool,tabindex:-1)
2023-05-08 16:54:23,262 [INFO] PluginManage:310 - Check plugin cadmodel
2023-05-08 16:54:23,275 [INFO] CADModel:105 - Init CAD model plugin
2023-05-08 16:54:23,275 [INFO] PluginManage:359 - Loaded plugin cadmodel (category:power,tabindex:5)
2023-05-08 16:54:23,275 [INFO] PluginManage:310 - Check plugin clock
2023-05-08 16:54:23,294 [INFO] PluginManage:359 - Loaded plugin clock (category:base,tabindex:2)
2023-05-08 16:54:23,295 [INFO] PluginManage:310 - Check plugin ddr
2023-05-08 16:54:23,301 [INFO] PluginManage:359 - Loaded plugin ddr (category:tool,tabindex:6)
2023-05-08 16:54:23,302 [INFO] PluginManage:310 - Check plugin filemanager
2023-05-08 16:54:23,693 [INFO] PluginManage:359 - Loaded plugin filemanager (category:base,tabindex:10)
2023-05-08 16:54:23,693 [INFO] PluginManage:310 - Check plugin ipmanager
2023-05-08 16:54:23,709 [INFO] PluginManage:359 - Loaded plugin ipmanager (category:base,tabindex:5)
2023-05-08 16:54:23,709 [INFO] PluginManage:310 - Check plugin lpbam
2023-05-08 16:54:23,731 [INFO] PluginManage:359 - Loaded plugin lpbam (category:base,tabindex:0)
2023-05-08 16:54:23,731 [INFO] PluginManage:310 - Check plugin pinoutandconfiguration
2023-05-08 16:54:23,749 [INFO] PluginManage:359 - Loaded plugin pinoutandconfiguration (category:base,tabindex:1)
2023-05-08 16:54:23,750 [INFO] PluginManage:310 - Check plugin pinoutconfig
2023-05-08 16:54:23,906 [WARN] SupportedApi:132 - Cannot load RTOS API schema: s4s-elt-must-match.1: The content of 'definitions' must match (annotation?, (simpleType | complexType)?, (unique | key | keyref)*)). A problem was found starting at: attribute.
2023-05-08 16:54:24,117 [INFO] PluginManage:359 - Loaded plugin pinoutconfig (category:base,tabindex:0)
2023-05-08 16:54:24,118 [INFO] PluginManage:310 - Check plugin power
2023-05-08 16:54:24,135 [INFO] PluginManage:359 - Loaded plugin power (category:power,tabindex:4)
2023-05-08 16:54:24,136 [INFO] PluginManage:310 - Check plugin projectmanager
2023-05-08 16:54:24,168 [INFO] PluginManage:359 - Loaded plugin projectmanager (category:projectmanager,tabindex:3)
2023-05-08 16:54:24,169 [INFO] PluginManage:310 - Check plugin thirdparty
2023-05-08 16:54:24,437 [INFO] PluginManage:359 - Loaded plugin thirdparty (category:base,tabindex:-1)
2023-05-08 16:54:24,436 [WARN] IntegrityCheckThread:84 - waiting for thirdparty lock release [integrity check]
2023-05-08 16:54:24,438 [INFO] IntegrityCheckThread:86 - entering critical section [integrity check]
2023-05-08 16:54:24,438 [INFO] PluginManage:310 - Check plugin tools
2023-05-08 16:54:24,444 [INFO] ThirdPartyUpdaterWithRetryManager:70 - Updater plugin not ready yet. [1/15]
2023-05-08 16:54:24,446 [INFO] PluginManage:359 - Loaded plugin tools (category:base,tabindex:7)
2023-05-08 16:54:24,447 [INFO] PluginManage:310 - Check plugin tutovideos
2023-05-08 16:54:24,832 [INFO] PluginManage:359 - Loaded plugin tutovideos (category:base,tabindex:-1)
2023-05-08 16:54:24,832 [INFO] PluginManage:310 - Check plugin updater
2023-05-08 16:54:24,861 [INFO] PluginManage:359 - Loaded plugin updater (category:base,tabindex:12)
2023-05-08 16:54:24,861 [INFO] PluginManage:283 - PluginManage : Loaded plugins [15]
2023-05-08 16:54:25,369 [INFO] PinOutPanel:1499 - setPackage(No Configuration,No Configuration)
2023-05-08 16:54:25,525 [INFO] CADModel:165 - CPN selected for project level
2023-05-08 16:54:25,525 [INFO] CADModel:114 - Register for checkConnection events
2023-05-08 16:54:25,560 [INFO] IPUIPlugin:80 - create IPUIPlugin
2023-05-08 16:54:25,560 [INFO] PluginManager:220 - loadIPPluginJar : add adc
2023-05-08 16:54:25,588 [INFO] IPUIPlugin:80 - create IPUIPlugin
2023-05-08 16:54:25,588 [INFO] PluginManager:220 - loadIPPluginJar : add aes
2023-05-08 16:54:25,594 [INFO] IPUIPlugin:80 - create IPUIPlugin
2023-05-08 16:54:25,594 [INFO] PluginManager:220 - loadIPPluginJar : add can
2023-05-08 16:54:25,598 [INFO] IPUIPlugin:80 - create IPUIPlugin
2023-05-08 16:54:25,599 [INFO] PluginManager:220 - loadIPPluginJar : add comp
2023-05-08 16:54:25,607 [INFO] IPUIPlugin:80 - create IPUIPlugin
2023-05-08 16:54:25,607 [INFO] PluginManager:220 - loadIPPluginJar : add cryp
2023-05-08 16:54:25,611 [INFO] IPUIPlugin:80 - create IPUIPlugin
2023-05-08 16:54:25,611 [INFO] PluginManager:220 - loadIPPluginJar : add dfsdm
2023-05-08 16:54:25,624 [INFO] IPUIPlugin:80 - create IPUIPlugin
2023-05-08 16:54:25,625 [INFO] PluginManager:220 - loadIPPluginJar : add dma
2023-05-08 16:54:25,630 [INFO] IPUIPlugin:80 - create IPUIPlugin
2023-05-08 16:54:25,630 [INFO] PluginManager:220 - loadIPPluginJar : add dma3
2023-05-08 16:54:25,637 [INFO] IPUIPlugin:80 - create IPUIPlugin
2023-05-08 16:54:25,638 [INFO] PluginManager:220 - loadIPPluginJar : add fatfs
2023-05-08 16:54:25,644 [INFO] IPUIPlugin:80 - create IPUIPlugin
2023-05-08 16:54:25,645 [INFO] PluginManager:220 - loadIPPluginJar : add fmc
2023-05-08 16:54:25,655 [INFO] IPUIPlugin:80 - create IPUIPlugin
2023-05-08 16:54:25,656 [INFO] PluginManager:220 - loadIPPluginJar : add freertos
2023-05-08 16:54:25,658 [INFO] IPUIPlugin:80 - create IPUIPlugin
2023-05-08 16:54:25,658 [INFO] PluginManager:220 - loadIPPluginJar : add genericplugin
2023-05-08 16:54:25,662 [INFO] IPUIPlugin:80 - create IPUIPlugin
2023-05-08 16:54:25,662 [INFO] PluginManager:220 - loadIPPluginJar : add gfxmmu
2023-05-08 16:54:25,672 [INFO] IPUIPlugin:80 - create IPUIPlugin
2023-05-08 16:54:25,672 [INFO] PluginManager:220 - loadIPPluginJar : add gic
2023-05-08 16:54:25,679 [INFO] IPUIPlugin:80 - create IPUIPlugin
2023-05-08 16:54:25,680 [INFO] PluginManager:220 - loadIPPluginJar : add gpio
2023-05-08 16:54:25,688 [INFO] IPUIPlugin:80 - create IPUIPlugin
2023-05-08 16:54:25,688 [INFO] PluginManager:220 - loadIPPluginJar : add gtzc
2023-05-08 16:54:25,693 [INFO] IPUIPlugin:80 - create IPUIPlugin
2023-05-08 16:54:25,693 [INFO] PluginManager:220 - loadIPPluginJar : add hash
2023-05-08 16:54:25,700 [INFO] IPUIPlugin:80 - create IPUIPlugin
2023-05-08 16:54:25,700 [INFO] PluginManager:220 - loadIPPluginJar : add i2c
2023-05-08 16:54:25,704 [INFO] IPUIPlugin:80 - create IPUIPlugin
2023-05-08 16:54:25,704 [INFO] PluginManager:220 - loadIPPluginJar : add i2s
2023-05-08 16:54:25,709 [INFO] IPUIPlugin:80 - create IPUIPlugin
2023-05-08 16:54:25,709 [INFO] PluginManager:220 - loadIPPluginJar : add i3c
2023-05-08 16:54:25,715 [INFO] IPUIPlugin:80 - create IPUIPlugin
2023-05-08 16:54:25,715 [INFO] PluginManager:220 - loadIPPluginJar : add ipddr
2023-05-08 16:54:25,730 [INFO] IPUIPlugin:80 - create IPUIPlugin
2023-05-08 16:54:25,730 [INFO] PluginManager:220 - loadIPPluginJar : add linkedlist
2023-05-08 16:54:25,737 [INFO] IPUIPlugin:80 - create IPUIPlugin
2023-05-08 16:54:25,737 [INFO] PluginManager:220 - loadIPPluginJar : add lorawan
2023-05-08 16:54:25,740 [INFO] IPUIPlugin:80 - create IPUIPlugin
2023-05-08 16:54:25,740 [INFO] PluginManager:220 - loadIPPluginJar : add ltdc
2023-05-08 16:54:25,751 [INFO] IPUIPlugin:80 - create IPUIPlugin
2023-05-08 16:54:25,752 [INFO] PluginManager:220 - loadIPPluginJar : add mdma
2023-05-08 16:54:25,757 [INFO] IPUIPlugin:80 - create IPUIPlugin
2023-05-08 16:54:25,757 [INFO] PluginManager:220 - loadIPPluginJar : add nvic
2023-05-08 16:54:25,763 [INFO] IPUIPlugin:80 - create IPUIPlugin
2023-05-08 16:54:25,764 [INFO] PluginManager:220 - loadIPPluginJar : add opamp
2023-05-08 16:54:25,772 [INFO] IPUIPlugin:80 - create IPUIPlugin
2023-05-08 16:54:25,772 [INFO] PluginManager:220 - loadIPPluginJar : add openamp
2023-05-08 16:54:25,777 [INFO] IPUIPlugin:80 - create IPUIPlugin
2023-05-08 16:54:25,777 [INFO] PluginManager:220 - loadIPPluginJar : add pdm2pcm
2023-05-08 16:54:25,794 [INFO] IPUIPlugin:80 - create IPUIPlugin
2023-05-08 16:54:25,799 [INFO] PluginManager:220 - loadIPPluginJar : add plateformsettings
2023-05-08 16:54:25,805 [INFO] IPUIPlugin:80 - create IPUIPlugin
2023-05-08 16:54:25,805 [INFO] PluginManager:220 - loadIPPluginJar : add quadspi
2023-05-08 16:54:25,810 [INFO] IPUIPlugin:80 - create IPUIPlugin
2023-05-08 16:54:25,811 [INFO] PluginManager:220 - loadIPPluginJar : add resmgrutility
2023-05-08 16:54:25,818 [INFO] IPUIPlugin:80 - create IPUIPlugin
2023-05-08 16:54:25,819 [INFO] PluginManager:220 - loadIPPluginJar : add sai
2023-05-08 16:54:25,824 [INFO] IPUIPlugin:80 - create IPUIPlugin
2023-05-08 16:54:25,825 [INFO] PluginManager:220 - loadIPPluginJar : add spi
2023-05-08 16:54:25,837 [INFO] IPUIPlugin:80 - create IPUIPlugin
2023-05-08 16:54:25,837 [INFO] PluginManager:220 - loadIPPluginJar : add stm32_wpan
2023-05-08 16:54:25,840 [INFO] IPUIPlugin:80 - create IPUIPlugin
2023-05-08 16:54:25,841 [INFO] PluginManager:220 - loadIPPluginJar : add tim
2023-05-08 16:54:25,848 [INFO] IPUIPlugin:80 - create IPUIPlugin
2023-05-08 16:54:25,848 [INFO] PluginManager:220 - loadIPPluginJar : add touchsensing
2023-05-08 16:54:25,853 [INFO] IPUIPlugin:80 - create IPUIPlugin
2023-05-08 16:54:25,854 [INFO] PluginManager:220 - loadIPPluginJar : add tracer_emb
2023-05-08 16:54:25,857 [INFO] IPUIPlugin:80 - create IPUIPlugin
2023-05-08 16:54:25,857 [INFO] PluginManager:220 - loadIPPluginJar : add ts
2023-05-08 16:54:25,860 [INFO] IPUIPlugin:80 - create IPUIPlugin
2023-05-08 16:54:25,860 [INFO] PluginManager:220 - loadIPPluginJar : add tsc
2023-05-08 16:54:25,866 [INFO] IPUIPlugin:80 - create IPUIPlugin
2023-05-08 16:54:25,866 [INFO] PluginManager:220 - loadIPPluginJar : add ucpd
2023-05-08 16:54:25,872 [INFO] IPUIPlugin:80 - create IPUIPlugin
2023-05-08 16:54:25,873 [INFO] PluginManager:220 - loadIPPluginJar : add usart
2023-05-08 16:54:25,880 [INFO] IPUIPlugin:80 - create IPUIPlugin
2023-05-08 16:54:25,880 [INFO] PluginManager:220 - loadIPPluginJar : add usbx
2023-05-08 16:54:26,103 [INFO] CADModel:165 - CPN selected for project level
2023-05-08 16:54:26,105 [INFO] CADModel:114 - Register for checkConnection events
2023-05-08 16:54:26,106 [FATAL] Updater:308 - Updater called before beeing initialized
2023-05-08 16:54:26,107 [ERROR] CADModel:125 - Updater not yet initialized, retry later 
2023-05-08 16:54:26,402 [INFO] CADModel:165 - CPN selected for project level
2023-05-08 16:54:26,403 [INFO] CADModel:114 - Register for checkConnection events
2023-05-08 16:54:26,403 [FATAL] Updater:308 - Updater called before beeing initialized
2023-05-08 16:54:26,403 [ERROR] CADModel:125 - Updater not yet initialized, retry later 
2023-05-08 16:54:26,411 [FATAL] Updater:308 - Updater called before beeing initialized
2023-05-08 16:54:26,847 [FATAL] Updater:308 - Updater called before beeing initialized
2023-05-08 16:54:26,865 [INFO] DbMcusAds:53 - JSON generation date=Thu Sep 30 07:55:09 BST 2021 (1632984909247)
2023-05-08 16:54:26,866 [FATAL] Updater:308 - Updater called before beeing initialized
2023-05-08 16:54:26,920 [WARN] DetailPanel:346 - Failed to get advertising image, set to default
2023-05-08 16:54:27,195 [FATAL] Updater:308 - Updater called before beeing initialized
2023-05-08 16:54:27,201 [FATAL] Updater:308 - Updater called before beeing initialized
2023-05-08 16:54:27,201 [FATAL] Updater:308 - Updater called before beeing initialized
2023-05-08 16:54:27,201 [WARN] DetailPanel:346 - Failed to get advertising image, set to default
2023-05-08 16:54:27,202 [FATAL] Updater:308 - Updater called before beeing initialized
2023-05-08 16:54:27,313 [ERROR] Updater:1120 - MainUpdater not yet initialized. External WinMGr cannot be set.
2023-05-08 16:54:27,319 [INFO] Updater:1056 - Updater Version found : 6.8.1
2023-05-08 16:54:27,358 [INFO] ApplicationProperties:184 - Using Application install path: C:\ST\STM32CubeIDE_1.10.1\STM32CubeIDE\plugins\com.st.stm32cube.common.mx_6.8.1.202304191431
2023-05-08 16:54:27,445 [INFO] ThirdPartyUpdaterWithRetryManager:70 - Updater plugin not ready yet. [2/15]
2023-05-08 16:54:27,448 [INFO] MainUpdater:519 - Copy updater definitions from MX database
2023-05-08 16:54:27,730 [INFO] MainUpdater:2854 - connection check result : 10
2023-05-08 16:54:27,732 [INFO] MainUpdater:3548 - Updater definition file requires update
2023-05-08 16:54:27,738 [INFO] MainUpdater:283 - Updater Check For Update Now.
2023-05-08 16:54:27,742 [INFO] MicroXplorer:498 - Change Database Version : DB.6.0.81
2023-05-08 16:54:27,814 [INFO] ServerAccessManage:473 - Download File updaters.zip
2023-05-08 16:54:27,939 [INFO] FileExtend:240 - Unzip File : updaters.zip
2023-05-08 16:54:27,939 [INFO] FileExtend:255 - Standard Zip Deflate
2023-05-08 16:54:29,311 [INFO] ServerAccessManage:473 - Download File PacksControlFlags.xml
2023-05-08 16:54:29,396 [INFO] ServerAccessManage:473 - Download File cubemx.pidx
2023-05-08 16:54:29,629 [INFO] LoadServerUpdatesThread:373 - End of LoadServerUpdate Thread
2023-05-08 16:54:29,866 [INFO] CheckServerUpdateThread:120 - End of CheckServer Thread
2023-05-08 16:54:29,974 [INFO] MainUpdater:2854 - connection check result : 10
2023-05-08 16:54:29,976 [INFO] MainUpdater:2854 - connection check result : 10
2023-05-08 16:54:30,129 [INFO] MicroXplorer:468 - Change Database Path : 
2023-05-08 16:54:30,130 [INFO] MicroXplorer:498 - Change Database Version : DB.6.0.81
2023-05-08 16:54:30,130 [WARN] ThirdParty:871 - waiting for thirdparty lock release [close project]
2023-05-08 16:54:31,251 [WARN] PackLoader:240 - Cannot read IP mode file for STMicroelectronics.X-CUBE-GNSS1.6.0.0
2023-05-08 16:54:31,380 [WARN] PackLoader:240 - Cannot read IP mode file for STMicroelectronics.X-CUBE-AZRTOS-F4.1.1.0
2023-05-08 16:54:31,472 [WARN] PackLoader:240 - Cannot read IP mode file for STMicroelectronics.X-CUBE-SMBUS.2.1.0
2023-05-08 16:54:31,545 [WARN] PackLoader:240 - Cannot read IP mode file for STMicroelectronics.X-CUBE-AZRTOS-F7.1.1.0
2023-05-08 16:54:31,749 [WARN] PackLoader:240 - Cannot read IP mode file for STMicroelectronics.X-CUBE-MEMS1.9.6.0
2023-05-08 16:54:32,179 [WARN] PackLoader:240 - Cannot read IP mode file for STMicroelectronics.X-CUBE-BLE1.6.2.3
2023-05-08 16:54:32,211 [WARN] PackLoader:240 - Cannot read IP mode file for STMicroelectronics.X-CUBE-BLE1.6.2.4
2023-05-08 16:54:32,248 [WARN] PackLoader:240 - Cannot read IP mode file for STMicroelectronics.X-CUBE-BLEMGR.2.0.0
2023-05-08 16:54:32,273 [WARN] PackLoader:240 - Cannot read IP mode file for STMicroelectronics.X-CUBE-NFC4.2.0.4
2023-05-08 16:54:32,332 [WARN] ConditionMgr:438 - getConditionDescription Invalid condition id : UX DEVICE CLASS RTOS Condition cause : null
2023-05-08 16:54:32,332 [WARN] ConditionMgr:438 - getConditionDescription Invalid condition id : UX DEVICE CLASS RTOS Condition cause : null
2023-05-08 16:54:32,339 [WARN] PackLoader:240 - Cannot read IP mode file for STMicroelectronics.X-CUBE-AZRTOS-H7.3.1.0
2023-05-08 16:54:32,342 [WARN] ConditionMgr:1039 - genDependencies : Invalid condition id : UX DEVICE CLASS RTOS Condition cause : null
2023-05-08 16:54:32,343 [WARN] ConditionMgr:1039 - genDependencies : Invalid condition id : UX DEVICE CLASS RTOS Condition cause : null
2023-05-08 16:54:32,344 [WARN] ConditionMgr:1039 - genDependencies : Invalid condition id : UX DEVICE CLASS RTOS Condition cause : null
2023-05-08 16:54:32,345 [WARN] ConditionMgr:1039 - genDependencies : Invalid condition id : UX DEVICE CLASS RTOS Condition cause : null
2023-05-08 16:54:32,345 [WARN] ConditionMgr:1039 - genDependencies : Invalid condition id : UX DEVICE CLASS RTOS Condition cause : null
2023-05-08 16:54:32,381 [WARN] PackLoader:240 - Cannot read IP mode file for STMicroelectronics.X-CUBE-TOF1.3.1.0
2023-05-08 16:54:32,418 [WARN] PackLoader:240 - Cannot read IP mode file for STMicroelectronics.X-CUBE-DISPLAY.3.0.0
2023-05-08 16:54:32,457 [WARN] PackLoader:240 - Cannot read IP mode file for STMicroelectronics.X-CUBE-NFC7.1.0.0
2023-05-08 16:54:32,572 [WARN] PackLoader:240 - Cannot read IP mode file for STMicroelectronics.X-CUBE-MEMS1.9.3.0
2023-05-08 16:54:32,798 [WARN] PackLoader:240 - Cannot read IP mode file for STMicroelectronics.X-CUBE-EEPRMA1.4.1.0
2023-05-08 16:54:32,825 [WARN] PackLoader:240 - Cannot read IP mode file for STMicroelectronics.X-CUBE-AI.7.2.0
2023-05-08 16:54:32,852 [WARN] PackLoader:240 - Cannot read IP mode file for WES.I-CUBE-Cesium.1.3.0
2023-05-08 16:54:32,876 [WARN] PackLoader:240 - Cannot read IP mode file for STMicroelectronics.X-CUBE-SFXS2LP1.4.0.0
2023-05-08 16:54:32,902 [WARN] PackLoader:240 - Cannot read IP mode file for STMicroelectronics.X-CUBE-BLE2.3.3.0
2023-05-08 16:54:32,926 [WARN] PackLoader:240 - Cannot read IP mode file for STMicroelectronics.X-CUBE-DISPLAY.2.2.0
2023-05-08 16:54:32,968 [WARN] PackLoader:240 - Cannot read IP mode file for STMicroelectronics.X-CUBE-TOF1.3.2.0
2023-05-08 16:54:33,043 [WARN] PackLoader:240 - Cannot read IP mode file for STMicroelectronics.X-CUBE-AZRTOS-H7.3.0.0
2023-05-08 16:54:33,074 [WARN] PackLoader:240 - Cannot read IP mode file for STMicroelectronics.X-CUBE-ISPU.1.0.0
2023-05-08 16:54:33,097 [WARN] PackLoader:240 - Cannot read IP mode file for STMicroelectronics.X-CUBE-ISPU.1.1.0
2023-05-08 16:54:33,130 [WARN] PackLoader:240 - Cannot read IP mode file for RoweBots.I-CUBE-UNISONRTOS.5.5.0-4
2023-05-08 16:54:33,200 [WARN] PackLoader:240 - Cannot read IP mode file for STMicroelectronics.X-CUBE-AZRTOS-H7.2.1.0
2023-05-08 16:54:33,230 [WARN] PackLoader:240 - Cannot read IP mode file for wolfSSL.I-CUBE-wolfSSL.5.4.0
2023-05-08 16:54:33,250 [WARN] PackLoader:240 - Cannot read IP mode file for STMicroelectronics.X-CUBE-AI.8.0.0
2023-05-08 16:54:33,272 [WARN] PackLoader:240 - Cannot read IP mode file for STMicroelectronics.X-CUBE-FREERTOS.1.0.0
2023-05-08 16:54:33,298 [WARN] PackLoader:240 - Cannot read IP mode file for STMicroelectronics.X-CUBE-FREERTOS.1.0.1
2023-05-08 16:54:33,327 [WARN] PackLoader:240 - Cannot read IP mode file for STMicroelectronics.X-CUBE-TOUCHGFX.4.21.1
2023-05-08 16:54:33,347 [WARN] PackLoader:240 - Cannot read IP mode file for STMicroelectronics.X-CUBE-TOUCHGFX.4.21.3
2023-05-08 16:54:33,375 [WARN] PackLoader:240 - Cannot read IP mode file for STMicroelectronics.X-CUBE-BLEMGR.1.0.0
2023-05-08 16:54:33,469 [WARN] PackLoader:240 - Cannot read IP mode file for STMicroelectronics.X-CUBE-MEMS1.9.4.0
2023-05-08 16:54:33,769 [WARN] PackLoader:240 - Cannot read IP mode file for STMicroelectronics.X-CUBE-AI.7.3.0
2023-05-08 16:54:33,811 [WARN] PackLoader:240 - Cannot read IP mode file for STMicroelectronics.X-CUBE-ALGOBUILD.1.3.0
2023-05-08 16:54:33,877 [WARN] PackLoader:240 - Cannot read IP mode file for STMicroelectronics.X-CUBE-AZRTOS-L5.1.1.0
2023-05-08 16:54:33,931 [WARN] PackLoader:240 - Cannot read IP mode file for STMicroelectronics.X-CUBE-AZRTOS-G0.1.1.0
2023-05-08 16:54:33,967 [WARN] PackLoader:240 - Cannot read IP mode file for STMicroelectronics.X-CUBE-SUBG2.5.0.0
2023-05-08 16:54:34,000 [WARN] PackLoader:240 - Cannot read IP mode file for STMicroelectronics.X-CUBE-NFC4.3.0.0
2023-05-08 16:54:34,079 [WARN] PackLoader:240 - Cannot read IP mode file for SEGGER.I-CUBE-embOS.1.2.0
2023-05-08 16:54:34,182 [WARN] PackLoader:240 - Cannot read IP mode file for STMicroelectronics.X-CUBE-AZRTOS-G4.2.0.0
2023-05-08 16:54:34,220 [WARN] PackLoader:240 - Cannot read IP mode file for STMicroelectronics.X-CUBE-TOF1.3.3.0
2023-05-08 16:54:34,258 [WARN] PackLoader:240 - Cannot read IP mode file for STMicroelectronics.FP-ATR-ASTRA1.1.1.1
2023-05-08 16:54:34,289 [WARN] PackLoader:240 - Cannot read IP mode file for STMicroelectronics.X-CUBE-BLEMGR.1.3.0
2023-05-08 16:54:34,338 [WARN] PackLoader:240 - Cannot read IP mode file for STMicroelectronics.X-CUBE-AZRTOS-G4.1.0.0
2023-05-08 16:54:34,362 [WARN] PackLoader:240 - Cannot read IP mode file for STMicroelectronics.FP-ATR-SIGFOX1.3.2.0
2023-05-08 16:54:34,414 [WARN] PackLoader:240 - Cannot read IP mode file for STMicroelectronics.X-CUBE-AZRTOS-L4.1.0.0
2023-05-08 16:54:34,448 [WARN] PackLoader:240 - Cannot read IP mode file for emotas.I-CUBE-CANOPEN.1.1.2
2023-05-08 16:54:34,473 [WARN] PackLoader:240 - Cannot read IP mode file for STMicroelectronics.X-CUBE-TOUCHGFX.4.20.0
2023-05-08 16:54:34,515 [WARN] PackLoader:240 - Cannot read IP mode file for STMicroelectronics.X-CUBE-AZRTOS-WL.1.0.0
2023-05-08 16:54:34,544 [WARN] PackLoader:240 - Cannot read IP mode file for portGmbH.I-Cube-SoM-uGOAL.1.1.0
2023-05-08 16:54:34,568 [WARN] PackLoader:240 - Cannot read IP mode file for STMicroelectronics.X-CUBE-ALS.1.0.1
2023-05-08 16:54:34,649 [WARN] PackLoader:240 - Cannot read IP mode file for STMicroelectronics.X-CUBE-MEMS1.9.5.0
2023-05-08 16:54:34,878 [WARN] PackLoader:240 - Cannot read IP mode file for STMicroelectronics.X-CUBE-AZRTOS-WB.1.1.0
2023-05-08 16:54:34,967 [WARN] PackLoader:240 - Cannot read IP mode file for SEGGER.I-CUBE-embOS.1.3.1
2023-05-08 16:54:35,064 [WARN] PackLoader:240 - Cannot read IP mode file for STMicroelectronics.X-CUBE-AZRTOS-L5.1.0.0
2023-05-08 16:54:35,086 [WARN] PackLoader:240 - Cannot read IP mode file for STMicroelectronics.X-CUBE-EEPRMA1.3.1.1
2023-05-08 16:54:35,105 [WARN] PackLoader:240 - Cannot read IP mode file for STMicroelectronics.FP-ATR-ASTRA1.2.0.0
2023-05-08 16:54:35,107 [INFO] ThirdParty:978 - Integrity check success = true
2023-05-08 16:54:35,107 [INFO] IntegrityCheckThread:100 - exiting critical section [integrity check]
2023-05-08 16:54:35,107 [INFO] IntegrityCheckThread:103 - End integrity checks thread
2023-05-08 16:54:35,107 [INFO] ThirdParty:873 - entering critical section [close project]
2023-05-08 16:54:35,110 [INFO] ThirdParty:883 - exiting critical section [close project]
2023-05-08 16:54:35,118 [INFO] PinOutPanel:1499 - setPackage(No Configuration,No Configuration)
2023-05-08 16:54:35,129 [INFO] UtilMem:75 - Begin LoadConfig() Used Memory: 493523168 Bytes (836763648)
2023-05-08 16:54:59,327 [INFO] MicroXplorer:468 - Change Database Path : 
2023-05-08 16:54:59,328 [INFO] MicroXplorer:498 - Change Database Version : DB.6.0.81
2023-05-08 16:54:59,328 [INFO] OpenFileManager:308 - Change cursor
2023-05-08 16:54:59,411 [INFO] Mcu:1937 - Initializing MCU STM32L476R(C-E-G)Tx STM32L476RGTx STM32L476RGT3
2023-05-08 16:55:02,934 [INFO] Context:659 - Trying to add GPIOservice into a context  which must be forbidden
2023-05-08 16:55:04,364 [INFO] Rule:228 - rule WakeUp0 Mode is applicable
2023-05-08 16:55:04,364 [INFO] Rule:228 - rule WakeUp0 SIGNAL is applicable
2023-05-08 16:55:04,364 [INFO] Rule:228 - rule WakeUp1 Mode is applicable
2023-05-08 16:55:04,364 [INFO] Rule:228 - rule WakeUp1 SIGNAL is applicable
2023-05-08 16:55:04,364 [INFO] Rule:228 - rule WakeUp2 Mode is applicable
2023-05-08 16:55:04,364 [INFO] Rule:228 - rule WakeUp2 SIGNAL is applicable
2023-05-08 16:55:04,364 [INFO] Rule:228 - rule WakeUp4 Mode is applicable
2023-05-08 16:55:04,364 [INFO] Rule:228 - rule WakeUp4 SIGNAL is applicable
2023-05-08 16:55:04,365 [INFO] Rule:228 - rule WakeUp5 Mode is applicable
2023-05-08 16:55:04,365 [INFO] Rule:228 - rule WakeUp5 SIGNAL is applicable
2023-05-08 16:55:04,365 [INFO] Rule:228 - rule Change Default Value for LSE Drive Capability for WB family is applicable
2023-05-08 16:55:04,366 [INFO] DbConfProperties:307 - Apply Compatibility (0/11 Rules)
2023-05-08 16:55:04,942 [INFO] RtosManager:555 - Registered RTOS mode: class=CMSIS, group=RTOS, mode=CMSIS_V1, owner=FREERTOS
2023-05-08 16:55:04,942 [INFO] RtosManager:555 - Registered RTOS mode: class=CMSIS, group=RTOS2, mode=CMSIS_V2, owner=FREERTOS
2023-05-08 16:55:04,942 [INFO] RtosManager:555 - Registered RTOS mode: class=RTOS, group=Core, mode=CMSIS_V1, owner=FREERTOS
2023-05-08 16:55:04,942 [INFO] RtosManager:555 - Registered RTOS mode: class=RTOS, group=Core, mode=CMSIS_V2, owner=FREERTOS
2023-05-08 16:55:04,943 [WARN] ModelIntegratedComponent:184 - Missing modes for component STMicroelectronics:FreeRTOS:0.0.1:STMicroelectronics:RTOS:FreeRTOS:Core:::10.2.0:
2023-05-08 16:55:04,966 [WARN] ModelIntegratedComponent:63 - No mode defined for component null
2023-05-08 16:55:04,966 [WARN] ModelIntegratedComponent:63 - No mode defined for component null
2023-05-08 16:55:04,967 [WARN] ModelIntegratedComponent:63 - No mode defined for component null
2023-05-08 16:55:04,967 [WARN] ModelIntegratedComponent:63 - No mode defined for component null
2023-05-08 16:55:04,967 [WARN] ModelIntegratedComponent:63 - No mode defined for component null
2023-05-08 16:55:04,967 [WARN] ModelIntegratedComponent:63 - No mode defined for component null
2023-05-08 16:55:04,967 [WARN] ModelIntegratedComponent:63 - No mode defined for component null
2023-05-08 16:55:04,967 [WARN] ModelIntegratedComponent:63 - No mode defined for component null
2023-05-08 16:55:04,967 [WARN] ModelIntegratedComponent:63 - No mode defined for component null
2023-05-08 16:55:04,967 [WARN] ModelIntegratedComponent:63 - No mode defined for component null
2023-05-08 16:55:04,967 [WARN] ModelIntegratedComponent:63 - No mode defined for component null
2023-05-08 16:55:04,967 [WARN] ModelIntegratedComponent:63 - No mode defined for component null
2023-05-08 16:55:04,967 [WARN] ModelIntegratedComponent:63 - No mode defined for component null
2023-05-08 16:55:04,968 [WARN] ModelIntegratedComponent:63 - No mode defined for component null
2023-05-08 16:55:04,968 [WARN] ModelIntegratedComponent:63 - No mode defined for component null
2023-05-08 16:55:04,968 [WARN] ModelIntegratedComponent:63 - No mode defined for component null
2023-05-08 16:55:04,968 [WARN] ModelIntegratedComponent:63 - No mode defined for component null
2023-05-08 16:55:04,968 [WARN] ModelIntegratedComponent:63 - No mode defined for component null
2023-05-08 16:55:04,968 [WARN] ModelIntegratedComponent:63 - No mode defined for component null
2023-05-08 16:55:04,968 [WARN] ModelIntegratedComponent:63 - No mode defined for component null
2023-05-08 16:55:04,968 [WARN] ModelIntegratedComponent:63 - No mode defined for component null
2023-05-08 16:55:04,969 [WARN] ModelIntegratedComponent:63 - No mode defined for component null
2023-05-08 16:55:04,969 [WARN] ModelIntegratedComponent:63 - No mode defined for component null
2023-05-08 16:55:04,969 [WARN] ModelIntegratedComponent:63 - No mode defined for component null
2023-05-08 16:55:04,969 [WARN] ModelIntegratedComponent:63 - No mode defined for component null
2023-05-08 16:55:04,969 [WARN] ModelIntegratedComponent:63 - No mode defined for component null
2023-05-08 16:55:04,969 [WARN] ModelIntegratedComponent:63 - No mode defined for component null
2023-05-08 16:55:04,969 [WARN] ModelIntegratedComponent:63 - No mode defined for component null
2023-05-08 16:55:04,970 [WARN] ModelIntegratedComponent:63 - No mode defined for component null
2023-05-08 16:55:04,970 [WARN] ModelIntegratedComponent:63 - No mode defined for component null
2023-05-08 16:55:04,970 [WARN] ModelIntegratedComponent:63 - No mode defined for component null
2023-05-08 16:55:04,970 [WARN] ModelIntegratedComponent:63 - No mode defined for component null
2023-05-08 16:55:04,970 [WARN] ModelIntegratedComponent:63 - No mode defined for component null
2023-05-08 16:55:05,245 [INFO] ThirdPartyModel:298 - Start build external matchings
2023-05-08 16:55:06,697 [INFO] ThirdPartyModel:316 - End build external matchings
2023-05-08 16:55:06,767 [INFO] ImportTextPane:194 - (OptionalMessage_ERROR) IP (DMA) : Parameter (Instance) has Id (ADC1) currently not set
2023-05-08 16:55:06,768 [INFO] ImportTextPane:194 - (OptionalMessage_ERROR) IP (DMA) : Parameter (Request) has Id (ADC1) currently not set
2023-05-08 16:55:06,768 [INFO] ImportTextPane:194 - (OptionalMessage_ERROR) IP (DMA) : Parameter (Direction) has Id (ADC1) currently not set
2023-05-08 16:55:06,768 [INFO] ImportTextPane:194 - (OptionalMessage_ERROR) IP (DMA) : Parameter (PeriphInc) has Id (ADC1) currently not set
2023-05-08 16:55:06,768 [INFO] ImportTextPane:194 - (OptionalMessage_ERROR) IP (DMA) : Parameter (MemInc) has Id (ADC1) currently not set
2023-05-08 16:55:06,769 [INFO] ImportTextPane:194 - (OptionalMessage_ERROR) IP (DMA) : Parameter (PeriphDataAlignment) has Id (ADC1) currently not set
2023-05-08 16:55:06,769 [INFO] ImportTextPane:194 - (OptionalMessage_ERROR) IP (DMA) : Parameter (MemDataAlignment) has Id (ADC1) currently not set
2023-05-08 16:55:06,769 [INFO] ImportTextPane:194 - (OptionalMessage_ERROR) IP (DMA) : Parameter (Mode) has Id (ADC1) currently not set
2023-05-08 16:55:06,769 [INFO] ImportTextPane:194 - (OptionalMessage_ERROR) IP (DMA) : Parameter (Priority) has Id (ADC1) currently not set
2023-05-08 16:55:06,789 [INFO] ImportTextPane:194 - (OptionalMessage_ERROR) IP (RCC) : Invalid parameter (FamilyName)
2023-05-08 16:55:06,793 [INFO] ImportTextPane:194 - (OptionalMessage_ERROR) IP (RCC) : Parameter (RNGFreq_Value) has invalid value (64000000)
2023-05-08 16:55:06,793 [INFO] ImportTextPane:194 - (OptionalMessage_ERROR) IP (RCC) : Parameter (SDMMCFreq_Value) has invalid value (64000000)
2023-05-08 16:55:06,793 [INFO] ImportTextPane:194 - (OptionalMessage_ERROR) IP (RCC) : Parameter (USBFreq_Value) has invalid value (64000000)
2023-05-08 16:55:07,595 [INFO] UtilMem:75 - End LoadConfig() Used Memory: 604386536 Bytes (836763648)
2023-05-08 16:55:07,902 [INFO] ApiDb:581 - Connected to CubeFinder SQLite database (C:\Users\sahme\.stmcufinder\plugins\mcufinder\mcu\cube-finder-db.db)
2023-05-08 16:55:08,055 [INFO] ApiDb:668 - CubeFinder database Data Model version=2.1
2023-05-08 16:55:08,056 [INFO] ApiDb:669 - CubeFinder database Configuration version=3.0.35
2023-05-08 16:55:08,056 [INFO] ApiDb:670 - CubeFinder database generation date=2023-04-03 (1680511692)
2023-05-08 16:55:08,057 [INFO] ApiDb:671 - CubeFinder database FW Pack versions=[FP-ATR-ASTRA1_V2.0.0, STM32Cube_FW_C0_V1.0.1, STM32Cube_FW_F0_V1.11.4, STM32Cube_FW_F3_V1.11.4, STM32Cube_FW_F4_V1.27.1, STM32Cube_FW_F7_V1.17.0, STM32Cube_FW_G0_V1.6.1, STM32Cube_FW_G4_V1.5.1, STM32Cube_FW_H5_V0.5.1, STM32Cube_FW_H5_V1.0.0, STM32Cube_FW_H7_V1.11.0, STM32Cube_FW_L0_V1.12.2, STM32Cube_FW_L5_V1.5.0, STM32Cube_FW_U5_V1.2.0, STM32Cube_FW_WBA_V1.0.0, STM32Cube_FW_WBA_V1.0.0RC1, STM32Cube_FW_WBA_V1.0.0RC3, STM32Cube_FW_WB_V1.15.0RC1, STM32Cube_FW_WB_V1.16.0, STM32Cube_FW_WB_V1.16.0RC2, STM32Cube_FW_WL_V1.3.0, X-CUBE-ALGOBUILD_V1.3.0, X-CUBE-ALS_V1.0.1, X-CUBE-AZRTOS-F4_V1.1.0, X-CUBE-AZRTOS-F7_V1.1.0, X-CUBE-AZRTOS-G0_V1.1.0, X-CUBE-AZRTOS-G4_V1.0.0, X-CUBE-AZRTOS-H7_V3.0.0, X-CUBE-AZRTOS-L4_V1.0.0, X-CUBE-AZRTOS-L5_V1.1.0, X-CUBE-AZRTOS-WB_V1.1.0, X-CUBE-AZRTOS-WL_V1.0.0, X-CUBE-BLE1_V6.2.4, X-CUBE-BLE2_V3.3.0, X-CUBE-BLEMGR_V1.3.0, X-CUBE-EEPRMA1_V4.1.0, X-CUBE-FREERTOS_V1.0.1, X-CUBE-GNSS1_V6.0.0, X-CUBE-MEMS1_V9.1.0, X-CUBE-MEMS1_V9.4.0, X-CUBE-MEMS1_V9.5.0, X-CUBE-NFC4_V3.0.0, X-CUBE-NFC7_V1.0.0, X-CUBE-SFXS2LP1_V4.0.0, X-CUBE-SUBG2_V5.0.0]
2023-05-08 16:55:10,887 [INFO] ApiDb:240 - Found 297 in-development CPN: [B-G473E-ZEST1S, B-WB1M-WPAN1, B-WL5M-SUBG1, NUCLEO-C031C6, NUCLEO-H503RB, NUCLEO-H563ZI, NUCLEO-U545RE-Q, NUCLEO-U5A5ZJ-Q, NUCLEO-WBA52CG, STEVAL-PROTEUS1, STEVAL-STWINBX1, STM320518-EVAL, STM32C0116-DK, STM32C011D6Y3TR, STM32C011D6Y6TR, STM32C011F4P3, STM32C011F4P6, STM32C011F4U3, STM32C011F4U6TR, STM32C011F6P3, STM32C011F6P6, STM32C011F6U3, STM32C011F6U6TR, STM32C011J4M3, STM32C011J4M6, STM32C011J6M3, STM32C011J6M6, STM32C0316-DK, STM32C031C4T3, STM32C031C4T6, STM32C031C4U3, STM32C031C4U6, STM32C031C6T3, STM32C031C6T6, STM32C031C6U3, STM32C031C6U6, STM32C031F4P3, STM32C031F4P6, STM32C031F6P3, STM32C031F6P6, STM32C031G4U3, STM32C031G4U6, STM32C031G6U3, STM32C031G6U6, STM32C031K4T3, STM32C031K4T6, STM32C031K4U3, STM32C031K4U6, STM32C031K6T3, STM32C031K6T6, STM32C031K6U3, STM32C031K6U6, STM32G071K8TXN, STM32G071K8UXN, STM32G081GBU6N, STM32G081KBT6N, STM32G081KBUXN, STM32G0B1CCT6N, STM32G0B1KCT6, STM32G0B1NEY6TR, STM32G0B1RCT6N, STM32G0C1CCT6, STM32G0C1CCT6N, STM32G0C1CCU6N, STM32G0C1CET6N, STM32G0C1CEU6N, STM32G0C1KCT6, STM32G0C1NEY6TR, STM32G0C1RCI6N, STM32G0C1RCT6N, STM32G0C1REI6N, STM32G0C1RET6N, STM32G0C1VCI6, STM32G0C1VEI6, STM32G471CCT6, STM32G471CCU6, STM32G471CET3, STM32G471CET6, STM32G471CEU3, STM32G471CEU6, STM32G471MCT6, STM32G471MET3, STM32G471MET6, STM32G471MEY6TR, STM32G471QCT6, STM32G471QET3, STM32G471RCT6, STM32G471RET3, STM32G471RET6, STM32G471VCH6, STM32G471VCI6, STM32G471VCT6, STM32G471VEH3, STM32G471VEH6, STM32G471VEI3, STM32G471VEI6, STM32G471VET3, STM32G471VET6, STM32G474CCT6, STM32H503CBT6, STM32H503CBU6, STM32H503EBY6TR, STM32H503KBU6, STM32H503RBT6, STM32H562AGI6, STM32H562AII6, STM32H562IGK6, STM32H562IGT6, STM32H562IIK6, STM32H562IIT6, STM32H562RGT6, STM32H562RGV6, STM32H562RIT6, STM32H562RIV6, STM32H562VGT6, STM32H562VIT6, STM32H562ZGT6, STM32H562ZIT6, STM32H563AGI6, STM32H563AII3Q, STM32H563AII6, STM32H563IGK6, STM32H563IGT6, STM32H563IIK3Q, STM32H563IIK6, STM32H563IIT3Q, STM32H563IIT6, STM32H563MIY3QTR, STM32H563RGT6, STM32H563RGV6, STM32H563RIT6, STM32H563RIV6, STM32H563VGT6, STM32H563VIT3Q, STM32H563VIT6, STM32H563ZGT6, STM32H563ZIT3Q, STM32H563ZIT6, STM32H573AII3Q, STM32H573AII6, STM32H573I-DK, STM32H573IIK3Q, STM32H573IIK6, STM32H573IIT3Q, STM32H573IIT6, STM32H573MIY3QTR, STM32H573RIT6, STM32H573RIV6, STM32H573VIT3Q, STM32H573VIT6, STM32H573ZIT3Q, STM32H573ZIT6, STM32L4R5QGI6STR, STM32MP131AAE3, STM32MP131AAF3, STM32MP131AAG3, STM32MP131CAE3, STM32MP131CAF3, STM32MP131CAG3, STM32MP131DAE7, STM32MP131DAF7, STM32MP131DAG7, STM32MP131FAE7, STM32MP131FAF7, STM32MP131FAG7, STM32MP133AAE3, STM32MP133AAF3, STM32MP133AAG3, STM32MP133CAE3, STM32MP133CAF3, STM32MP133CAG3, STM32MP133DAE7, STM32MP133DAF7, STM32MP133DAG7, STM32MP133FAE7, STM32MP133FAF7, STM32MP133FAG7, STM32MP135AAE3, STM32MP135AAF3, STM32MP135AAG3, STM32MP135CAE3, STM32MP135CAF3, STM32MP135CAG3, STM32MP135DAE7, STM32MP135DAF7, STM32MP135DAG7, STM32MP135F-DK, STM32MP135FAE7, STM32MP135FAF7, STM32MP135FAF7T, STM32MP135FAF7U, STM32MP135FAG7, STM32U535CBT6, STM32U535CBT6Q, STM32U535CBU6, STM32U535CBU6Q, STM32U535CCT6, STM32U535CCT6Q, STM32U535CCU6, STM32U535CCU6Q, STM32U535CET6, STM32U535CET6Q, STM32U535CEU6, STM32U535CEU6Q, STM32U535JEY6QTR, STM32U535NCY6QTR, STM32U535NEY6QTR, STM32U535RBI6, STM32U535RBI6Q, STM32U535RBT6, STM32U535RBT6Q, STM32U535RCI6, STM32U535RCI6Q, STM32U535RCT6, STM32U535RCT6Q, STM32U535REI6, STM32U535REI6Q, STM32U535RET6, STM32U535RET6Q, STM32U535VCI6, STM32U535VCI6Q, STM32U535VCT6, STM32U535VCT6Q, STM32U535VEI6, STM32U535VEI6Q, STM32U535VET6, STM32U535VET6Q, STM32U545CET6, STM32U545CET6Q, STM32U545CEU6, STM32U545CEU6Q, STM32U545JEY6QTR, STM32U545NEY6QTR, STM32U545REI6, STM32U545REI6Q, STM32U545RET6, STM32U545RET6Q, STM32U545VEI6, STM32U545VEI6Q, STM32U545VET6, STM32U545VET6Q, STM32U595AIH6, STM32U595AIH6Q, STM32U595AJH6, STM32U595AJH6Q, STM32U595QII6, STM32U595QII6Q, STM32U595QJI6, STM32U595QJI6Q, STM32U595RIT6, STM32U595RIT6Q, STM32U595RJT6, STM32U595RJT6Q, STM32U595VIT6, STM32U595VIT6Q, STM32U595VJT6, STM32U595VJT6Q, STM32U595ZIT6, STM32U595ZIT6Q, STM32U595ZIY6QTR, STM32U595ZJT6, STM32U595ZJT6Q, STM32U595ZJY6QTR, STM32U599BJY6QTR, STM32U599NIH6Q, STM32U599NJH6Q, STM32U599VIT6Q, STM32U599VJT6, STM32U599VJT6Q, STM32U599ZIT6Q, STM32U599ZIY6QTR, STM32U599ZJT6Q, STM32U599ZJY6QTR, STM32U5A5AJH6, STM32U5A5AJH6Q, STM32U5A5QJI6, STM32U5A5QJI6Q, STM32U5A5RJT6, STM32U5A5RJT6Q, STM32U5A5VJT6, STM32U5A5VJT6Q, STM32U5A5ZJT6, STM32U5A5ZJT6Q, STM32U5A5ZJY6QTR, STM32U5A9BJY6QTR, STM32U5A9J-DK, STM32U5A9NJH6Q, STM32U5A9VJT6Q, STM32U5A9ZJT6Q, STM32U5A9ZJY6QTR, STM32WB1MMCH6, STM32WBA52CEU6, STM32WBA52CEU6T, STM32WBA52CGU6, STM32WBA52CGU6T, STM32WL5MOCH6, STM32WL5MOCH6TR]
2023-05-08 16:55:10,893 [INFO] DbMcus:216 - Found 3775 MCUs, 3775 are supported
2023-05-08 16:55:10,901 [INFO] ApiDb:423 - Load user favorites file C:\Users\sahme/.stm32cubeide/favorites.mcus.txt: 0 item(s)
2023-05-08 16:55:10,902 [INFO] ApiDb:427 - User favorites MCUs=[]
2023-05-08 16:55:10,902 [INFO] DbMcus:222 - Set 0 / 0 favorites MCUs
2023-05-08 16:55:11,420 [WARN] ThirdParty:833 - waiting for thirdparty lock release [change project]
2023-05-08 16:55:11,420 [INFO] ThirdParty:835 - entering critical section [change project]
2023-05-08 16:55:11,420 [INFO] ThirdParty:1030 - CMSIS Pack Vendor :STMicroelectronics X-CUBE-ISPU 1.1.0
2023-05-08 16:55:11,420 [INFO] ThirdParty:1030 - CMSIS Pack Vendor :RoweBots I-CUBE-UNISONRTOS 5.5.0-4
2023-05-08 16:55:11,420 [INFO] ThirdParty:1030 - CMSIS Pack Vendor :STMicroelectronics X-CUBE-GNSS1 6.0.0
2023-05-08 16:55:11,420 [INFO] ThirdParty:1030 - CMSIS Pack Vendor :STMicroelectronics X-CUBE-AZRTOS-H7 2.1.0
2023-05-08 16:55:11,421 [INFO] ThirdParty:1030 - CMSIS Pack Vendor :STMicroelectronics USB_HOST 2.0.0
2023-05-08 16:55:11,421 [INFO] ThirdParty:1030 - CMSIS Pack Vendor :STMicroelectronics X-CUBE-AZRTOS-F4 1.1.0
2023-05-08 16:55:11,421 [INFO] ThirdParty:1030 - CMSIS Pack Vendor :STMicroelectronics LIBJPEG 8.0.0
2023-05-08 16:55:11,421 [INFO] ThirdParty:1030 - CMSIS Pack Vendor :wolfSSL I-CUBE-wolfSSL 5.4.0
2023-05-08 16:55:11,421 [INFO] ThirdParty:1030 - CMSIS Pack Vendor :STMicroelectronics X-CUBE-SMBUS 2.1.0
2023-05-08 16:55:11,421 [INFO] ThirdParty:1030 - CMSIS Pack Vendor :STMicroelectronics USB_DEVICE 3.0.0
2023-05-08 16:55:11,421 [INFO] ThirdParty:1030 - CMSIS Pack Vendor :STMicroelectronics X-CUBE-AI 8.0.0
2023-05-08 16:55:11,421 [INFO] ThirdParty:1030 - CMSIS Pack Vendor :STMicroelectronics X-CUBE-FREERTOS 1.0.0
2023-05-08 16:55:11,422 [INFO] ThirdParty:1030 - CMSIS Pack Vendor :STMicroelectronics X-CUBE-FREERTOS 1.0.1
2023-05-08 16:55:11,422 [INFO] ThirdParty:1030 - CMSIS Pack Vendor :STMicroelectronics X-CUBE-TOUCHGFX 4.21.1
2023-05-08 16:55:11,422 [INFO] ThirdParty:1030 - CMSIS Pack Vendor :STMicroelectronics X-CUBE-TOUCHGFX 4.21.3
2023-05-08 16:55:11,422 [INFO] ThirdParty:1030 - CMSIS Pack Vendor :STMicroelectronics X-CUBE-BLEMGR 1.0.0
2023-05-08 16:55:11,422 [INFO] ThirdParty:1030 - CMSIS Pack Vendor :STMicroelectronics X-CUBE-AZRTOS-F7 1.1.0
2023-05-08 16:55:11,422 [INFO] ThirdParty:1030 - CMSIS Pack Vendor :STMicroelectronics X-CUBE-MEMS1 9.4.0
2023-05-08 16:55:11,422 [INFO] ThirdParty:1030 - CMSIS Pack Vendor :STMicroelectronics USB_DEVICE 2.0.0
2023-05-08 16:55:11,422 [INFO] ThirdParty:1030 - CMSIS Pack Vendor :STMicroelectronics X-CUBE-MEMS1 9.6.0
2023-05-08 16:55:11,422 [INFO] ThirdParty:1030 - CMSIS Pack Vendor :STMicroelectronics X-CUBE-AI 7.3.0
2023-05-08 16:55:11,422 [INFO] ThirdParty:1030 - CMSIS Pack Vendor :STMicroelectronics X-CUBE-BLE1 6.2.3
2023-05-08 16:55:11,422 [INFO] ThirdParty:1030 - CMSIS Pack Vendor :STMicroelectronics X-CUBE-ALGOBUILD 1.3.0
2023-05-08 16:55:11,425 [INFO] ThirdParty:1030 - CMSIS Pack Vendor :STMicroelectronics X-CUBE-BLE1 6.2.4
2023-05-08 16:55:11,426 [INFO] ThirdParty:1030 - CMSIS Pack Vendor :STMicroelectronics X-CUBE-AZRTOS-L5 1.1.0
2023-05-08 16:55:11,426 [INFO] ThirdParty:1030 - CMSIS Pack Vendor :STMicroelectronics FreeRTOS 0.0.1
2023-05-08 16:55:11,426 [INFO] ThirdParty:1030 - CMSIS Pack Vendor :STMicroelectronics X-CUBE-AZRTOS-G0 1.1.0
2023-05-08 16:55:11,426 [INFO] ThirdParty:1030 - CMSIS Pack Vendor :STMicroelectronics X-CUBE-BLEMGR 2.0.0
2023-05-08 16:55:11,427 [INFO] ThirdParty:1030 - CMSIS Pack Vendor :STMicroelectronics X-CUBE-SUBG2 5.0.0
2023-05-08 16:55:11,427 [INFO] ThirdParty:1030 - CMSIS Pack Vendor :STMicroelectronics X-CUBE-NFC4 3.0.0
2023-05-08 16:55:11,427 [INFO] ThirdParty:1030 - CMSIS Pack Vendor :SEGGER I-CUBE-embOS 1.2.0
2023-05-08 16:55:11,427 [INFO] ThirdParty:1030 - CMSIS Pack Vendor :STMicroelectronics STM32_WPAN 1.0.0
2023-05-08 16:55:11,427 [INFO] ThirdParty:1030 - CMSIS Pack Vendor :STMicroelectronics lwIP 2.0.3
2023-05-08 16:55:11,427 [INFO] ThirdParty:1030 - CMSIS Pack Vendor :STMicroelectronics X-CUBE-NFC4 2.0.4
2023-05-08 16:55:11,427 [INFO] ThirdParty:1030 - CMSIS Pack Vendor :STMicroelectronics USB_HOST 1.0.0
2023-05-08 16:55:11,427 [INFO] ThirdParty:1030 - CMSIS Pack Vendor :STMicroelectronics X-CUBE-AZRTOS-G4 2.0.0
2023-05-08 16:55:11,428 [INFO] ThirdParty:1030 - CMSIS Pack Vendor :STMicroelectronics PDM2PCM 3.1.0
2023-05-08 16:55:11,428 [INFO] ThirdParty:1030 - CMSIS Pack Vendor :STMicroelectronics X-CUBE-AZRTOS-H7 3.1.0
2023-05-08 16:55:11,428 [INFO] ThirdParty:1030 - CMSIS Pack Vendor :STMicroelectronics X-CUBE-TOF1 3.3.0
2023-05-08 16:55:11,428 [INFO] ThirdParty:1030 - CMSIS Pack Vendor :STMicroelectronics FP-ATR-ASTRA1 1.1.1
2023-05-08 16:55:11,428 [INFO] ThirdParty:1030 - CMSIS Pack Vendor :STMicroelectronics PDM2PCM 3.3.0
2023-05-08 16:55:11,428 [INFO] ThirdParty:1030 - CMSIS Pack Vendor :STMicroelectronics X-CUBE-TOF1 3.1.0
2023-05-08 16:55:11,428 [INFO] ThirdParty:1030 - CMSIS Pack Vendor :STMicroelectronics X-CUBE-DISPLAY 3.0.0
2023-05-08 16:55:11,428 [INFO] ThirdParty:1030 - CMSIS Pack Vendor :STMicroelectronics X-CUBE-BLEMGR 1.3.0
2023-05-08 16:55:11,428 [INFO] ThirdParty:1030 - CMSIS Pack Vendor :STMicroelectronics X-CUBE-AZRTOS-G4 1.0.0
2023-05-08 16:55:11,428 [INFO] ThirdParty:1030 - CMSIS Pack Vendor :STMicroelectronics FP-ATR-SIGFOX1 3.2.0
2023-05-08 16:55:11,428 [INFO] ThirdParty:1030 - CMSIS Pack Vendor :STMicroelectronics X-CUBE-AZRTOS-L4 1.0.0
2023-05-08 16:55:11,428 [INFO] ThirdParty:1030 - CMSIS Pack Vendor :STMicroelectronics HAL Drivers 0.0.0
2023-05-08 16:55:11,428 [INFO] ThirdParty:1030 - CMSIS Pack Vendor :STMicroelectronics MBEDTLS 2.16.2
2023-05-08 16:55:11,429 [INFO] ThirdParty:1030 - CMSIS Pack Vendor :emotas I-CUBE-CANOPEN 1.1.2
2023-05-08 16:55:11,429 [INFO] ThirdParty:1030 - CMSIS Pack Vendor :STMicroelectronics X-CUBE-TOUCHGFX 4.20.0
2023-05-08 16:55:11,429 [INFO] ThirdParty:1030 - CMSIS Pack Vendor :STMicroelectronics MBEDTLS 2.14.1
2023-05-08 16:55:11,429 [INFO] ThirdParty:1030 - CMSIS Pack Vendor :STMicroelectronics X-CUBE-NFC7 1.0.0
2023-05-08 16:55:11,429 [INFO] ThirdParty:1030 - CMSIS Pack Vendor :STMicroelectronics X-CUBE-AZRTOS-WL 1.0.0
2023-05-08 16:55:11,429 [INFO] ThirdParty:1030 - CMSIS Pack Vendor :STMicroelectronics X-CUBE-MEMS1 9.3.0
2023-05-08 16:55:11,429 [INFO] ThirdParty:1030 - CMSIS Pack Vendor :STMicroelectronics X-CUBE-EEPRMA1 4.1.0
2023-05-08 16:55:11,429 [INFO] ThirdParty:1030 - CMSIS Pack Vendor :portGmbH I-Cube-SoM-uGOAL 1.1.0
2023-05-08 16:55:11,430 [INFO] ThirdParty:1030 - CMSIS Pack Vendor :STMicroelectronics X-CUBE-ALS 1.0.1
2023-05-08 16:55:11,430 [INFO] ThirdParty:1030 - CMSIS Pack Vendor :STMicroelectronics X-CUBE-AI 7.2.0
2023-05-08 16:55:11,430 [INFO] ThirdParty:1030 - CMSIS Pack Vendor :STMicroelectronics X-CUBE-MEMS1 9.5.0
2023-05-08 16:55:11,430 [INFO] ThirdParty:1030 - CMSIS Pack Vendor :STMicroelectronics ThreadX 1.0.0
2023-05-08 16:55:11,430 [INFO] ThirdParty:1030 - CMSIS Pack Vendor :STMicroelectronics X-CUBE-AZRTOS-WB 1.1.0
2023-05-08 16:55:11,431 [INFO] ThirdParty:1030 - CMSIS Pack Vendor :SEGGER I-CUBE-embOS 1.3.1
2023-05-08 16:55:11,432 [INFO] ThirdParty:1030 - CMSIS Pack Vendor :STMicroelectronics X-CUBE-AZRTOS-L5 1.0.0
2023-05-08 16:55:11,432 [INFO] ThirdParty:1030 - CMSIS Pack Vendor :STMicroelectronics USB_DEVICE 1.0.0
2023-05-08 16:55:11,432 [INFO] ThirdParty:1030 - CMSIS Pack Vendor :STMicroelectronics X-CUBE-EEPRMA1 3.1.1
2023-05-08 16:55:11,432 [INFO] ThirdParty:1030 - CMSIS Pack Vendor :STMicroelectronics ThreadX 0.0.2
2023-05-08 16:55:11,432 [INFO] ThirdParty:1030 - CMSIS Pack Vendor :WES I-CUBE-Cesium 1.3.0
2023-05-08 16:55:11,432 [INFO] ThirdParty:1030 - CMSIS Pack Vendor :STMicroelectronics FP-ATR-ASTRA1 2.0.0
2023-05-08 16:55:11,432 [INFO] ThirdParty:1030 - CMSIS Pack Vendor :STMicroelectronics lwIP 2.1.2
2023-05-08 16:55:11,433 [INFO] ThirdParty:1030 - CMSIS Pack Vendor :STMicroelectronics X-CUBE-SFXS2LP1 4.0.0
2023-05-08 16:55:11,433 [INFO] ThirdParty:1030 - CMSIS Pack Vendor :STMicroelectronics X-CUBE-BLE2 3.3.0
2023-05-08 16:55:11,433 [INFO] ThirdParty:1030 - CMSIS Pack Vendor :STMicroelectronics X-CUBE-DISPLAY 2.2.0
2023-05-08 16:55:11,433 [INFO] ThirdParty:1030 - CMSIS Pack Vendor :STMicroelectronics X-CUBE-TOF1 3.2.0
2023-05-08 16:55:11,433 [INFO] ThirdParty:1030 - CMSIS Pack Vendor :STMicroelectronics PDM2PCM 3.2.0
2023-05-08 16:55:11,433 [INFO] ThirdParty:1030 - CMSIS Pack Vendor :STMicroelectronics X-CUBE-AZRTOS-H7 3.0.0
2023-05-08 16:55:11,433 [INFO] ThirdParty:1030 - CMSIS Pack Vendor :STMicroelectronics X-CUBE-ISPU 1.0.0
2023-05-08 16:55:11,434 [INFO] ThirdParty:841 - exiting critical section [change project]
2023-05-08 16:55:12,510 [INFO] PinOutPanel:1499 - setPackage(No Configuration,No Configuration)
2023-05-08 16:55:12,514 [INFO] PinOutPanel:1499 - setPackage(STM32L476RGTx,LQFP64)
2023-05-08 16:55:14,560 [INFO] UtilMem:75 - Before build in PCC Used Memory: 549479032 Bytes (836763648)
2023-05-08 16:55:16,823 [INFO] UtilMem:75 - After build in PCC Used Memory: 588659720 Bytes (836763648)
2023-05-08 16:55:16,889 [INFO] IPUIPlugin:80 - create IPUIPlugin
2023-05-08 16:55:16,890 [INFO] IPUIPlugin:80 - create IPUIPlugin
2023-05-08 16:55:16,890 [INFO] IPUIPlugin:80 - create IPUIPlugin
2023-05-08 16:55:16,890 [INFO] IPUIPlugin:80 - create IPUIPlugin
2023-05-08 16:55:16,890 [INFO] IPUIPlugin:80 - create IPUIPlugin
2023-05-08 16:55:16,890 [INFO] IPUIPlugin:80 - create IPUIPlugin
2023-05-08 16:55:16,890 [INFO] IPUIPlugin:80 - create IPUIPlugin
2023-05-08 16:55:16,890 [INFO] IPUIPlugin:80 - create IPUIPlugin
2023-05-08 16:55:16,891 [INFO] IPUIPlugin:80 - create IPUIPlugin
2023-05-08 16:55:16,891 [INFO] IPUIPlugin:80 - create IPUIPlugin
2023-05-08 16:55:16,891 [INFO] IPUIPlugin:80 - create IPUIPlugin
2023-05-08 16:55:16,891 [INFO] IPUIPlugin:80 - create IPUIPlugin
2023-05-08 16:55:16,891 [INFO] IPUIPlugin:80 - create IPUIPlugin
2023-05-08 16:55:16,891 [INFO] IPUIPlugin:80 - create IPUIPlugin
2023-05-08 16:55:16,891 [INFO] IPUIPlugin:80 - create IPUIPlugin
2023-05-08 16:55:16,892 [INFO] IPUIPlugin:80 - create IPUIPlugin
2023-05-08 16:55:16,892 [INFO] IPUIPlugin:80 - create IPUIPlugin
2023-05-08 16:55:16,892 [INFO] IPUIPlugin:80 - create IPUIPlugin
2023-05-08 16:55:16,893 [INFO] IPUIPlugin:80 - create IPUIPlugin
2023-05-08 16:55:16,893 [INFO] IPUIPlugin:80 - create IPUIPlugin
2023-05-08 16:55:16,894 [INFO] IPUIPlugin:80 - create IPUIPlugin
2023-05-08 16:55:16,894 [INFO] IPUIPlugin:80 - create IPUIPlugin
2023-05-08 16:55:16,894 [INFO] IPUIPlugin:80 - create IPUIPlugin
2023-05-08 16:55:16,894 [INFO] IPUIPlugin:80 - create IPUIPlugin
2023-05-08 16:55:16,894 [INFO] IPUIPlugin:80 - create IPUIPlugin
2023-05-08 16:55:16,895 [INFO] IPUIPlugin:80 - create IPUIPlugin
2023-05-08 16:55:16,895 [INFO] IPUIPlugin:80 - create IPUIPlugin
2023-05-08 16:55:16,895 [INFO] IPUIPlugin:80 - create IPUIPlugin
2023-05-08 16:55:16,896 [INFO] IPUIPlugin:80 - create IPUIPlugin
2023-05-08 16:55:16,896 [INFO] IPUIPlugin:80 - create IPUIPlugin
2023-05-08 16:55:16,896 [INFO] IPUIPlugin:80 - create IPUIPlugin
2023-05-08 16:55:16,897 [INFO] IPUIPlugin:80 - create IPUIPlugin
2023-05-08 16:55:16,898 [INFO] IPUIPlugin:80 - create IPUIPlugin
2023-05-08 16:55:16,899 [INFO] IPUIPlugin:80 - create IPUIPlugin
2023-05-08 16:55:16,899 [INFO] IPUIPlugin:80 - create IPUIPlugin
2023-05-08 16:55:16,900 [INFO] IPUIPlugin:80 - create IPUIPlugin
2023-05-08 16:55:16,900 [INFO] IPUIPlugin:80 - create IPUIPlugin
2023-05-08 16:55:16,901 [INFO] IPUIPlugin:80 - create IPUIPlugin
2023-05-08 16:55:16,901 [INFO] IPUIPlugin:80 - create IPUIPlugin
2023-05-08 16:55:16,902 [INFO] IPUIPlugin:80 - create IPUIPlugin
2023-05-08 16:55:16,903 [INFO] IPUIPlugin:80 - create IPUIPlugin
2023-05-08 16:55:16,905 [INFO] IPUIPlugin:80 - create IPUIPlugin
2023-05-08 16:55:16,906 [INFO] IPUIPlugin:80 - create IPUIPlugin
2023-05-08 16:55:16,906 [INFO] IPUIPlugin:80 - create IPUIPlugin
2023-05-08 16:55:16,907 [INFO] IPUIPlugin:80 - create IPUIPlugin
2023-05-08 16:55:16,907 [INFO] IPUIPlugin:80 - create IPUIPlugin
2023-05-08 16:55:16,907 [INFO] IPUIPlugin:80 - create IPUIPlugin
2023-05-08 16:55:16,908 [INFO] IPUIPlugin:80 - create IPUIPlugin
2023-05-08 16:55:16,908 [INFO] IPUIPlugin:80 - create IPUIPlugin
2023-05-08 16:55:16,909 [INFO] IPUIPlugin:80 - create IPUIPlugin
2023-05-08 16:55:16,909 [INFO] IPUIPlugin:80 - create IPUIPlugin
2023-05-08 16:55:16,910 [INFO] IPUIPlugin:80 - create IPUIPlugin
2023-05-08 16:55:16,910 [INFO] IPUIPlugin:80 - create IPUIPlugin
2023-05-08 16:55:16,911 [INFO] IPUIPlugin:80 - create IPUIPlugin
2023-05-08 16:55:16,912 [INFO] IPUIPlugin:80 - create IPUIPlugin
2023-05-08 16:55:16,912 [INFO] IPUIPlugin:80 - create IPUIPlugin
2023-05-08 16:55:16,914 [INFO] IPUIPlugin:80 - create IPUIPlugin
2023-05-08 16:55:16,915 [INFO] IPUIPlugin:80 - create IPUIPlugin
2023-05-08 16:55:16,916 [INFO] IPUIPlugin:80 - create IPUIPlugin
2023-05-08 16:55:17,387 [INFO] CADModel:165 - CPN selected for project levelSTM32L476RGT3
2023-05-08 16:55:17,387 [INFO] CADModel:114 - Register for checkConnection events
2023-05-08 16:55:17,449 [INFO] OpenFileManager:328 - Restore cursor
2023-05-08 16:55:30,340 [INFO] UtilMem:75 - End SaveConfig() Used Memory: 744315904 Bytes (836763648)
2023-05-08 16:55:32,364 [INFO] UtilMem:75 - End SaveConfig() Used Memory: 558228464 Bytes (836763648)
2023-05-08 16:55:35,331 [INFO] UtilMem:75 - End SaveConfig() Used Memory: 655223792 Bytes (836763648)
2023-05-08 16:55:36,514 [INFO] BlockDiagram:2759 - set Specific Code input for plugin: SYS
2023-05-08 16:55:36,514 [INFO] BlockDiagram:2759 - set Specific Code input for plugin: ADC
2023-05-08 16:55:36,514 [INFO] BlockDiagram:2759 - set Specific Code input for plugin: RCC
2023-05-08 16:55:36,514 [INFO] BlockDiagram:2759 - set Specific Code input for plugin: NVIC
2023-05-08 16:55:36,514 [INFO] BlockDiagram:2759 - set Specific Code input for plugin: USART
2023-05-08 16:55:36,514 [INFO] BlockDiagram:2759 - set Specific Code input for plugin: DMA
2023-05-08 16:55:36,515 [INFO] BlockDiagram:2759 - set Specific Code input for plugin: GPIO
2023-05-08 16:55:36,526 [INFO] CodeGenerator:793 - code generatio: config db path: C:\ST\STM32CubeIDE_1.10.1\STM32CubeIDE\plugins\com.st.stm32cube.common.mx_6.8.1.202304191431\\db\
2023-05-08 16:55:37,432 [INFO] CodeEngine:255 - oldGeneratedFile, D:\PyrOptik\Software\STM32_Nucleo64\nucleo-l476rg-ADCDMA\MXTmpFiles\license.tmp_save
2023-05-08 16:55:38,511 [INFO] CodeEngine:279 - Generated code: D:\PyrOptik\Software\STM32_Nucleo64\nucleo-l476rg-ADCDMA\MXTmpFiles\license.tmp
2023-05-08 16:55:38,695 [INFO] CodeEngine:255 - oldGeneratedFile, D:\PyrOptik\Software\STM32_Nucleo64\nucleo-l476rg-ADCDMA\MXTmpFiles\gpio.tmp_save
2023-05-08 16:55:39,075 [INFO] CodeEngine:279 - Generated code: D:\PyrOptik\Software\STM32_Nucleo64\nucleo-l476rg-ADCDMA\MXTmpFiles\gpio.tmp
2023-05-08 16:55:39,597 [INFO] CodeEngine:255 - oldGeneratedFile, D:\PyrOptik\Software\STM32_Nucleo64\nucleo-l476rg-ADCDMA\MXTmpFiles\dma.tmp_save
2023-05-08 16:55:39,811 [INFO] CodeEngine:279 - Generated code: D:\PyrOptik\Software\STM32_Nucleo64\nucleo-l476rg-ADCDMA\MXTmpFiles\dma.tmp
2023-05-08 16:55:39,818 [INFO] CodeEngine:255 - oldGeneratedFile, D:\PyrOptik\Software\STM32_Nucleo64\nucleo-l476rg-ADCDMA\MXTmpFiles\dma_GV.tmp_save
2023-05-08 16:55:39,955 [INFO] CodeEngine:279 - Generated code: D:\PyrOptik\Software\STM32_Nucleo64\nucleo-l476rg-ADCDMA\MXTmpFiles\dma_GV.tmp
2023-05-08 16:55:39,997 [INFO] CodeEngine:255 - oldGeneratedFile, D:\PyrOptik\Software\STM32_Nucleo64\nucleo-l476rg-ADCDMA\Core\Src\stm32l4xx_it.c_save
2023-05-08 16:55:40,334 [INFO] CodeEngine:279 - Generated code: D:\PyrOptik\Software\STM32_Nucleo64\nucleo-l476rg-ADCDMA\Core\Src\stm32l4xx_it.c
2023-05-08 16:55:40,360 [INFO] CodeEngine:255 - oldGeneratedFile, D:\PyrOptik\Software\STM32_Nucleo64\nucleo-l476rg-ADCDMA\Core\Inc\stm32l4xx_it.h_save
2023-05-08 16:55:40,621 [INFO] CodeEngine:279 - Generated code: D:\PyrOptik\Software\STM32_Nucleo64\nucleo-l476rg-ADCDMA\Core\Inc\stm32l4xx_it.h
2023-05-08 16:55:40,666 [INFO] CodeEngine:255 - oldGeneratedFile, D:\PyrOptik\Software\STM32_Nucleo64\nucleo-l476rg-ADCDMA\Core\Src\stm32l4xx_hal_msp.c_save
2023-05-08 16:55:40,984 [INFO] CodeEngine:279 - Generated code: D:\PyrOptik\Software\STM32_Nucleo64\nucleo-l476rg-ADCDMA\Core\Src\stm32l4xx_hal_msp.c
2023-05-08 16:55:40,993 [INFO] CodeEngine:255 - oldGeneratedFile, D:\PyrOptik\Software\STM32_Nucleo64\nucleo-l476rg-ADCDMA\MXTmpFiles\system.tmp_save
2023-05-08 16:55:41,134 [INFO] CodeEngine:279 - Generated code: D:\PyrOptik\Software\STM32_Nucleo64\nucleo-l476rg-ADCDMA\MXTmpFiles\system.tmp
2023-05-08 16:55:41,166 [INFO] CodeEngine:311 - oldGeneratedFile, D:\PyrOptik\Software\STM32_Nucleo64\nucleo-l476rg-ADCDMA\Core\Inc\stm32l4xx_hal_conf.h_save
2023-05-08 16:55:41,382 [INFO] CodeEngine:335 - Generated code: D:\PyrOptik\Software\STM32_Nucleo64\nucleo-l476rg-ADCDMA\Core\Inc\stm32l4xx_hal_conf.h
2023-05-08 16:55:41,532 [INFO] CodeEngine:255 - oldGeneratedFile, D:\PyrOptik\Software\STM32_Nucleo64\nucleo-l476rg-ADCDMA\Core\Inc\main.h_save
2023-05-08 16:55:41,755 [INFO] CodeEngine:279 - Generated code: D:\PyrOptik\Software\STM32_Nucleo64\nucleo-l476rg-ADCDMA\Core\Inc\main.h
2023-05-08 16:55:41,779 [INFO] CodeEngine:255 - oldGeneratedFile, D:\PyrOptik\Software\STM32_Nucleo64\nucleo-l476rg-ADCDMA\Core\Src\main.c_save
2023-05-08 16:55:42,109 [INFO] CodeEngine:279 - Generated code: D:\PyrOptik\Software\STM32_Nucleo64\nucleo-l476rg-ADCDMA\Core\Src\main.c
2023-05-08 16:55:44,382 [INFO] ProjectBuilder:2996 - Time for Copy HAL[1] : 1317mS.
2023-05-08 16:55:44,404 [INFO] ProjectBuilder:4304 - Project Generator version: 3.19.2
2023-05-08 16:55:44,946 [INFO] ConfigFileManager:1483 - The Die is : DIE415
2023-05-08 16:55:44,960 [INFO] ApiDbMcu:507 - Load IP Config File for FATFS
2023-05-08 16:55:44,968 [INFO] ApiDbMcu:507 - Load IP Config File for FREERTOS
2023-05-08 16:55:44,985 [INFO] ApiDbMcu:507 - Load IP Config File for TOUCHSENSING
2023-05-08 16:55:44,995 [INFO] ApiDbMcu:507 - Load IP Config File for USB_DEVICE
2023-05-08 16:55:45,001 [INFO] ApiDbMcu:507 - Load IP Config File for USB_HOST
2023-05-08 16:55:47,074 [INFO] LogOutputStream:77 - [STDOUT_REDIRECT] 
2023-05-08 16:55:51,220 [INFO] ProjectBuilder:4505 - Time for Generating toolchain IDE Files: 6815mS.
2023-05-08 16:55:51,231 [INFO] ProjectBuilder:2867 - Time for Copy CMSIS : 11mS.
2023-05-08 16:55:51,235 [INFO] ProjectBuilder:2867 - Time for Copy CMSIS : 0mS.
2023-05-08 17:00:42,567 [INFO] UtilMem:75 - End SaveConfig() Used Memory: 594057136 Bytes (867172352)
2023-05-08 17:00:43,218 [INFO] BlockDiagram:2759 - set Specific Code input for plugin: SYS
2023-05-08 17:00:43,219 [INFO] BlockDiagram:2759 - set Specific Code input for plugin: ADC
2023-05-08 17:00:43,219 [INFO] BlockDiagram:2759 - set Specific Code input for plugin: RCC
2023-05-08 17:00:43,219 [INFO] BlockDiagram:2759 - set Specific Code input for plugin: NVIC
2023-05-08 17:00:43,219 [INFO] BlockDiagram:2759 - set Specific Code input for plugin: USART
2023-05-08 17:00:43,219 [INFO] BlockDiagram:2759 - set Specific Code input for plugin: DMA
2023-05-08 17:00:43,220 [INFO] BlockDiagram:2759 - set Specific Code input for plugin: GPIO
2023-05-08 17:00:43,233 [INFO] CodeGenerator:793 - code generatio: config db path: C:\ST\STM32CubeIDE_1.10.1\STM32CubeIDE\plugins\com.st.stm32cube.common.mx_6.8.1.202304191431\\db\
2023-05-08 17:00:43,337 [INFO] Argument:319 - Argument : hdmavalue: null
2023-05-08 17:00:43,337 [INFO] Argument:321 - 	 sub Args: 
2023-05-08 17:00:43,338 [INFO] Argument:319 - Argument : Instancevalue: DMA1_Channel1
2023-05-08 17:00:43,338 [INFO] Argument:329 - Argument : Instancevalue: DMA1_Channel1
2023-05-08 17:00:43,338 [INFO] Argument:319 - Argument : Initvalue: null
2023-05-08 17:00:43,338 [INFO] Argument:321 - 	 sub Args: 
2023-05-08 17:00:43,338 [INFO] Argument:319 - Argument : Requestvalue: DMA_REQUEST_0
2023-05-08 17:00:43,338 [INFO] Argument:329 - Argument : Requestvalue: DMA_REQUEST_0
2023-05-08 17:00:43,338 [INFO] Argument:319 - Argument : Directionvalue: DMA_PERIPH_TO_MEMORY
2023-05-08 17:00:43,338 [INFO] Argument:329 - Argument : Directionvalue: DMA_PERIPH_TO_MEMORY
2023-05-08 17:00:43,338 [INFO] Argument:319 - Argument : PeriphIncvalue: DMA_PINC_DISABLE
2023-05-08 17:00:43,339 [INFO] Argument:329 - Argument : PeriphIncvalue: DMA_PINC_DISABLE
2023-05-08 17:00:43,339 [INFO] Argument:319 - Argument : MemIncvalue: DMA_MINC_ENABLE
2023-05-08 17:00:43,339 [INFO] Argument:329 - Argument : MemIncvalue: DMA_MINC_ENABLE
2023-05-08 17:00:43,339 [INFO] Argument:319 - Argument : PeriphDataAlignmentvalue: DMA_PDATAALIGN_HALFWORD
2023-05-08 17:00:43,339 [INFO] Argument:329 - Argument : PeriphDataAlignmentvalue: DMA_PDATAALIGN_HALFWORD
2023-05-08 17:00:43,339 [INFO] Argument:319 - Argument : MemDataAlignmentvalue: DMA_MDATAALIGN_HALFWORD
2023-05-08 17:00:43,340 [INFO] Argument:329 - Argument : MemDataAlignmentvalue: DMA_MDATAALIGN_HALFWORD
2023-05-08 17:00:43,340 [INFO] Argument:319 - Argument : Modevalue: DMA_CIRCULAR
2023-05-08 17:00:43,340 [INFO] Argument:329 - Argument : Modevalue: DMA_CIRCULAR
2023-05-08 17:00:43,340 [INFO] Argument:319 - Argument : Priorityvalue: DMA_PRIORITY_LOW
2023-05-08 17:00:43,340 [INFO] Argument:329 - Argument : Priorityvalue: DMA_PRIORITY_LOW
2023-05-08 17:00:43,340 [INFO] Argument:319 - Argument : Lockvalue: null
2023-05-08 17:00:43,340 [INFO] Argument:329 - Argument : Lockvalue: null
2023-05-08 17:00:43,341 [INFO] Argument:319 - Argument : Statevalue: null
2023-05-08 17:00:43,341 [INFO] Argument:329 - Argument : Statevalue: null
2023-05-08 17:00:43,341 [INFO] Argument:319 - Argument : Parentvalue: null
2023-05-08 17:00:43,341 [INFO] Argument:329 - Argument : Parentvalue: null
2023-05-08 17:00:43,341 [INFO] Argument:319 - Argument : XferCpltCallbackvalue: null
2023-05-08 17:00:43,341 [INFO] Argument:329 - Argument : XferCpltCallbackvalue: null
2023-05-08 17:00:43,341 [INFO] Argument:319 - Argument : XferHalfCpltCallbackvalue: null
2023-05-08 17:00:43,341 [INFO] Argument:329 - Argument : XferHalfCpltCallbackvalue: null
2023-05-08 17:00:43,341 [INFO] Argument:319 - Argument : XferErrorCallbackvalue: null
2023-05-08 17:00:43,342 [INFO] Argument:329 - Argument : XferErrorCallbackvalue: null
2023-05-08 17:00:43,342 [INFO] Argument:319 - Argument : XferAbortCallbackvalue: null
2023-05-08 17:00:43,342 [INFO] Argument:329 - Argument : XferAbortCallbackvalue: null
2023-05-08 17:00:43,342 [INFO] Argument:319 - Argument : ErrorCodevalue: null
2023-05-08 17:00:43,342 [INFO] Argument:329 - Argument : ErrorCodevalue: null
2023-05-08 17:00:43,342 [INFO] Argument:319 - Argument : DmaBaseAddressvalue: null
2023-05-08 17:00:43,342 [INFO] Argument:329 - Argument : DmaBaseAddressvalue: null
2023-05-08 17:00:43,342 [INFO] Argument:319 - Argument : ChannelIndexvalue: null
2023-05-08 17:00:43,342 [INFO] Argument:329 - Argument : ChannelIndexvalue: null
2023-05-08 17:00:43,343 [INFO] Argument:319 - Argument : hdmavalue: null
2023-05-08 17:00:43,343 [INFO] Argument:321 - 	 sub Args: 
2023-05-08 17:00:43,343 [INFO] Argument:319 - Argument : Instancevalue: DMA1_Channel1
2023-05-08 17:00:43,343 [INFO] Argument:329 - Argument : Instancevalue: DMA1_Channel1
2023-05-08 17:00:43,343 [INFO] Argument:319 - Argument : Initvalue: null
2023-05-08 17:00:43,343 [INFO] Argument:321 - 	 sub Args: 
2023-05-08 17:00:43,343 [INFO] Argument:319 - Argument : Requestvalue: DMA_REQUEST_0
2023-05-08 17:00:43,343 [INFO] Argument:329 - Argument : Requestvalue: DMA_REQUEST_0
2023-05-08 17:00:43,343 [INFO] Argument:319 - Argument : Directionvalue: DMA_PERIPH_TO_MEMORY
2023-05-08 17:00:43,343 [INFO] Argument:329 - Argument : Directionvalue: DMA_PERIPH_TO_MEMORY
2023-05-08 17:00:43,344 [INFO] Argument:319 - Argument : PeriphIncvalue: DMA_PINC_DISABLE
2023-05-08 17:00:43,344 [INFO] Argument:329 - Argument : PeriphIncvalue: DMA_PINC_DISABLE
2023-05-08 17:00:43,344 [INFO] Argument:319 - Argument : MemIncvalue: DMA_MINC_ENABLE
2023-05-08 17:00:43,344 [INFO] Argument:329 - Argument : MemIncvalue: DMA_MINC_ENABLE
2023-05-08 17:00:43,344 [INFO] Argument:319 - Argument : PeriphDataAlignmentvalue: DMA_PDATAALIGN_HALFWORD
2023-05-08 17:00:43,344 [INFO] Argument:329 - Argument : PeriphDataAlignmentvalue: DMA_PDATAALIGN_HALFWORD
2023-05-08 17:00:43,344 [INFO] Argument:319 - Argument : MemDataAlignmentvalue: DMA_MDATAALIGN_HALFWORD
2023-05-08 17:00:43,344 [INFO] Argument:329 - Argument : MemDataAlignmentvalue: DMA_MDATAALIGN_HALFWORD
2023-05-08 17:00:43,344 [INFO] Argument:319 - Argument : Modevalue: DMA_CIRCULAR
2023-05-08 17:00:43,344 [INFO] Argument:329 - Argument : Modevalue: DMA_CIRCULAR
2023-05-08 17:00:43,345 [INFO] Argument:319 - Argument : Priorityvalue: DMA_PRIORITY_LOW
2023-05-08 17:00:43,345 [INFO] Argument:329 - Argument : Priorityvalue: DMA_PRIORITY_LOW
2023-05-08 17:00:43,345 [INFO] Argument:319 - Argument : Lockvalue: null
2023-05-08 17:00:43,345 [INFO] Argument:329 - Argument : Lockvalue: null
2023-05-08 17:00:43,345 [INFO] Argument:319 - Argument : Statevalue: null
2023-05-08 17:00:43,345 [INFO] Argument:329 - Argument : Statevalue: null
2023-05-08 17:00:43,345 [INFO] Argument:319 - Argument : Parentvalue: null
2023-05-08 17:00:43,345 [INFO] Argument:329 - Argument : Parentvalue: null
2023-05-08 17:00:43,346 [INFO] Argument:319 - Argument : XferCpltCallbackvalue: null
2023-05-08 17:00:43,346 [INFO] Argument:329 - Argument : XferCpltCallbackvalue: null
2023-05-08 17:00:43,346 [INFO] Argument:319 - Argument : XferHalfCpltCallbackvalue: null
2023-05-08 17:00:43,346 [INFO] Argument:329 - Argument : XferHalfCpltCallbackvalue: null
2023-05-08 17:00:43,346 [INFO] Argument:319 - Argument : XferErrorCallbackvalue: null
2023-05-08 17:00:43,347 [INFO] Argument:329 - Argument : XferErrorCallbackvalue: null
2023-05-08 17:00:43,347 [INFO] Argument:319 - Argument : XferAbortCallbackvalue: null
2023-05-08 17:00:43,348 [INFO] Argument:329 - Argument : XferAbortCallbackvalue: null
2023-05-08 17:00:43,349 [INFO] Argument:319 - Argument : ErrorCodevalue: null
2023-05-08 17:00:43,349 [INFO] Argument:329 - Argument : ErrorCodevalue: null
2023-05-08 17:00:43,350 [INFO] Argument:319 - Argument : DmaBaseAddressvalue: null
2023-05-08 17:00:43,351 [INFO] Argument:329 - Argument : DmaBaseAddressvalue: null
2023-05-08 17:00:43,351 [INFO] Argument:319 - Argument : ChannelIndexvalue: null
2023-05-08 17:00:43,351 [INFO] Argument:329 - Argument : ChannelIndexvalue: null
2023-05-08 17:00:43,351 [INFO] Argument:319 - Argument : pSyncConfigvalue: null
2023-05-08 17:00:43,352 [INFO] Argument:321 - 	 sub Args: 
2023-05-08 17:00:43,352 [INFO] Argument:319 - Argument : SyncSignalIDvalue: null
2023-05-08 17:00:43,352 [INFO] Argument:329 - Argument : SyncSignalIDvalue: null
2023-05-08 17:00:43,352 [INFO] Argument:319 - Argument : SyncPolarityvalue: null
2023-05-08 17:00:43,354 [INFO] Argument:329 - Argument : SyncPolarityvalue: null
2023-05-08 17:00:43,354 [INFO] Argument:319 - Argument : SyncEnablevalue: null
2023-05-08 17:00:43,354 [INFO] Argument:329 - Argument : SyncEnablevalue: null
2023-05-08 17:00:43,354 [INFO] Argument:319 - Argument : EventEnablevalue: null
2023-05-08 17:00:43,354 [INFO] Argument:329 - Argument : EventEnablevalue: null
2023-05-08 17:00:43,354 [INFO] Argument:319 - Argument : RequestNumbervalue: null
2023-05-08 17:00:43,354 [INFO] Argument:329 - Argument : RequestNumbervalue: null
2023-05-08 17:00:43,804 [INFO] CodeEngine:255 - oldGeneratedFile, D:\PyrOptik\Software\STM32_Nucleo64\nucleo-l476rg-ADCDMA\MXTmpFiles\license.tmp_save
2023-05-08 17:00:44,273 [INFO] CodeEngine:279 - Generated code: D:\PyrOptik\Software\STM32_Nucleo64\nucleo-l476rg-ADCDMA\MXTmpFiles\license.tmp
2023-05-08 17:00:44,348 [INFO] CodeEngine:255 - oldGeneratedFile, D:\PyrOptik\Software\STM32_Nucleo64\nucleo-l476rg-ADCDMA\MXTmpFiles\gpio.tmp_save
2023-05-08 17:00:44,528 [INFO] CodeEngine:279 - Generated code: D:\PyrOptik\Software\STM32_Nucleo64\nucleo-l476rg-ADCDMA\MXTmpFiles\gpio.tmp
2023-05-08 17:00:44,963 [INFO] CodeEngine:255 - oldGeneratedFile, D:\PyrOptik\Software\STM32_Nucleo64\nucleo-l476rg-ADCDMA\MXTmpFiles\dma.tmp_save
2023-05-08 17:00:45,257 [INFO] CodeEngine:279 - Generated code: D:\PyrOptik\Software\STM32_Nucleo64\nucleo-l476rg-ADCDMA\MXTmpFiles\dma.tmp
2023-05-08 17:00:45,280 [INFO] CodeEngine:255 - oldGeneratedFile, D:\PyrOptik\Software\STM32_Nucleo64\nucleo-l476rg-ADCDMA\MXTmpFiles\dma_GV.tmp_save
2023-05-08 17:00:45,474 [INFO] CodeEngine:279 - Generated code: D:\PyrOptik\Software\STM32_Nucleo64\nucleo-l476rg-ADCDMA\MXTmpFiles\dma_GV.tmp
2023-05-08 17:00:45,528 [INFO] CodeEngine:255 - oldGeneratedFile, D:\PyrOptik\Software\STM32_Nucleo64\nucleo-l476rg-ADCDMA\Core\Src\stm32l4xx_it.c_save
2023-05-08 17:00:45,849 [INFO] CodeEngine:279 - Generated code: D:\PyrOptik\Software\STM32_Nucleo64\nucleo-l476rg-ADCDMA\Core\Src\stm32l4xx_it.c
2023-05-08 17:00:45,872 [INFO] CodeEngine:255 - oldGeneratedFile, D:\PyrOptik\Software\STM32_Nucleo64\nucleo-l476rg-ADCDMA\Core\Inc\stm32l4xx_it.h_save
2023-05-08 17:00:45,961 [INFO] CodeEngine:279 - Generated code: D:\PyrOptik\Software\STM32_Nucleo64\nucleo-l476rg-ADCDMA\Core\Inc\stm32l4xx_it.h
2023-05-08 17:00:45,997 [INFO] CodeEngine:255 - oldGeneratedFile, D:\PyrOptik\Software\STM32_Nucleo64\nucleo-l476rg-ADCDMA\Core\Src\stm32l4xx_hal_msp.c_save
2023-05-08 17:00:46,240 [INFO] CodeEngine:279 - Generated code: D:\PyrOptik\Software\STM32_Nucleo64\nucleo-l476rg-ADCDMA\Core\Src\stm32l4xx_hal_msp.c
2023-05-08 17:00:46,250 [INFO] CodeEngine:255 - oldGeneratedFile, D:\PyrOptik\Software\STM32_Nucleo64\nucleo-l476rg-ADCDMA\MXTmpFiles\system.tmp_save
2023-05-08 17:00:46,375 [INFO] CodeEngine:279 - Generated code: D:\PyrOptik\Software\STM32_Nucleo64\nucleo-l476rg-ADCDMA\MXTmpFiles\system.tmp
2023-05-08 17:00:46,402 [INFO] CodeEngine:311 - oldGeneratedFile, D:\PyrOptik\Software\STM32_Nucleo64\nucleo-l476rg-ADCDMA\Core\Inc\stm32l4xx_hal_conf.h_save
2023-05-08 17:00:46,658 [INFO] CodeEngine:335 - Generated code: D:\PyrOptik\Software\STM32_Nucleo64\nucleo-l476rg-ADCDMA\Core\Inc\stm32l4xx_hal_conf.h
2023-05-08 17:00:46,788 [INFO] CodeEngine:255 - oldGeneratedFile, D:\PyrOptik\Software\STM32_Nucleo64\nucleo-l476rg-ADCDMA\Core\Inc\main.h_save
2023-05-08 17:00:46,927 [INFO] CodeEngine:279 - Generated code: D:\PyrOptik\Software\STM32_Nucleo64\nucleo-l476rg-ADCDMA\Core\Inc\main.h
2023-05-08 17:00:46,946 [INFO] CodeEngine:255 - oldGeneratedFile, D:\PyrOptik\Software\STM32_Nucleo64\nucleo-l476rg-ADCDMA\Core\Src\main.c_save
2023-05-08 17:00:47,156 [INFO] CodeEngine:279 - Generated code: D:\PyrOptik\Software\STM32_Nucleo64\nucleo-l476rg-ADCDMA\Core\Src\main.c
2023-05-08 17:00:48,583 [INFO] ProjectBuilder:2996 - Time for Copy HAL[1] : 623mS.
2023-05-08 17:00:48,587 [INFO] ProjectBuilder:4304 - Project Generator version: 3.19.2
2023-05-08 17:00:48,974 [INFO] ConfigFileManager:1483 - The Die is : DIE415
2023-05-08 17:00:52,285 [INFO] ProjectBuilder:4505 - Time for Generating toolchain IDE Files: 3698mS.
2023-05-08 17:00:52,287 [INFO] ProjectBuilder:2867 - Time for Copy CMSIS : 1mS.
2023-05-08 17:00:52,292 [INFO] ProjectBuilder:2867 - Time for Copy CMSIS : 0mS.
