2023-04-11 10:17:52,743 [INFO] Activator:176 - 


2023-04-11 10:17:52,754 [INFO] Activator:177 - !SESSION log4j initialized
2023-04-11 10:18:07,226 [INFO] LogOutputStream:77 - [STDOUT_REDIRECT] 
2023-04-11 10:18:24,532 [ERROR] LogOutputStream:75 - [STDERR_REDIRECT] SLF4J: Failed to load class "org.slf4j.impl.StaticLoggerBinder".
2023-04-11 10:18:24,534 [ERROR] LogOutputStream:75 - [STDERR_REDIRECT] SLF4J: Defaulting to no-operation (NOP) logger implementation
2023-04-11 10:18:24,538 [ERROR] LogOutputStream:75 - [STDERR_REDIRECT] SLF4J: See http://www.slf4j.org/codes.html#StaticLoggerBinder for further details.
2023-04-11 10:54:04,503 [INFO] ApplicationProperties:184 - Using Application install path: C:\ST\STM32CubeIDE_1.10.1\STM32CubeIDE\plugins\com.st.stm32cube.common.mx_6.8.0.202302231600
2023-04-11 10:54:04,527 [INFO] DbMcusXml:78 - Set database path to: C:\ST\STM32CubeIDE_1.10.1\STM32CubeIDE\plugins\com.st.stm32cube.common.mx_6.8.0.202302231600\\db\/mcu/
2023-04-11 10:54:04,527 [INFO] ApiDb:274 - Set plugin database path to: C:\ST\STM32CubeIDE_1.10.1\STM32CubeIDE\plugins\com.st.stm32cube.common.mx_6.8.0.202302231600\\db\/plugins/boardmanager/
2023-04-11 10:54:04,530 [WARN] ApiDb:259 - Overriding images path with different value:  => C:\ST\STM32CubeIDE_1.10.1\STM32CubeIDE\plugins\com.st.stm32cube.common.mx_6.8.0.202302231600\\db\/plugins/mcufinder/images/
2023-04-11 10:54:04,548 [INFO] ApiDb:250 - Set database path to: C:\Users\sahme\.stmcufinder\plugins\mcufinder//mcu/
2023-04-11 10:54:04,550 [INFO] DbMcusAds:125 - Set database path to: C:\Users\sahme\.stmcufinder\plugins\mcufinder//mcu/
2023-04-11 10:54:04,569 [INFO] CrossReferenceDbSqlite:203 - Set database path to: C:\Users\sahme\.stmcufinder\plugins\mcufinder//mcu/cs/
2023-04-11 10:54:04,708 [INFO] RulesReader:64 - Compatibility file has been processed (293 Rules)
2023-04-11 10:54:04,821 [INFO] DbMcusXml:78 - Set database path to: C:\ST\STM32CubeIDE_1.10.1\STM32CubeIDE\plugins\com.st.stm32cube.common.mx_6.8.0.202302231600\\db\/mcu/
2023-04-11 10:54:04,821 [INFO] ApiDb:274 - Set plugin database path to: C:\ST\STM32CubeIDE_1.10.1\STM32CubeIDE\plugins\com.st.stm32cube.common.mx_6.8.0.202302231600\\db\/plugins/boardmanager/
2023-04-11 10:54:04,821 [INFO] ApiDb:261 - Set plugin images path to: C:\ST\STM32CubeIDE_1.10.1\STM32CubeIDE\plugins\com.st.stm32cube.common.mx_6.8.0.202302231600\\db\/plugins/mcufinder/images/
2023-04-11 10:54:04,822 [WARN] DbFile:41 - Overriding database path with different value: C:\Users\sahme\.stmcufinder\plugins\mcufinder/ => C:\Users\sahme\.stmcufinder\plugins\mcufinder
2023-04-11 10:54:04,822 [INFO] ApiDb:250 - Set database path to: C:\Users\sahme\.stmcufinder\plugins\mcufinder//mcu/
2023-04-11 10:54:04,822 [WARN] DbFile:41 - Overriding database path with different value: C:\Users\sahme\.stmcufinder\plugins\mcufinder/ => C:\Users\sahme\.stmcufinder\plugins\mcufinder
2023-04-11 10:54:04,822 [INFO] DbMcusAds:125 - Set database path to: C:\Users\sahme\.stmcufinder\plugins\mcufinder//mcu/
2023-04-11 10:54:04,822 [WARN] DbFile:41 - Overriding database path with different value: C:\Users\sahme\.stmcufinder\plugins\mcufinder/ => C:\Users\sahme\.stmcufinder\plugins\mcufinder
2023-04-11 10:54:04,822 [WARN] DbFile:41 - Overriding database path with different value: C:\Users\sahme\.stmcufinder\plugins\mcufinder/ => C:\Users\sahme\.stmcufinder\plugins\mcufinder
2023-04-11 10:54:04,823 [INFO] CrossReferenceDbSqlite:203 - Set database path to: C:\Users\sahme\.stmcufinder\plugins\mcufinder//mcu/cs/
2023-04-11 10:54:04,929 [INFO] MainPanel:253 - HeapMemory: 514850816
2023-04-11 10:54:05,036 [INFO] DbMcusXml:78 - Set database path to: C:\ST\STM32CubeIDE_1.10.1\STM32CubeIDE\plugins\com.st.stm32cube.common.mx_6.8.0.202302231600\\db\/mcu/
2023-04-11 10:54:05,036 [INFO] ApiDb:274 - Set plugin database path to: C:\ST\STM32CubeIDE_1.10.1\STM32CubeIDE\plugins\com.st.stm32cube.common.mx_6.8.0.202302231600\\db\/plugins/boardmanager/
2023-04-11 10:54:05,036 [INFO] ApiDb:261 - Set plugin images path to: C:\ST\STM32CubeIDE_1.10.1\STM32CubeIDE\plugins\com.st.stm32cube.common.mx_6.8.0.202302231600\\db\/plugins/mcufinder/images/
2023-04-11 10:54:05,037 [WARN] DbFile:41 - Overriding database path with different value: C:\Users\sahme\.stmcufinder\plugins\mcufinder/ => C:\Users\sahme\.stmcufinder\plugins\mcufinder
2023-04-11 10:54:05,037 [INFO] ApiDb:250 - Set database path to: C:\Users\sahme\.stmcufinder\plugins\mcufinder//mcu/
2023-04-11 10:54:05,037 [WARN] DbFile:41 - Overriding database path with different value: C:\Users\sahme\.stmcufinder\plugins\mcufinder/ => C:\Users\sahme\.stmcufinder\plugins\mcufinder
2023-04-11 10:54:05,037 [INFO] DbMcusAds:125 - Set database path to: C:\Users\sahme\.stmcufinder\plugins\mcufinder//mcu/
2023-04-11 10:54:05,038 [WARN] DbFile:41 - Overriding database path with different value: C:\Users\sahme\.stmcufinder\plugins\mcufinder/ => C:\Users\sahme\.stmcufinder\plugins\mcufinder
2023-04-11 10:54:05,038 [WARN] DbFile:41 - Overriding database path with different value: C:\Users\sahme\.stmcufinder\plugins\mcufinder/ => C:\Users\sahme\.stmcufinder\plugins\mcufinder
2023-04-11 10:54:05,038 [INFO] CrossReferenceDbSqlite:203 - Set database path to: C:\Users\sahme\.stmcufinder\plugins\mcufinder//mcu/cs/
2023-04-11 10:54:05,068 [INFO] ApplicationProperties:184 - Using Application install path: C:\ST\STM32CubeIDE_1.10.1\STM32CubeIDE\plugins\com.st.stm32cube.common.mx_6.8.0.202302231600
2023-04-11 10:54:05,070 [INFO] PluginManage:196 - Search for loadable plugins [exclusion list=, ]
2023-04-11 10:54:05,072 [INFO] PluginManage:310 - Check plugin analytics
2023-04-11 10:54:05,348 [INFO] AnalyticsPlugin:253 - Accepted Software Licenses: 
2023-04-11 10:54:05,351 [INFO] AnalyticsPlugin:255 - Accepted CMSIS Pack Licenses: 
2023-04-11 10:54:05,352 [INFO] AnalyticsPlugin:257 - Accepted Firmware Licenses: 
2023-04-11 10:54:05,367 [INFO] PluginManage:359 - Loaded plugin analytics (category:tool,tabindex:-1)
2023-04-11 10:54:05,367 [INFO] PluginManage:310 - Check plugin cadmodel
2023-04-11 10:54:05,373 [INFO] CADModel:105 - Init CAD model plugin
2023-04-11 10:54:05,374 [INFO] PluginManage:359 - Loaded plugin cadmodel (category:power,tabindex:5)
2023-04-11 10:54:05,374 [INFO] PluginManage:310 - Check plugin clock
2023-04-11 10:54:05,387 [INFO] PluginManage:359 - Loaded plugin clock (category:base,tabindex:2)
2023-04-11 10:54:05,388 [INFO] PluginManage:310 - Check plugin ddr
2023-04-11 10:54:05,392 [INFO] PluginManage:359 - Loaded plugin ddr (category:tool,tabindex:6)
2023-04-11 10:54:05,392 [INFO] PluginManage:310 - Check plugin filemanager
2023-04-11 10:54:05,601 [INFO] PluginManage:359 - Loaded plugin filemanager (category:base,tabindex:10)
2023-04-11 10:54:05,601 [INFO] PluginManage:310 - Check plugin ipmanager
2023-04-11 10:54:05,613 [INFO] PluginManage:359 - Loaded plugin ipmanager (category:base,tabindex:5)
2023-04-11 10:54:05,614 [INFO] PluginManage:310 - Check plugin lpbam
2023-04-11 10:54:05,626 [INFO] PluginManage:359 - Loaded plugin lpbam (category:base,tabindex:0)
2023-04-11 10:54:05,626 [INFO] PluginManage:310 - Check plugin pinoutandconfiguration
2023-04-11 10:54:05,638 [INFO] PluginManage:359 - Loaded plugin pinoutandconfiguration (category:base,tabindex:1)
2023-04-11 10:54:05,638 [INFO] PluginManage:310 - Check plugin pinoutconfig
2023-04-11 10:54:05,747 [WARN] SupportedApi:132 - Cannot load RTOS API schema: s4s-elt-must-match.1: The content of 'definitions' must match (annotation?, (simpleType | complexType)?, (unique | key | keyref)*)). A problem was found starting at: attribute.
2023-04-11 10:54:05,951 [INFO] PluginManage:359 - Loaded plugin pinoutconfig (category:base,tabindex:0)
2023-04-11 10:54:05,952 [INFO] PluginManage:310 - Check plugin power
2023-04-11 10:54:05,970 [INFO] PluginManage:359 - Loaded plugin power (category:power,tabindex:4)
2023-04-11 10:54:05,970 [INFO] PluginManage:310 - Check plugin projectmanager
2023-04-11 10:54:06,003 [INFO] PluginManage:359 - Loaded plugin projectmanager (category:projectmanager,tabindex:3)
2023-04-11 10:54:06,003 [INFO] PluginManage:310 - Check plugin thirdparty
2023-04-11 10:54:06,176 [INFO] PluginManage:359 - Loaded plugin thirdparty (category:base,tabindex:-1)
2023-04-11 10:54:06,175 [WARN] IntegrityCheckThread:84 - waiting for thirdparty lock release [integrity check]
2023-04-11 10:54:06,176 [INFO] PluginManage:310 - Check plugin tools
2023-04-11 10:54:06,176 [INFO] IntegrityCheckThread:86 - entering critical section [integrity check]
2023-04-11 10:54:06,180 [INFO] ThirdPartyUpdaterWithRetryManager:70 - Updater plugin not ready yet. [1/15]
2023-04-11 10:54:06,181 [INFO] PluginManage:359 - Loaded plugin tools (category:base,tabindex:7)
2023-04-11 10:54:06,181 [INFO] PluginManage:310 - Check plugin tutovideos
2023-04-11 10:54:06,439 [INFO] PluginManage:359 - Loaded plugin tutovideos (category:base,tabindex:-1)
2023-04-11 10:54:06,439 [INFO] PluginManage:310 - Check plugin updater
2023-04-11 10:54:06,462 [INFO] PluginManage:359 - Loaded plugin updater (category:base,tabindex:12)
2023-04-11 10:54:06,463 [INFO] PluginManage:283 - PluginManage : Loaded plugins [15]
2023-04-11 10:54:06,873 [INFO] PinOutPanel:1499 - setPackage(No Configuration,No Configuration)
2023-04-11 10:54:06,990 [INFO] CADModel:165 - CPN selected for project level
2023-04-11 10:54:06,991 [INFO] CADModel:114 - Register for checkConnection events
2023-04-11 10:54:07,017 [INFO] IPUIPlugin:80 - create IPUIPlugin
2023-04-11 10:54:07,018 [INFO] PluginManager:220 - loadIPPluginJar : add adc
2023-04-11 10:54:07,023 [INFO] IPUIPlugin:80 - create IPUIPlugin
2023-04-11 10:54:07,023 [INFO] PluginManager:220 - loadIPPluginJar : add aes
2023-04-11 10:54:07,028 [INFO] IPUIPlugin:80 - create IPUIPlugin
2023-04-11 10:54:07,029 [INFO] PluginManager:220 - loadIPPluginJar : add can
2023-04-11 10:54:07,032 [INFO] IPUIPlugin:80 - create IPUIPlugin
2023-04-11 10:54:07,032 [INFO] PluginManager:220 - loadIPPluginJar : add comp
2023-04-11 10:54:07,039 [INFO] IPUIPlugin:80 - create IPUIPlugin
2023-04-11 10:54:07,039 [INFO] PluginManager:220 - loadIPPluginJar : add cryp
2023-04-11 10:54:07,045 [INFO] IPUIPlugin:80 - create IPUIPlugin
2023-04-11 10:54:07,046 [INFO] PluginManager:220 - loadIPPluginJar : add dfsdm
2023-04-11 10:54:07,057 [INFO] IPUIPlugin:80 - create IPUIPlugin
2023-04-11 10:54:07,059 [INFO] PluginManager:220 - loadIPPluginJar : add dma
2023-04-11 10:54:07,063 [INFO] IPUIPlugin:80 - create IPUIPlugin
2023-04-11 10:54:07,063 [INFO] PluginManager:220 - loadIPPluginJar : add dma3
2023-04-11 10:54:07,067 [INFO] IPUIPlugin:80 - create IPUIPlugin
2023-04-11 10:54:07,067 [INFO] PluginManager:220 - loadIPPluginJar : add fatfs
2023-04-11 10:54:07,077 [INFO] IPUIPlugin:80 - create IPUIPlugin
2023-04-11 10:54:07,078 [INFO] PluginManager:220 - loadIPPluginJar : add fmc
2023-04-11 10:54:07,088 [INFO] IPUIPlugin:80 - create IPUIPlugin
2023-04-11 10:54:07,088 [INFO] PluginManager:220 - loadIPPluginJar : add freertos
2023-04-11 10:54:07,092 [INFO] IPUIPlugin:80 - create IPUIPlugin
2023-04-11 10:54:07,092 [INFO] PluginManager:220 - loadIPPluginJar : add genericplugin
2023-04-11 10:54:07,097 [INFO] IPUIPlugin:80 - create IPUIPlugin
2023-04-11 10:54:07,097 [INFO] PluginManager:220 - loadIPPluginJar : add gfxmmu
2023-04-11 10:54:07,104 [INFO] IPUIPlugin:80 - create IPUIPlugin
2023-04-11 10:54:07,104 [INFO] PluginManager:220 - loadIPPluginJar : add gic
2023-04-11 10:54:07,109 [INFO] IPUIPlugin:80 - create IPUIPlugin
2023-04-11 10:54:07,109 [INFO] PluginManager:220 - loadIPPluginJar : add gpio
2023-04-11 10:54:07,113 [INFO] IPUIPlugin:80 - create IPUIPlugin
2023-04-11 10:54:07,113 [INFO] PluginManager:220 - loadIPPluginJar : add gtzc
2023-04-11 10:54:07,116 [INFO] IPUIPlugin:80 - create IPUIPlugin
2023-04-11 10:54:07,116 [INFO] PluginManager:220 - loadIPPluginJar : add hash
2023-04-11 10:54:07,119 [INFO] IPUIPlugin:80 - create IPUIPlugin
2023-04-11 10:54:07,119 [INFO] PluginManager:220 - loadIPPluginJar : add i2c
2023-04-11 10:54:07,123 [INFO] IPUIPlugin:80 - create IPUIPlugin
2023-04-11 10:54:07,123 [INFO] PluginManager:220 - loadIPPluginJar : add i2s
2023-04-11 10:54:07,126 [INFO] IPUIPlugin:80 - create IPUIPlugin
2023-04-11 10:54:07,127 [INFO] PluginManager:220 - loadIPPluginJar : add i3c
2023-04-11 10:54:07,130 [INFO] IPUIPlugin:80 - create IPUIPlugin
2023-04-11 10:54:07,130 [INFO] PluginManager:220 - loadIPPluginJar : add ipddr
2023-04-11 10:54:07,140 [INFO] IPUIPlugin:80 - create IPUIPlugin
2023-04-11 10:54:07,140 [INFO] PluginManager:220 - loadIPPluginJar : add linkedlist
2023-04-11 10:54:07,143 [INFO] IPUIPlugin:80 - create IPUIPlugin
2023-04-11 10:54:07,144 [INFO] PluginManager:220 - loadIPPluginJar : add lorawan
2023-04-11 10:54:07,145 [INFO] IPUIPlugin:80 - create IPUIPlugin
2023-04-11 10:54:07,146 [INFO] PluginManager:220 - loadIPPluginJar : add ltdc
2023-04-11 10:54:07,156 [INFO] IPUIPlugin:80 - create IPUIPlugin
2023-04-11 10:54:07,156 [INFO] PluginManager:220 - loadIPPluginJar : add mdma
2023-04-11 10:54:07,163 [INFO] IPUIPlugin:80 - create IPUIPlugin
2023-04-11 10:54:07,163 [INFO] PluginManager:220 - loadIPPluginJar : add nvic
2023-04-11 10:54:07,167 [INFO] IPUIPlugin:80 - create IPUIPlugin
2023-04-11 10:54:07,168 [INFO] PluginManager:220 - loadIPPluginJar : add opamp
2023-04-11 10:54:07,172 [INFO] IPUIPlugin:80 - create IPUIPlugin
2023-04-11 10:54:07,173 [INFO] PluginManager:220 - loadIPPluginJar : add openamp
2023-04-11 10:54:07,197 [INFO] IPUIPlugin:80 - create IPUIPlugin
2023-04-11 10:54:07,198 [INFO] PluginManager:220 - loadIPPluginJar : add pdm2pcm
2023-04-11 10:54:07,208 [INFO] IPUIPlugin:80 - create IPUIPlugin
2023-04-11 10:54:07,215 [INFO] PluginManager:220 - loadIPPluginJar : add plateformsettings
2023-04-11 10:54:07,219 [INFO] IPUIPlugin:80 - create IPUIPlugin
2023-04-11 10:54:07,219 [INFO] PluginManager:220 - loadIPPluginJar : add quadspi
2023-04-11 10:54:07,224 [INFO] IPUIPlugin:80 - create IPUIPlugin
2023-04-11 10:54:07,225 [INFO] PluginManager:220 - loadIPPluginJar : add resmgrutility
2023-04-11 10:54:07,229 [INFO] IPUIPlugin:80 - create IPUIPlugin
2023-04-11 10:54:07,229 [INFO] PluginManager:220 - loadIPPluginJar : add sai
2023-04-11 10:54:07,234 [INFO] IPUIPlugin:80 - create IPUIPlugin
2023-04-11 10:54:07,234 [INFO] PluginManager:220 - loadIPPluginJar : add spi
2023-04-11 10:54:07,243 [INFO] IPUIPlugin:80 - create IPUIPlugin
2023-04-11 10:54:07,243 [INFO] PluginManager:220 - loadIPPluginJar : add stm32_wpan
2023-04-11 10:54:07,245 [INFO] IPUIPlugin:80 - create IPUIPlugin
2023-04-11 10:54:07,246 [INFO] PluginManager:220 - loadIPPluginJar : add tim
2023-04-11 10:54:07,250 [INFO] IPUIPlugin:80 - create IPUIPlugin
2023-04-11 10:54:07,251 [INFO] PluginManager:220 - loadIPPluginJar : add touchsensing
2023-04-11 10:54:07,254 [INFO] IPUIPlugin:80 - create IPUIPlugin
2023-04-11 10:54:07,254 [INFO] PluginManager:220 - loadIPPluginJar : add tracer_emb
2023-04-11 10:54:07,257 [INFO] IPUIPlugin:80 - create IPUIPlugin
2023-04-11 10:54:07,257 [INFO] PluginManager:220 - loadIPPluginJar : add ts
2023-04-11 10:54:07,260 [INFO] IPUIPlugin:80 - create IPUIPlugin
2023-04-11 10:54:07,260 [INFO] PluginManager:220 - loadIPPluginJar : add tsc
2023-04-11 10:54:07,263 [INFO] IPUIPlugin:80 - create IPUIPlugin
2023-04-11 10:54:07,263 [INFO] PluginManager:220 - loadIPPluginJar : add ucpd
2023-04-11 10:54:07,267 [INFO] IPUIPlugin:80 - create IPUIPlugin
2023-04-11 10:54:07,268 [INFO] PluginManager:220 - loadIPPluginJar : add usart
2023-04-11 10:54:07,273 [INFO] IPUIPlugin:80 - create IPUIPlugin
2023-04-11 10:54:07,273 [INFO] PluginManager:220 - loadIPPluginJar : add usbx
2023-04-11 10:54:07,452 [INFO] CADModel:165 - CPN selected for project level
2023-04-11 10:54:07,452 [INFO] CADModel:114 - Register for checkConnection events
2023-04-11 10:54:07,452 [FATAL] Updater:308 - Updater called before beeing initialized
2023-04-11 10:54:07,452 [ERROR] CADModel:125 - Updater not yet initialized, retry later 
2023-04-11 10:54:07,712 [INFO] CADModel:165 - CPN selected for project level
2023-04-11 10:54:07,713 [INFO] CADModel:114 - Register for checkConnection events
2023-04-11 10:54:07,713 [FATAL] Updater:308 - Updater called before beeing initialized
2023-04-11 10:54:07,713 [ERROR] CADModel:125 - Updater not yet initialized, retry later 
2023-04-11 10:54:07,721 [FATAL] Updater:308 - Updater called before beeing initialized
2023-04-11 10:54:07,913 [FATAL] Updater:308 - Updater called before beeing initialized
2023-04-11 10:54:07,925 [INFO] DbMcusAds:53 - JSON generation date=Tue Mar 07 08:50:55 GMT 2023 (1678179055335)
2023-04-11 10:54:07,926 [FATAL] Updater:308 - Updater called before beeing initialized
2023-04-11 10:54:07,969 [WARN] DetailPanel:346 - Failed to get advertising image, set to default
2023-04-11 10:54:08,180 [FATAL] Updater:308 - Updater called before beeing initialized
2023-04-11 10:54:08,183 [FATAL] Updater:308 - Updater called before beeing initialized
2023-04-11 10:54:08,184 [FATAL] Updater:308 - Updater called before beeing initialized
2023-04-11 10:54:08,184 [WARN] DetailPanel:346 - Failed to get advertising image, set to default
2023-04-11 10:54:08,185 [FATAL] Updater:308 - Updater called before beeing initialized
2023-04-11 10:54:08,320 [ERROR] Updater:1120 - MainUpdater not yet initialized. External WinMGr cannot be set.
2023-04-11 10:54:08,323 [INFO] Updater:1056 - Updater Version found : 6.8.0
2023-04-11 10:54:08,348 [INFO] ApplicationProperties:184 - Using Application install path: C:\ST\STM32CubeIDE_1.10.1\STM32CubeIDE\plugins\com.st.stm32cube.common.mx_6.8.0.202302231600
2023-04-11 10:54:08,565 [INFO] MainUpdater:2854 - connection check result : 10
2023-04-11 10:54:08,567 [INFO] MainUpdater:283 - Updater Check For Update Now.
2023-04-11 10:54:08,568 [INFO] MicroXplorer:498 - Change Database Version : DB.6.0.80
2023-04-11 10:54:08,757 [INFO] CheckServerUpdateThread:120 - End of CheckServer Thread
2023-04-11 10:54:08,781 [INFO] MainUpdater:2854 - connection check result : 10
2023-04-11 10:54:08,782 [INFO] MainUpdater:2854 - connection check result : 10
2023-04-11 10:54:08,843 [INFO] MicroXplorer:468 - Change Database Path : 
2023-04-11 10:54:08,844 [INFO] MicroXplorer:498 - Change Database Version : DB.6.0.80
2023-04-11 10:54:08,846 [WARN] ThirdParty:871 - waiting for thirdparty lock release [close project]
2023-04-11 10:54:09,466 [WARN] PackLoader:240 - Cannot read IP mode file for STMicroelectronics.X-CUBE-GNSS1.6.0.0
2023-04-11 10:54:09,513 [WARN] PackLoader:240 - Cannot read IP mode file for STMicroelectronics.X-CUBE-AZRTOS-F4.1.1.0
2023-04-11 10:54:09,533 [WARN] PackLoader:240 - Cannot read IP mode file for STMicroelectronics.X-CUBE-SMBUS.2.1.0
2023-04-11 10:54:09,559 [WARN] PackLoader:240 - Cannot read IP mode file for STMicroelectronics.X-CUBE-AZRTOS-F7.1.1.0
2023-04-11 10:54:09,569 [WARN] PackLoader:240 - Cannot read IP mode file for STMicroelectronics.X-CUBE-BLE1.6.2.3
2023-04-11 10:54:09,576 [WARN] PackLoader:240 - Cannot read IP mode file for STMicroelectronics.X-CUBE-BLE1.6.2.4
2023-04-11 10:54:09,591 [WARN] PackLoader:240 - Cannot read IP mode file for STMicroelectronics.X-CUBE-BLEMGR.2.0.0
2023-04-11 10:54:09,600 [WARN] PackLoader:240 - Cannot read IP mode file for STMicroelectronics.X-CUBE-NFC4.2.0.4
2023-04-11 10:54:09,629 [WARN] ConditionMgr:438 - getConditionDescription Invalid condition id : UX DEVICE CLASS RTOS Condition cause : null
2023-04-11 10:54:09,629 [WARN] ConditionMgr:438 - getConditionDescription Invalid condition id : UX DEVICE CLASS RTOS Condition cause : null
2023-04-11 10:54:09,636 [WARN] PackLoader:240 - Cannot read IP mode file for STMicroelectronics.X-CUBE-AZRTOS-H7.3.1.0
2023-04-11 10:54:09,638 [WARN] ConditionMgr:1039 - genDependencies : Invalid condition id : UX DEVICE CLASS RTOS Condition cause : null
2023-04-11 10:54:09,638 [WARN] ConditionMgr:1039 - genDependencies : Invalid condition id : UX DEVICE CLASS RTOS Condition cause : null
2023-04-11 10:54:09,639 [WARN] ConditionMgr:1039 - genDependencies : Invalid condition id : UX DEVICE CLASS RTOS Condition cause : null
2023-04-11 10:54:09,640 [WARN] ConditionMgr:1039 - genDependencies : Invalid condition id : UX DEVICE CLASS RTOS Condition cause : null
2023-04-11 10:54:09,640 [WARN] ConditionMgr:1039 - genDependencies : Invalid condition id : UX DEVICE CLASS RTOS Condition cause : null
2023-04-11 10:54:09,656 [WARN] PackLoader:240 - Cannot read IP mode file for STMicroelectronics.X-CUBE-TOF1.3.1.0
2023-04-11 10:54:09,679 [WARN] PackLoader:240 - Cannot read IP mode file for STMicroelectronics.X-CUBE-DISPLAY.3.0.0
2023-04-11 10:54:09,695 [WARN] PackLoader:240 - Cannot read IP mode file for STMicroelectronics.X-CUBE-NFC7.1.0.0
2023-04-11 10:54:09,788 [WARN] PackLoader:240 - Cannot read IP mode file for STMicroelectronics.X-CUBE-MEMS1.9.3.0
2023-04-11 10:54:10,095 [WARN] PackLoader:240 - Cannot read IP mode file for STMicroelectronics.X-CUBE-EEPRMA1.4.1.0
2023-04-11 10:54:10,106 [WARN] PackLoader:240 - Cannot read IP mode file for STMicroelectronics.X-CUBE-AI.7.2.0
2023-04-11 10:54:10,121 [WARN] PackLoader:240 - Cannot read IP mode file for WES.I-CUBE-Cesium.1.3.0
2023-04-11 10:54:10,136 [WARN] PackLoader:240 - Cannot read IP mode file for STMicroelectronics.X-CUBE-SFXS2LP1.4.0.0
2023-04-11 10:54:10,145 [WARN] PackLoader:240 - Cannot read IP mode file for STMicroelectronics.X-CUBE-BLE2.3.3.0
2023-04-11 10:54:10,153 [WARN] PackLoader:240 - Cannot read IP mode file for STMicroelectronics.X-CUBE-DISPLAY.2.2.0
2023-04-11 10:54:10,168 [WARN] PackLoader:240 - Cannot read IP mode file for STMicroelectronics.X-CUBE-TOF1.3.2.0
2023-04-11 10:54:10,204 [WARN] PackLoader:240 - Cannot read IP mode file for STMicroelectronics.X-CUBE-AZRTOS-H7.3.0.0
2023-04-11 10:54:10,216 [WARN] PackLoader:240 - Cannot read IP mode file for STMicroelectronics.X-CUBE-ISPU.1.0.0
2023-04-11 10:54:10,223 [WARN] PackLoader:240 - Cannot read IP mode file for STMicroelectronics.X-CUBE-ISPU.1.1.0
2023-04-11 10:54:10,236 [WARN] PackLoader:240 - Cannot read IP mode file for RoweBots.I-CUBE-UNISONRTOS.5.5.0-4
2023-04-11 10:54:10,264 [WARN] PackLoader:240 - Cannot read IP mode file for STMicroelectronics.X-CUBE-AZRTOS-H7.2.1.0
2023-04-11 10:54:10,275 [WARN] PackLoader:240 - Cannot read IP mode file for wolfSSL.I-CUBE-wolfSSL.5.4.0
2023-04-11 10:54:10,279 [WARN] PackLoader:240 - Cannot read IP mode file for STMicroelectronics.X-CUBE-AI.8.0.0
2023-04-11 10:54:10,287 [WARN] PackLoader:240 - Cannot read IP mode file for STMicroelectronics.X-CUBE-FREERTOS.1.0.0
2023-04-11 10:54:10,295 [WARN] PackLoader:240 - Cannot read IP mode file for STMicroelectronics.X-CUBE-FREERTOS.1.0.1
2023-04-11 10:54:10,306 [WARN] PackLoader:240 - Cannot read IP mode file for STMicroelectronics.X-CUBE-TOUCHGFX.4.21.1
2023-04-11 10:54:10,310 [WARN] PackLoader:240 - Cannot read IP mode file for STMicroelectronics.X-CUBE-TOUCHGFX.4.21.3
2023-04-11 10:54:10,321 [WARN] PackLoader:240 - Cannot read IP mode file for STMicroelectronics.X-CUBE-BLEMGR.1.0.0
2023-04-11 10:54:10,387 [WARN] PackLoader:240 - Cannot read IP mode file for STMicroelectronics.X-CUBE-MEMS1.9.4.0
2023-04-11 10:54:10,590 [WARN] PackLoader:240 - Cannot read IP mode file for STMicroelectronics.X-CUBE-AI.7.3.0
2023-04-11 10:54:10,599 [WARN] PackLoader:240 - Cannot read IP mode file for STMicroelectronics.X-CUBE-ALGOBUILD.1.3.0
2023-04-11 10:54:10,622 [WARN] PackLoader:240 - Cannot read IP mode file for STMicroelectronics.X-CUBE-AZRTOS-L5.1.1.0
2023-04-11 10:54:10,650 [WARN] PackLoader:240 - Cannot read IP mode file for STMicroelectronics.X-CUBE-AZRTOS-G0.1.1.0
2023-04-11 10:54:10,668 [WARN] PackLoader:240 - Cannot read IP mode file for STMicroelectronics.X-CUBE-SUBG2.5.0.0
2023-04-11 10:54:10,696 [WARN] PackLoader:240 - Cannot read IP mode file for STMicroelectronics.X-CUBE-NFC4.3.0.0
2023-04-11 10:54:10,776 [WARN] PackLoader:240 - Cannot read IP mode file for SEGGER.I-CUBE-embOS.1.2.0
2023-04-11 10:54:10,852 [WARN] PackLoader:240 - Cannot read IP mode file for STMicroelectronics.X-CUBE-TOF1.3.3.0
2023-04-11 10:54:10,910 [WARN] PackLoader:240 - Cannot read IP mode file for STMicroelectronics.FP-ATR-ASTRA1.1.1.1
2023-04-11 10:54:10,922 [WARN] PackLoader:240 - Cannot read IP mode file for STMicroelectronics.X-CUBE-BLEMGR.1.3.0
2023-04-11 10:54:10,947 [WARN] PackLoader:240 - Cannot read IP mode file for STMicroelectronics.X-CUBE-AZRTOS-G4.1.0.0
2023-04-11 10:54:10,955 [WARN] PackLoader:240 - Cannot read IP mode file for STMicroelectronics.FP-ATR-SIGFOX1.3.2.0
2023-04-11 10:54:10,980 [WARN] PackLoader:240 - Cannot read IP mode file for STMicroelectronics.X-CUBE-AZRTOS-L4.1.0.0
2023-04-11 10:54:10,992 [WARN] PackLoader:240 - Cannot read IP mode file for emotas.I-CUBE-CANOPEN.1.1.2
2023-04-11 10:54:10,995 [WARN] PackLoader:240 - Cannot read IP mode file for STMicroelectronics.X-CUBE-TOUCHGFX.4.20.0
2023-04-11 10:54:11,008 [WARN] PackLoader:240 - Cannot read IP mode file for STMicroelectronics.X-CUBE-AZRTOS-WL.1.0.0
2023-04-11 10:54:11,020 [WARN] PackLoader:240 - Cannot read IP mode file for portGmbH.I-Cube-SoM-uGOAL.1.1.0
2023-04-11 10:54:11,027 [WARN] PackLoader:240 - Cannot read IP mode file for STMicroelectronics.X-CUBE-ALS.1.0.1
2023-04-11 10:54:11,085 [WARN] PackLoader:240 - Cannot read IP mode file for STMicroelectronics.X-CUBE-MEMS1.9.5.0
2023-04-11 10:54:11,311 [WARN] PackLoader:240 - Cannot read IP mode file for STMicroelectronics.X-CUBE-AZRTOS-WB.1.1.0
2023-04-11 10:54:11,352 [WARN] PackLoader:240 - Cannot read IP mode file for SEGGER.I-CUBE-embOS.1.3.1
2023-04-11 10:54:11,474 [WARN] PackLoader:240 - Cannot read IP mode file for STMicroelectronics.X-CUBE-AZRTOS-L5.1.0.0
2023-04-11 10:54:11,484 [WARN] PackLoader:240 - Cannot read IP mode file for STMicroelectronics.X-CUBE-EEPRMA1.3.1.1
2023-04-11 10:54:11,487 [INFO] ThirdParty:978 - Integrity check success = true
2023-04-11 10:54:11,487 [INFO] IntegrityCheckThread:100 - exiting critical section [integrity check]
2023-04-11 10:54:11,487 [INFO] IntegrityCheckThread:103 - End integrity checks thread
2023-04-11 10:54:11,488 [INFO] ThirdParty:873 - entering critical section [close project]
2023-04-11 10:54:11,490 [INFO] ThirdParty:883 - exiting critical section [close project]
2023-04-11 10:54:11,498 [INFO] PinOutPanel:1499 - setPackage(No Configuration,No Configuration)
2023-04-11 10:54:11,511 [INFO] UtilMem:75 - Begin LoadConfig() Used Memory: 176708656 Bytes (514850816)
2023-04-11 10:54:11,514 [INFO] MicroXplorer:468 - Change Database Path : 
2023-04-11 10:54:11,514 [INFO] MicroXplorer:498 - Change Database Version : DB.6.0.80
2023-04-11 10:54:11,514 [INFO] OpenFileManager:308 - Change cursor
2023-04-11 10:54:11,620 [INFO] Mcu:1937 - Initializing MCU STM32L476R(C-E-G)Tx STM32L476RGTx STM32L476RGT3
2023-04-11 10:54:15,283 [INFO] Context:659 - Trying to add GPIOservice into a context  which must be forbidden
2023-04-11 10:54:16,477 [INFO] RtosManager:555 - Registered RTOS mode: class=CMSIS, group=RTOS, mode=CMSIS_V1, owner=FREERTOS
2023-04-11 10:54:16,477 [INFO] RtosManager:555 - Registered RTOS mode: class=CMSIS, group=RTOS2, mode=CMSIS_V2, owner=FREERTOS
2023-04-11 10:54:16,477 [INFO] RtosManager:555 - Registered RTOS mode: class=RTOS, group=Core, mode=CMSIS_V1, owner=FREERTOS
2023-04-11 10:54:16,477 [INFO] RtosManager:555 - Registered RTOS mode: class=RTOS, group=Core, mode=CMSIS_V2, owner=FREERTOS
2023-04-11 10:54:16,478 [WARN] ModelIntegratedComponent:184 - Missing modes for component STMicroelectronics:FreeRTOS:0.0.1:STMicroelectronics:RTOS:FreeRTOS:Core:::10.2.0:
2023-04-11 10:54:16,508 [WARN] ModelIntegratedComponent:63 - No mode defined for component null
2023-04-11 10:54:16,508 [WARN] ModelIntegratedComponent:63 - No mode defined for component null
2023-04-11 10:54:16,509 [WARN] ModelIntegratedComponent:63 - No mode defined for component null
2023-04-11 10:54:16,509 [WARN] ModelIntegratedComponent:63 - No mode defined for component null
2023-04-11 10:54:16,509 [WARN] ModelIntegratedComponent:63 - No mode defined for component null
2023-04-11 10:54:16,509 [WARN] ModelIntegratedComponent:63 - No mode defined for component null
2023-04-11 10:54:16,509 [WARN] ModelIntegratedComponent:63 - No mode defined for component null
2023-04-11 10:54:16,509 [WARN] ModelIntegratedComponent:63 - No mode defined for component null
2023-04-11 10:54:16,509 [WARN] ModelIntegratedComponent:63 - No mode defined for component null
2023-04-11 10:54:16,509 [WARN] ModelIntegratedComponent:63 - No mode defined for component null
2023-04-11 10:54:16,509 [WARN] ModelIntegratedComponent:63 - No mode defined for component null
2023-04-11 10:54:16,509 [WARN] ModelIntegratedComponent:63 - No mode defined for component null
2023-04-11 10:54:16,509 [WARN] ModelIntegratedComponent:63 - No mode defined for component null
2023-04-11 10:54:16,510 [WARN] ModelIntegratedComponent:63 - No mode defined for component null
2023-04-11 10:54:16,510 [WARN] ModelIntegratedComponent:63 - No mode defined for component null
2023-04-11 10:54:16,510 [WARN] ModelIntegratedComponent:63 - No mode defined for component null
2023-04-11 10:54:16,510 [WARN] ModelIntegratedComponent:63 - No mode defined for component null
2023-04-11 10:54:16,510 [WARN] ModelIntegratedComponent:63 - No mode defined for component null
2023-04-11 10:54:16,510 [WARN] ModelIntegratedComponent:63 - No mode defined for component null
2023-04-11 10:54:16,510 [WARN] ModelIntegratedComponent:63 - No mode defined for component null
2023-04-11 10:54:16,510 [WARN] ModelIntegratedComponent:63 - No mode defined for component null
2023-04-11 10:54:16,510 [WARN] ModelIntegratedComponent:63 - No mode defined for component null
2023-04-11 10:54:16,510 [WARN] ModelIntegratedComponent:63 - No mode defined for component null
2023-04-11 10:54:16,510 [WARN] ModelIntegratedComponent:63 - No mode defined for component null
2023-04-11 10:54:16,511 [WARN] ModelIntegratedComponent:63 - No mode defined for component null
2023-04-11 10:54:16,511 [WARN] ModelIntegratedComponent:63 - No mode defined for component null
2023-04-11 10:54:16,511 [WARN] ModelIntegratedComponent:63 - No mode defined for component null
2023-04-11 10:54:16,511 [WARN] ModelIntegratedComponent:63 - No mode defined for component null
2023-04-11 10:54:16,511 [WARN] ModelIntegratedComponent:63 - No mode defined for component null
2023-04-11 10:54:16,511 [WARN] ModelIntegratedComponent:63 - No mode defined for component null
2023-04-11 10:54:16,511 [WARN] ModelIntegratedComponent:63 - No mode defined for component null
2023-04-11 10:54:16,511 [WARN] ModelIntegratedComponent:63 - No mode defined for component null
2023-04-11 10:54:16,511 [WARN] ModelIntegratedComponent:63 - No mode defined for component null
2023-04-11 10:54:16,727 [INFO] ThirdPartyModel:298 - Start build external matchings
2023-04-11 10:54:17,665 [INFO] ThirdPartyModel:316 - End build external matchings
2023-04-11 10:54:17,702 [INFO] ImportTextPane:194 - (OptionalMessage_ERROR) IP (RCC) : Invalid parameter (FamilyName)
2023-04-11 10:54:17,709 [INFO] ImportTextPane:194 - (OptionalMessage_ERROR) IP (RCC) : Parameter (RNGFreq_Value) has invalid value (64000000)
2023-04-11 10:54:17,710 [INFO] ImportTextPane:194 - (OptionalMessage_ERROR) IP (RCC) : Parameter (SDMMCFreq_Value) has invalid value (64000000)
2023-04-11 10:54:17,710 [INFO] ImportTextPane:194 - (OptionalMessage_ERROR) IP (RCC) : Parameter (USBFreq_Value) has invalid value (64000000)
2023-04-11 10:54:18,353 [INFO] UtilMem:75 - End LoadConfig() Used Memory: 284974968 Bytes (514850816)
2023-04-11 10:54:18,559 [INFO] ApiDb:581 - Connected to CubeFinder SQLite database (C:\Users\sahme\.stmcufinder\plugins\mcufinder\mcu\cube-finder-db.db)
2023-04-11 10:54:18,660 [INFO] ApiDb:668 - CubeFinder database Data Model version=2.1
2023-04-11 10:54:18,660 [INFO] ApiDb:669 - CubeFinder database Configuration version=3.0.35
2023-04-11 10:54:18,660 [INFO] ApiDb:670 - CubeFinder database generation date=2023-03-10 (1678456172)
2023-04-11 10:54:18,661 [INFO] ApiDb:671 - CubeFinder database FW Pack versions=[FP-ATR-ASTRA1_V1.1.1, STM32Cube_FW_C0_V1.0.1, STM32Cube_FW_F0_V1.11.4, STM32Cube_FW_F3_V1.11.4, STM32Cube_FW_F4_V1.27.1, STM32Cube_FW_F7_V1.17.0, STM32Cube_FW_G0_V1.6.1, STM32Cube_FW_G4_V1.5.1, STM32Cube_FW_H5_V0.5.1, STM32Cube_FW_H5_V1.0.0, STM32Cube_FW_H7_V1.11.0, STM32Cube_FW_L0_V1.12.2, STM32Cube_FW_L5_V1.5.0, STM32Cube_FW_U5_V1.2.0, STM32Cube_FW_WBA_V1.0.0, STM32Cube_FW_WBA_V1.0.0RC1, STM32Cube_FW_WBA_V1.0.0RC3, STM32Cube_FW_WB_V1.15.0RC1, STM32Cube_FW_WB_V1.16.0, STM32Cube_FW_WB_V1.16.0RC2, STM32Cube_FW_WL_V1.3.0, X-CUBE-ALGOBUILD_V1.3.0, X-CUBE-ALS_V1.0.1, X-CUBE-AZRTOS-F4_V1.1.0, X-CUBE-AZRTOS-F7_V1.1.0, X-CUBE-AZRTOS-G0_V1.1.0, X-CUBE-AZRTOS-G4_V1.0.0, X-CUBE-AZRTOS-H7_V3.0.0, X-CUBE-AZRTOS-L4_V1.0.0, X-CUBE-AZRTOS-L5_V1.1.0, X-CUBE-AZRTOS-WB_V1.1.0, X-CUBE-AZRTOS-WL_V1.0.0, X-CUBE-BLE1_V6.2.4, X-CUBE-BLE2_V3.3.0, X-CUBE-BLEMGR_V1.3.0, X-CUBE-EEPRMA1_V4.1.0, X-CUBE-GNSS1_V6.0.0, X-CUBE-MEMS1_V9.1.0, X-CUBE-MEMS1_V9.4.0, X-CUBE-MEMS1_V9.5.0, X-CUBE-NFC4_V3.0.0, X-CUBE-NFC7_V1.0.0, X-CUBE-SFXS2LP1_V4.0.0, X-CUBE-SUBG2_V5.0.0]
2023-04-11 10:54:21,223 [INFO] ApiDb:240 - Found 297 in-development CPN: [B-G473E-ZEST1S, B-WB1M-WPAN1, B-WL5M-SUBG1, NUCLEO-C031C6, NUCLEO-H503RB, NUCLEO-H563ZI, NUCLEO-U545RE-Q, NUCLEO-U5A5ZJ-Q, NUCLEO-WBA52CG, STEVAL-PROTEUS1, STEVAL-STWINBX1, STM320518-EVAL, STM32C0116-DK, STM32C011D6Y3TR, STM32C011D6Y6TR, STM32C011F4P3, STM32C011F4P6, STM32C011F4U3, STM32C011F4U6TR, STM32C011F6P3, STM32C011F6P6, STM32C011F6U3, STM32C011F6U6TR, STM32C011J4M3, STM32C011J4M6, STM32C011J6M3, STM32C011J6M6, STM32C0316-DK, STM32C031C4T3, STM32C031C4T6, STM32C031C4U3, STM32C031C4U6, STM32C031C6T3, STM32C031C6T6, STM32C031C6U3, STM32C031C6U6, STM32C031F4P3, STM32C031F4P6, STM32C031F6P3, STM32C031F6P6, STM32C031G4U3, STM32C031G4U6, STM32C031G6U3, STM32C031G6U6, STM32C031K4T3, STM32C031K4T6, STM32C031K4U3, STM32C031K4U6, STM32C031K6T3, STM32C031K6T6, STM32C031K6U3, STM32C031K6U6, STM32G071K8TXN, STM32G071K8UXN, STM32G081GBU6N, STM32G081KBT6N, STM32G081KBUXN, STM32G0B1CCT6N, STM32G0B1KCT6, STM32G0B1NEY6TR, STM32G0B1RCT6N, STM32G0C1CCT6, STM32G0C1CCT6N, STM32G0C1CCU6N, STM32G0C1CET6N, STM32G0C1CEU6N, STM32G0C1KCT6, STM32G0C1NEY6TR, STM32G0C1RCI6N, STM32G0C1RCT6N, STM32G0C1REI6N, STM32G0C1RET6N, STM32G0C1VCI6, STM32G0C1VEI6, STM32G471CCT6, STM32G471CCU6, STM32G471CET3, STM32G471CET6, STM32G471CEU3, STM32G471CEU6, STM32G471MCT6, STM32G471MET3, STM32G471MET6, STM32G471MEY6TR, STM32G471QCT6, STM32G471QET3, STM32G471RCT6, STM32G471RET3, STM32G471RET6, STM32G471VCH6, STM32G471VCI6, STM32G471VCT6, STM32G471VEH3, STM32G471VEH6, STM32G471VEI3, STM32G471VEI6, STM32G471VET3, STM32G471VET6, STM32G474CCT6, STM32H503CBT6, STM32H503CBU6, STM32H503EBY6TR, STM32H503KBU6, STM32H503RBT6, STM32H562AGI6, STM32H562AII6, STM32H562IGK6, STM32H562IGT6, STM32H562IIK6, STM32H562IIT6, STM32H562RGT6, STM32H562RGV6, STM32H562RIT6, STM32H562RIV6, STM32H562VGT6, STM32H562VIT6, STM32H562ZGT6, STM32H562ZIT6, STM32H563AGI6, STM32H563AII3Q, STM32H563AII6, STM32H563IGK6, STM32H563IGT6, STM32H563IIK3Q, STM32H563IIK6, STM32H563IIT3Q, STM32H563IIT6, STM32H563MIY3QTR, STM32H563RGT6, STM32H563RGV6, STM32H563RIT6, STM32H563RIV6, STM32H563VGT6, STM32H563VIT3Q, STM32H563VIT6, STM32H563ZGT6, STM32H563ZIT3Q, STM32H563ZIT6, STM32H573AII3Q, STM32H573AII6, STM32H573I-DK, STM32H573IIK3Q, STM32H573IIK6, STM32H573IIT3Q, STM32H573IIT6, STM32H573MIY3QTR, STM32H573RIT6, STM32H573RIV6, STM32H573VIT3Q, STM32H573VIT6, STM32H573ZIT3Q, STM32H573ZIT6, STM32L4R5QGI6STR, STM32MP131AAE3, STM32MP131AAF3, STM32MP131AAG3, STM32MP131CAE3, STM32MP131CAF3, STM32MP131CAG3, STM32MP131DAE7, STM32MP131DAF7, STM32MP131DAG7, STM32MP131FAE7, STM32MP131FAF7, STM32MP131FAG7, STM32MP133AAE3, STM32MP133AAF3, STM32MP133AAG3, STM32MP133CAE3, STM32MP133CAF3, STM32MP133CAG3, STM32MP133DAE7, STM32MP133DAF7, STM32MP133DAG7, STM32MP133FAE7, STM32MP133FAF7, STM32MP133FAG7, STM32MP135AAE3, STM32MP135AAF3, STM32MP135AAG3, STM32MP135CAE3, STM32MP135CAF3, STM32MP135CAG3, STM32MP135DAE7, STM32MP135DAF7, STM32MP135DAG7, STM32MP135F-DK, STM32MP135FAE7, STM32MP135FAF7, STM32MP135FAF7T, STM32MP135FAF7U, STM32MP135FAG7, STM32U535CBT6, STM32U535CBT6Q, STM32U535CBU6, STM32U535CBU6Q, STM32U535CCT6, STM32U535CCT6Q, STM32U535CCU6, STM32U535CCU6Q, STM32U535CET6, STM32U535CET6Q, STM32U535CEU6, STM32U535CEU6Q, STM32U535JEY6QTR, STM32U535NCY6QTR, STM32U535NEY6QTR, STM32U535RBI6, STM32U535RBI6Q, STM32U535RBT6, STM32U535RBT6Q, STM32U535RCI6, STM32U535RCI6Q, STM32U535RCT6, STM32U535RCT6Q, STM32U535REI6, STM32U535REI6Q, STM32U535RET6, STM32U535RET6Q, STM32U535VCI6, STM32U535VCI6Q, STM32U535VCT6, STM32U535VCT6Q, STM32U535VEI6, STM32U535VEI6Q, STM32U535VET6, STM32U535VET6Q, STM32U545CET6, STM32U545CET6Q, STM32U545CEU6, STM32U545CEU6Q, STM32U545JEY6QTR, STM32U545NEY6QTR, STM32U545REI6, STM32U545REI6Q, STM32U545RET6, STM32U545RET6Q, STM32U545VEI6, STM32U545VEI6Q, STM32U545VET6, STM32U545VET6Q, STM32U595AIH6, STM32U595AIH6Q, STM32U595AJH6, STM32U595AJH6Q, STM32U595QII6, STM32U595QII6Q, STM32U595QJI6, STM32U595QJI6Q, STM32U595RIT6, STM32U595RIT6Q, STM32U595RJT6, STM32U595RJT6Q, STM32U595VIT6, STM32U595VIT6Q, STM32U595VJT6, STM32U595VJT6Q, STM32U595ZIT6, STM32U595ZIT6Q, STM32U595ZIY6QTR, STM32U595ZJT6, STM32U595ZJT6Q, STM32U595ZJY6QTR, STM32U599BJY6QTR, STM32U599NIH6Q, STM32U599NJH6Q, STM32U599VIT6Q, STM32U599VJT6, STM32U599VJT6Q, STM32U599ZIT6Q, STM32U599ZIY6QTR, STM32U599ZJT6Q, STM32U599ZJY6QTR, STM32U5A5AJH6, STM32U5A5AJH6Q, STM32U5A5QJI6, STM32U5A5QJI6Q, STM32U5A5RJT6, STM32U5A5RJT6Q, STM32U5A5VJT6, STM32U5A5VJT6Q, STM32U5A5ZJT6, STM32U5A5ZJT6Q, STM32U5A5ZJY6QTR, STM32U5A9BJY6QTR, STM32U5A9J-DK, STM32U5A9NJH6Q, STM32U5A9VJT6Q, STM32U5A9ZJT6Q, STM32U5A9ZJY6QTR, STM32WB1MMCH6, STM32WBA52CEU6, STM32WBA52CEU6T, STM32WBA52CGU6, STM32WBA52CGU6T, STM32WL5MOCH6, STM32WL5MOCH6TR]
2023-04-11 10:54:21,229 [INFO] DbMcus:216 - Found 3775 MCUs, 3775 are supported
2023-04-11 10:54:21,234 [INFO] ApiDb:423 - Load user favorites file C:\Users\sahme/.stm32cubeide/favorites.mcus.txt: 0 item(s)
2023-04-11 10:54:21,235 [INFO] ApiDb:427 - User favorites MCUs=[]
2023-04-11 10:54:21,235 [INFO] DbMcus:222 - Set 0 / 0 favorites MCUs
2023-04-11 10:54:21,898 [WARN] ThirdParty:833 - waiting for thirdparty lock release [change project]
2023-04-11 10:54:21,899 [INFO] ThirdParty:835 - entering critical section [change project]
2023-04-11 10:54:21,899 [INFO] ThirdParty:1030 - CMSIS Pack Vendor :STMicroelectronics X-CUBE-ISPU 1.1.0
2023-04-11 10:54:21,899 [INFO] ThirdParty:1030 - CMSIS Pack Vendor :RoweBots I-CUBE-UNISONRTOS 5.5.0-4
2023-04-11 10:54:21,900 [INFO] ThirdParty:1030 - CMSIS Pack Vendor :STMicroelectronics X-CUBE-GNSS1 6.0.0
2023-04-11 10:54:21,900 [INFO] ThirdParty:1030 - CMSIS Pack Vendor :STMicroelectronics X-CUBE-AZRTOS-H7 2.1.0
2023-04-11 10:54:21,900 [INFO] ThirdParty:1030 - CMSIS Pack Vendor :STMicroelectronics USB_HOST 2.0.0
2023-04-11 10:54:21,900 [INFO] ThirdParty:1030 - CMSIS Pack Vendor :STMicroelectronics X-CUBE-AZRTOS-F4 1.1.0
2023-04-11 10:54:21,900 [INFO] ThirdParty:1030 - CMSIS Pack Vendor :STMicroelectronics LIBJPEG 8.0.0
2023-04-11 10:54:21,901 [INFO] ThirdParty:1030 - CMSIS Pack Vendor :wolfSSL I-CUBE-wolfSSL 5.4.0
2023-04-11 10:54:21,901 [INFO] ThirdParty:1030 - CMSIS Pack Vendor :STMicroelectronics X-CUBE-SMBUS 2.1.0
2023-04-11 10:54:21,901 [INFO] ThirdParty:1030 - CMSIS Pack Vendor :STMicroelectronics USB_DEVICE 3.0.0
2023-04-11 10:54:21,901 [INFO] ThirdParty:1030 - CMSIS Pack Vendor :STMicroelectronics X-CUBE-AI 8.0.0
2023-04-11 10:54:21,901 [INFO] ThirdParty:1030 - CMSIS Pack Vendor :STMicroelectronics X-CUBE-FREERTOS 1.0.0
2023-04-11 10:54:21,901 [INFO] ThirdParty:1030 - CMSIS Pack Vendor :STMicroelectronics X-CUBE-FREERTOS 1.0.1
2023-04-11 10:54:21,902 [INFO] ThirdParty:1030 - CMSIS Pack Vendor :STMicroelectronics X-CUBE-TOUCHGFX 4.21.1
2023-04-11 10:54:21,902 [INFO] ThirdParty:1030 - CMSIS Pack Vendor :STMicroelectronics X-CUBE-TOUCHGFX 4.21.3
2023-04-11 10:54:21,902 [INFO] ThirdParty:1030 - CMSIS Pack Vendor :STMicroelectronics X-CUBE-BLEMGR 1.0.0
2023-04-11 10:54:21,902 [INFO] ThirdParty:1030 - CMSIS Pack Vendor :STMicroelectronics X-CUBE-AZRTOS-F7 1.1.0
2023-04-11 10:54:21,903 [INFO] ThirdParty:1030 - CMSIS Pack Vendor :STMicroelectronics X-CUBE-MEMS1 9.4.0
2023-04-11 10:54:21,903 [INFO] ThirdParty:1030 - CMSIS Pack Vendor :STMicroelectronics USB_DEVICE 2.0.0
2023-04-11 10:54:21,903 [INFO] ThirdParty:1030 - CMSIS Pack Vendor :STMicroelectronics X-CUBE-AI 7.3.0
2023-04-11 10:54:21,903 [INFO] ThirdParty:1030 - CMSIS Pack Vendor :STMicroelectronics X-CUBE-BLE1 6.2.3
2023-04-11 10:54:21,903 [INFO] ThirdParty:1030 - CMSIS Pack Vendor :STMicroelectronics X-CUBE-ALGOBUILD 1.3.0
2023-04-11 10:54:21,903 [INFO] ThirdParty:1030 - CMSIS Pack Vendor :STMicroelectronics X-CUBE-BLE1 6.2.4
2023-04-11 10:54:21,903 [INFO] ThirdParty:1030 - CMSIS Pack Vendor :STMicroelectronics X-CUBE-AZRTOS-L5 1.1.0
2023-04-11 10:54:21,903 [INFO] ThirdParty:1030 - CMSIS Pack Vendor :STMicroelectronics FreeRTOS 0.0.1
2023-04-11 10:54:21,903 [INFO] ThirdParty:1030 - CMSIS Pack Vendor :STMicroelectronics X-CUBE-AZRTOS-G0 1.1.0
2023-04-11 10:54:21,903 [INFO] ThirdParty:1030 - CMSIS Pack Vendor :STMicroelectronics X-CUBE-BLEMGR 2.0.0
2023-04-11 10:54:21,903 [INFO] ThirdParty:1030 - CMSIS Pack Vendor :STMicroelectronics X-CUBE-SUBG2 5.0.0
2023-04-11 10:54:21,904 [INFO] ThirdParty:1030 - CMSIS Pack Vendor :STMicroelectronics X-CUBE-NFC4 3.0.0
2023-04-11 10:54:21,904 [INFO] ThirdParty:1030 - CMSIS Pack Vendor :SEGGER I-CUBE-embOS 1.2.0
2023-04-11 10:54:21,904 [INFO] ThirdParty:1030 - CMSIS Pack Vendor :STMicroelectronics STM32_WPAN 1.0.0
2023-04-11 10:54:21,904 [INFO] ThirdParty:1030 - CMSIS Pack Vendor :STMicroelectronics lwIP 2.0.3
2023-04-11 10:54:21,904 [INFO] ThirdParty:1030 - CMSIS Pack Vendor :STMicroelectronics X-CUBE-NFC4 2.0.4
2023-04-11 10:54:21,904 [INFO] ThirdParty:1030 - CMSIS Pack Vendor :STMicroelectronics USB_HOST 1.0.0
2023-04-11 10:54:21,904 [INFO] ThirdParty:1030 - CMSIS Pack Vendor :STMicroelectronics PDM2PCM 3.1.0
2023-04-11 10:54:21,904 [INFO] ThirdParty:1030 - CMSIS Pack Vendor :STMicroelectronics X-CUBE-AZRTOS-H7 3.1.0
2023-04-11 10:54:21,905 [INFO] ThirdParty:1030 - CMSIS Pack Vendor :STMicroelectronics X-CUBE-TOF1 3.3.0
2023-04-11 10:54:21,905 [INFO] ThirdParty:1030 - CMSIS Pack Vendor :STMicroelectronics FP-ATR-ASTRA1 1.1.1
2023-04-11 10:54:21,905 [INFO] ThirdParty:1030 - CMSIS Pack Vendor :STMicroelectronics PDM2PCM 3.3.0
2023-04-11 10:54:21,905 [INFO] ThirdParty:1030 - CMSIS Pack Vendor :STMicroelectronics X-CUBE-TOF1 3.1.0
2023-04-11 10:54:21,905 [INFO] ThirdParty:1030 - CMSIS Pack Vendor :STMicroelectronics X-CUBE-DISPLAY 3.0.0
2023-04-11 10:54:21,905 [INFO] ThirdParty:1030 - CMSIS Pack Vendor :STMicroelectronics X-CUBE-BLEMGR 1.3.0
2023-04-11 10:54:21,905 [INFO] ThirdParty:1030 - CMSIS Pack Vendor :STMicroelectronics X-CUBE-AZRTOS-G4 1.0.0
2023-04-11 10:54:21,905 [INFO] ThirdParty:1030 - CMSIS Pack Vendor :STMicroelectronics FP-ATR-SIGFOX1 3.2.0
2023-04-11 10:54:21,905 [INFO] ThirdParty:1030 - CMSIS Pack Vendor :STMicroelectronics X-CUBE-AZRTOS-L4 1.0.0
2023-04-11 10:54:21,906 [INFO] ThirdParty:1030 - CMSIS Pack Vendor :STMicroelectronics HAL Drivers 0.0.0
2023-04-11 10:54:21,906 [INFO] ThirdParty:1030 - CMSIS Pack Vendor :STMicroelectronics MBEDTLS 2.16.2
2023-04-11 10:54:21,906 [INFO] ThirdParty:1030 - CMSIS Pack Vendor :emotas I-CUBE-CANOPEN 1.1.2
2023-04-11 10:54:21,906 [INFO] ThirdParty:1030 - CMSIS Pack Vendor :STMicroelectronics X-CUBE-TOUCHGFX 4.20.0
2023-04-11 10:54:21,906 [INFO] ThirdParty:1030 - CMSIS Pack Vendor :STMicroelectronics MBEDTLS 2.14.1
2023-04-11 10:54:21,906 [INFO] ThirdParty:1030 - CMSIS Pack Vendor :STMicroelectronics X-CUBE-NFC7 1.0.0
2023-04-11 10:54:21,906 [INFO] ThirdParty:1030 - CMSIS Pack Vendor :STMicroelectronics X-CUBE-AZRTOS-WL 1.0.0
2023-04-11 10:54:21,906 [INFO] ThirdParty:1030 - CMSIS Pack Vendor :STMicroelectronics X-CUBE-MEMS1 9.3.0
2023-04-11 10:54:21,907 [INFO] ThirdParty:1030 - CMSIS Pack Vendor :STMicroelectronics X-CUBE-EEPRMA1 4.1.0
2023-04-11 10:54:21,907 [INFO] ThirdParty:1030 - CMSIS Pack Vendor :portGmbH I-Cube-SoM-uGOAL 1.1.0
2023-04-11 10:54:21,907 [INFO] ThirdParty:1030 - CMSIS Pack Vendor :STMicroelectronics X-CUBE-ALS 1.0.1
2023-04-11 10:54:21,910 [INFO] ThirdParty:1030 - CMSIS Pack Vendor :STMicroelectronics X-CUBE-AI 7.2.0
2023-04-11 10:54:21,910 [INFO] ThirdParty:1030 - CMSIS Pack Vendor :STMicroelectronics X-CUBE-MEMS1 9.5.0
2023-04-11 10:54:21,910 [INFO] ThirdParty:1030 - CMSIS Pack Vendor :STMicroelectronics ThreadX 1.0.0
2023-04-11 10:54:21,910 [INFO] ThirdParty:1030 - CMSIS Pack Vendor :STMicroelectronics X-CUBE-AZRTOS-WB 1.1.0
2023-04-11 10:54:21,911 [INFO] ThirdParty:1030 - CMSIS Pack Vendor :SEGGER I-CUBE-embOS 1.3.1
2023-04-11 10:54:21,911 [INFO] ThirdParty:1030 - CMSIS Pack Vendor :STMicroelectronics X-CUBE-AZRTOS-L5 1.0.0
2023-04-11 10:54:21,911 [INFO] ThirdParty:1030 - CMSIS Pack Vendor :STMicroelectronics USB_DEVICE 1.0.0
2023-04-11 10:54:21,911 [INFO] ThirdParty:1030 - CMSIS Pack Vendor :STMicroelectronics X-CUBE-EEPRMA1 3.1.1
2023-04-11 10:54:21,911 [INFO] ThirdParty:1030 - CMSIS Pack Vendor :STMicroelectronics ThreadX 0.0.2
2023-04-11 10:54:21,911 [INFO] ThirdParty:1030 - CMSIS Pack Vendor :WES I-CUBE-Cesium 1.3.0
2023-04-11 10:54:21,911 [INFO] ThirdParty:1030 - CMSIS Pack Vendor :STMicroelectronics lwIP 2.1.2
2023-04-11 10:54:21,912 [INFO] ThirdParty:1030 - CMSIS Pack Vendor :STMicroelectronics X-CUBE-SFXS2LP1 4.0.0
2023-04-11 10:54:21,912 [INFO] ThirdParty:1030 - CMSIS Pack Vendor :STMicroelectronics X-CUBE-BLE2 3.3.0
2023-04-11 10:54:21,912 [INFO] ThirdParty:1030 - CMSIS Pack Vendor :STMicroelectronics X-CUBE-DISPLAY 2.2.0
2023-04-11 10:54:21,912 [INFO] ThirdParty:1030 - CMSIS Pack Vendor :STMicroelectronics X-CUBE-TOF1 3.2.0
2023-04-11 10:54:21,912 [INFO] ThirdParty:1030 - CMSIS Pack Vendor :STMicroelectronics PDM2PCM 3.2.0
2023-04-11 10:54:21,912 [INFO] ThirdParty:1030 - CMSIS Pack Vendor :STMicroelectronics X-CUBE-AZRTOS-H7 3.0.0
2023-04-11 10:54:21,912 [INFO] ThirdParty:1030 - CMSIS Pack Vendor :STMicroelectronics X-CUBE-ISPU 1.0.0
2023-04-11 10:54:21,912 [INFO] ThirdParty:841 - exiting critical section [change project]
2023-04-11 10:54:22,898 [INFO] PinOutPanel:1499 - setPackage(No Configuration,No Configuration)
2023-04-11 10:54:22,901 [INFO] PinOutPanel:1499 - setPackage(STM32L476RGTx,LQFP64)
2023-04-11 10:54:24,991 [INFO] UtilMem:75 - Before build in PCC Used Memory: 222726912 Bytes (514850816)
2023-04-11 10:54:26,650 [INFO] UtilMem:75 - After build in PCC Used Memory: 239623160 Bytes (514850816)
2023-04-11 10:54:26,713 [INFO] IPUIPlugin:80 - create IPUIPlugin
2023-04-11 10:54:26,714 [INFO] IPUIPlugin:80 - create IPUIPlugin
2023-04-11 10:54:26,715 [INFO] IPUIPlugin:80 - create IPUIPlugin
2023-04-11 10:54:26,716 [INFO] IPUIPlugin:80 - create IPUIPlugin
2023-04-11 10:54:26,716 [INFO] IPUIPlugin:80 - create IPUIPlugin
2023-04-11 10:54:26,716 [INFO] IPUIPlugin:80 - create IPUIPlugin
2023-04-11 10:54:26,716 [INFO] IPUIPlugin:80 - create IPUIPlugin
2023-04-11 10:54:26,717 [INFO] IPUIPlugin:80 - create IPUIPlugin
2023-04-11 10:54:26,717 [INFO] IPUIPlugin:80 - create IPUIPlugin
2023-04-11 10:54:26,717 [INFO] IPUIPlugin:80 - create IPUIPlugin
2023-04-11 10:54:26,717 [INFO] IPUIPlugin:80 - create IPUIPlugin
2023-04-11 10:54:26,718 [INFO] IPUIPlugin:80 - create IPUIPlugin
2023-04-11 10:54:26,718 [INFO] IPUIPlugin:80 - create IPUIPlugin
2023-04-11 10:54:26,718 [INFO] IPUIPlugin:80 - create IPUIPlugin
2023-04-11 10:54:26,718 [INFO] IPUIPlugin:80 - create IPUIPlugin
2023-04-11 10:54:26,718 [INFO] IPUIPlugin:80 - create IPUIPlugin
2023-04-11 10:54:26,719 [INFO] IPUIPlugin:80 - create IPUIPlugin
2023-04-11 10:54:26,719 [INFO] IPUIPlugin:80 - create IPUIPlugin
2023-04-11 10:54:26,720 [INFO] IPUIPlugin:80 - create IPUIPlugin
2023-04-11 10:54:26,720 [INFO] IPUIPlugin:80 - create IPUIPlugin
2023-04-11 10:54:26,721 [INFO] IPUIPlugin:80 - create IPUIPlugin
2023-04-11 10:54:26,721 [INFO] IPUIPlugin:80 - create IPUIPlugin
2023-04-11 10:54:26,721 [INFO] IPUIPlugin:80 - create IPUIPlugin
2023-04-11 10:54:26,722 [INFO] IPUIPlugin:80 - create IPUIPlugin
2023-04-11 10:54:26,722 [INFO] IPUIPlugin:80 - create IPUIPlugin
2023-04-11 10:54:26,722 [INFO] IPUIPlugin:80 - create IPUIPlugin
2023-04-11 10:54:26,723 [INFO] IPUIPlugin:80 - create IPUIPlugin
2023-04-11 10:54:26,723 [INFO] IPUIPlugin:80 - create IPUIPlugin
2023-04-11 10:54:26,724 [INFO] IPUIPlugin:80 - create IPUIPlugin
2023-04-11 10:54:26,724 [INFO] IPUIPlugin:80 - create IPUIPlugin
2023-04-11 10:54:26,724 [INFO] IPUIPlugin:80 - create IPUIPlugin
2023-04-11 10:54:26,725 [INFO] IPUIPlugin:80 - create IPUIPlugin
2023-04-11 10:54:26,725 [INFO] IPUIPlugin:80 - create IPUIPlugin
2023-04-11 10:54:26,726 [INFO] IPUIPlugin:80 - create IPUIPlugin
2023-04-11 10:54:26,726 [INFO] IPUIPlugin:80 - create IPUIPlugin
2023-04-11 10:54:26,727 [INFO] IPUIPlugin:80 - create IPUIPlugin
2023-04-11 10:54:26,727 [INFO] IPUIPlugin:80 - create IPUIPlugin
2023-04-11 10:54:26,727 [INFO] IPUIPlugin:80 - create IPUIPlugin
2023-04-11 10:54:26,728 [INFO] IPUIPlugin:80 - create IPUIPlugin
2023-04-11 10:54:26,728 [INFO] IPUIPlugin:80 - create IPUIPlugin
2023-04-11 10:54:26,729 [INFO] IPUIPlugin:80 - create IPUIPlugin
2023-04-11 10:54:26,729 [INFO] IPUIPlugin:80 - create IPUIPlugin
2023-04-11 10:54:26,730 [INFO] IPUIPlugin:80 - create IPUIPlugin
2023-04-11 10:54:26,730 [INFO] IPUIPlugin:80 - create IPUIPlugin
2023-04-11 10:54:26,731 [INFO] IPUIPlugin:80 - create IPUIPlugin
2023-04-11 10:54:26,732 [INFO] IPUIPlugin:80 - create IPUIPlugin
2023-04-11 10:54:26,733 [INFO] IPUIPlugin:80 - create IPUIPlugin
2023-04-11 10:54:26,734 [INFO] IPUIPlugin:80 - create IPUIPlugin
2023-04-11 10:54:26,734 [INFO] IPUIPlugin:80 - create IPUIPlugin
2023-04-11 10:54:26,735 [INFO] IPUIPlugin:80 - create IPUIPlugin
2023-04-11 10:54:26,736 [INFO] IPUIPlugin:80 - create IPUIPlugin
2023-04-11 10:54:26,736 [INFO] IPUIPlugin:80 - create IPUIPlugin
2023-04-11 10:54:26,737 [INFO] IPUIPlugin:80 - create IPUIPlugin
2023-04-11 10:54:26,738 [INFO] IPUIPlugin:80 - create IPUIPlugin
2023-04-11 10:54:26,739 [INFO] IPUIPlugin:80 - create IPUIPlugin
2023-04-11 10:54:26,740 [INFO] IPUIPlugin:80 - create IPUIPlugin
2023-04-11 10:54:26,741 [INFO] IPUIPlugin:80 - create IPUIPlugin
2023-04-11 10:54:26,742 [INFO] IPUIPlugin:80 - create IPUIPlugin
2023-04-11 10:54:26,743 [INFO] IPUIPlugin:80 - create IPUIPlugin
2023-04-11 10:54:27,197 [INFO] CADModel:165 - CPN selected for project levelSTM32L476RGT3
2023-04-11 10:54:27,197 [INFO] CADModel:114 - Register for checkConnection events
2023-04-11 10:54:27,242 [INFO] OpenFileManager:328 - Restore cursor
